[2025-05-06T00:00:07.040+0000] {processor.py:161} INFO - Started process (PID=53093) to work on /opt/airflow/dags/training_pipeline_dag.py
[2025-05-06T00:00:07.049+0000] {processor.py:830} INFO - Processing file /opt/airflow/dags/training_pipeline_dag.py for tasks to queue
[2025-05-06T00:00:07.063+0000] {logging_mixin.py:188} INFO - [2025-05-06T00:00:07.059+0000] {dagbag.py:538} INFO - Filling up the DagBag from /opt/airflow/dags/training_pipeline_dag.py
[2025-05-06T00:00:11.214+0000] {processor.py:840} INFO - DAG(s) 'training_and_selection' retrieved from /opt/airflow/dags/training_pipeline_dag.py
[2025-05-06T00:00:11.323+0000] {logging_mixin.py:188} INFO - [2025-05-06T00:00:11.322+0000] {dag.py:3036} INFO - Sync 1 DAGs
[2025-05-06T00:00:11.422+0000] {logging_mixin.py:188} INFO - [2025-05-06T00:00:11.421+0000] {dag.py:3823} INFO - Setting next_dagrun for training_and_selection to 2025-05-06 00:00:00+00:00, run_after=2025-05-07 00:00:00+00:00
[2025-05-06T00:00:11.488+0000] {processor.py:183} INFO - Processing /opt/airflow/dags/training_pipeline_dag.py took 4.478 seconds
[2025-05-06T00:00:42.534+0000] {processor.py:161} INFO - Started process (PID=53111) to work on /opt/airflow/dags/training_pipeline_dag.py
[2025-05-06T00:00:42.537+0000] {processor.py:830} INFO - Processing file /opt/airflow/dags/training_pipeline_dag.py for tasks to queue
[2025-05-06T00:00:42.539+0000] {logging_mixin.py:188} INFO - [2025-05-06T00:00:42.538+0000] {dagbag.py:538} INFO - Filling up the DagBag from /opt/airflow/dags/training_pipeline_dag.py
[2025-05-06T00:00:46.571+0000] {processor.py:840} INFO - DAG(s) 'training_and_selection' retrieved from /opt/airflow/dags/training_pipeline_dag.py
[2025-05-06T00:00:46.794+0000] {logging_mixin.py:188} INFO - [2025-05-06T00:00:46.793+0000] {dag.py:3036} INFO - Sync 1 DAGs
[2025-05-06T00:00:46.932+0000] {logging_mixin.py:188} INFO - [2025-05-06T00:00:46.931+0000] {dag.py:3823} INFO - Setting next_dagrun for training_and_selection to 2025-05-06 00:00:00+00:00, run_after=2025-05-07 00:00:00+00:00
[2025-05-06T00:00:47.084+0000] {processor.py:183} INFO - Processing /opt/airflow/dags/training_pipeline_dag.py took 4.562 seconds
[2025-05-06T00:01:17.844+0000] {processor.py:161} INFO - Started process (PID=53162) to work on /opt/airflow/dags/training_pipeline_dag.py
[2025-05-06T00:01:17.849+0000] {processor.py:830} INFO - Processing file /opt/airflow/dags/training_pipeline_dag.py for tasks to queue
[2025-05-06T00:01:17.851+0000] {logging_mixin.py:188} INFO - [2025-05-06T00:01:17.850+0000] {dagbag.py:538} INFO - Filling up the DagBag from /opt/airflow/dags/training_pipeline_dag.py
[2025-05-06T00:01:20.788+0000] {processor.py:840} INFO - DAG(s) 'training_and_selection' retrieved from /opt/airflow/dags/training_pipeline_dag.py
[2025-05-06T00:01:20.877+0000] {logging_mixin.py:188} INFO - [2025-05-06T00:01:20.876+0000] {dag.py:3036} INFO - Sync 1 DAGs
[2025-05-06T00:01:20.918+0000] {logging_mixin.py:188} INFO - [2025-05-06T00:01:20.917+0000] {dag.py:3823} INFO - Setting next_dagrun for training_and_selection to 2025-05-06 00:00:00+00:00, run_after=2025-05-07 00:00:00+00:00
[2025-05-06T00:01:20.950+0000] {processor.py:183} INFO - Processing /opt/airflow/dags/training_pipeline_dag.py took 3.114 seconds
[2025-05-06T00:01:51.283+0000] {processor.py:161} INFO - Started process (PID=53207) to work on /opt/airflow/dags/training_pipeline_dag.py
[2025-05-06T00:01:51.285+0000] {processor.py:830} INFO - Processing file /opt/airflow/dags/training_pipeline_dag.py for tasks to queue
[2025-05-06T00:01:51.293+0000] {logging_mixin.py:188} INFO - [2025-05-06T00:01:51.286+0000] {dagbag.py:538} INFO - Filling up the DagBag from /opt/airflow/dags/training_pipeline_dag.py
[2025-05-06T00:01:53.915+0000] {processor.py:840} INFO - DAG(s) 'training_and_selection' retrieved from /opt/airflow/dags/training_pipeline_dag.py
[2025-05-06T00:01:53.994+0000] {logging_mixin.py:188} INFO - [2025-05-06T00:01:53.992+0000] {dag.py:3036} INFO - Sync 1 DAGs
[2025-05-06T00:01:54.041+0000] {logging_mixin.py:188} INFO - [2025-05-06T00:01:54.041+0000] {dag.py:3823} INFO - Setting next_dagrun for training_and_selection to 2025-05-06 00:00:00+00:00, run_after=2025-05-07 00:00:00+00:00
[2025-05-06T00:01:54.075+0000] {processor.py:183} INFO - Processing /opt/airflow/dags/training_pipeline_dag.py took 2.800 seconds
[2025-05-06T00:02:24.432+0000] {processor.py:161} INFO - Started process (PID=53222) to work on /opt/airflow/dags/training_pipeline_dag.py
[2025-05-06T00:02:24.434+0000] {processor.py:830} INFO - Processing file /opt/airflow/dags/training_pipeline_dag.py for tasks to queue
[2025-05-06T00:02:24.436+0000] {logging_mixin.py:188} INFO - [2025-05-06T00:02:24.435+0000] {dagbag.py:538} INFO - Filling up the DagBag from /opt/airflow/dags/training_pipeline_dag.py
[2025-05-06T00:02:27.014+0000] {processor.py:840} INFO - DAG(s) 'training_and_selection' retrieved from /opt/airflow/dags/training_pipeline_dag.py
[2025-05-06T00:02:27.072+0000] {logging_mixin.py:188} INFO - [2025-05-06T00:02:27.071+0000] {dag.py:3036} INFO - Sync 1 DAGs
[2025-05-06T00:02:27.134+0000] {logging_mixin.py:188} INFO - [2025-05-06T00:02:27.133+0000] {dag.py:3823} INFO - Setting next_dagrun for training_and_selection to 2025-05-06 00:00:00+00:00, run_after=2025-05-07 00:00:00+00:00
[2025-05-06T00:02:27.167+0000] {processor.py:183} INFO - Processing /opt/airflow/dags/training_pipeline_dag.py took 2.744 seconds
[2025-05-06T00:02:57.763+0000] {processor.py:161} INFO - Started process (PID=53237) to work on /opt/airflow/dags/training_pipeline_dag.py
[2025-05-06T00:02:57.766+0000] {processor.py:830} INFO - Processing file /opt/airflow/dags/training_pipeline_dag.py for tasks to queue
[2025-05-06T00:02:57.768+0000] {logging_mixin.py:188} INFO - [2025-05-06T00:02:57.767+0000] {dagbag.py:538} INFO - Filling up the DagBag from /opt/airflow/dags/training_pipeline_dag.py
[2025-05-06T00:03:00.382+0000] {processor.py:840} INFO - DAG(s) 'training_and_selection' retrieved from /opt/airflow/dags/training_pipeline_dag.py
[2025-05-06T00:03:00.466+0000] {logging_mixin.py:188} INFO - [2025-05-06T00:03:00.465+0000] {dag.py:3036} INFO - Sync 1 DAGs
[2025-05-06T00:03:00.524+0000] {logging_mixin.py:188} INFO - [2025-05-06T00:03:00.523+0000] {dag.py:3823} INFO - Setting next_dagrun for training_and_selection to 2025-05-06 00:00:00+00:00, run_after=2025-05-07 00:00:00+00:00
[2025-05-06T00:03:00.571+0000] {processor.py:183} INFO - Processing /opt/airflow/dags/training_pipeline_dag.py took 2.815 seconds
[2025-05-06T00:03:31.148+0000] {processor.py:161} INFO - Started process (PID=53252) to work on /opt/airflow/dags/training_pipeline_dag.py
[2025-05-06T00:03:31.153+0000] {processor.py:830} INFO - Processing file /opt/airflow/dags/training_pipeline_dag.py for tasks to queue
[2025-05-06T00:03:31.155+0000] {logging_mixin.py:188} INFO - [2025-05-06T00:03:31.154+0000] {dagbag.py:538} INFO - Filling up the DagBag from /opt/airflow/dags/training_pipeline_dag.py
[2025-05-06T00:03:33.745+0000] {processor.py:840} INFO - DAG(s) 'training_and_selection' retrieved from /opt/airflow/dags/training_pipeline_dag.py
[2025-05-06T00:03:33.790+0000] {logging_mixin.py:188} INFO - [2025-05-06T00:03:33.787+0000] {dag.py:3036} INFO - Sync 1 DAGs
[2025-05-06T00:03:33.843+0000] {logging_mixin.py:188} INFO - [2025-05-06T00:03:33.842+0000] {dag.py:3823} INFO - Setting next_dagrun for training_and_selection to 2025-05-06 00:00:00+00:00, run_after=2025-05-07 00:00:00+00:00
[2025-05-06T00:03:33.878+0000] {processor.py:183} INFO - Processing /opt/airflow/dags/training_pipeline_dag.py took 2.740 seconds
[2025-05-06T00:04:04.516+0000] {processor.py:161} INFO - Started process (PID=53267) to work on /opt/airflow/dags/training_pipeline_dag.py
[2025-05-06T00:04:04.518+0000] {processor.py:830} INFO - Processing file /opt/airflow/dags/training_pipeline_dag.py for tasks to queue
[2025-05-06T00:04:04.520+0000] {logging_mixin.py:188} INFO - [2025-05-06T00:04:04.519+0000] {dagbag.py:538} INFO - Filling up the DagBag from /opt/airflow/dags/training_pipeline_dag.py
[2025-05-06T00:04:07.019+0000] {processor.py:840} INFO - DAG(s) 'training_and_selection' retrieved from /opt/airflow/dags/training_pipeline_dag.py
[2025-05-06T00:04:07.070+0000] {logging_mixin.py:188} INFO - [2025-05-06T00:04:07.069+0000] {dag.py:3036} INFO - Sync 1 DAGs
[2025-05-06T00:04:07.105+0000] {logging_mixin.py:188} INFO - [2025-05-06T00:04:07.104+0000] {dag.py:3823} INFO - Setting next_dagrun for training_and_selection to 2025-05-06 00:00:00+00:00, run_after=2025-05-07 00:00:00+00:00
[2025-05-06T00:04:07.137+0000] {processor.py:183} INFO - Processing /opt/airflow/dags/training_pipeline_dag.py took 2.629 seconds
[2025-05-06T00:04:37.866+0000] {processor.py:161} INFO - Started process (PID=53282) to work on /opt/airflow/dags/training_pipeline_dag.py
[2025-05-06T00:04:37.869+0000] {processor.py:830} INFO - Processing file /opt/airflow/dags/training_pipeline_dag.py for tasks to queue
[2025-05-06T00:04:37.873+0000] {logging_mixin.py:188} INFO - [2025-05-06T00:04:37.871+0000] {dagbag.py:538} INFO - Filling up the DagBag from /opt/airflow/dags/training_pipeline_dag.py
[2025-05-06T00:04:40.488+0000] {processor.py:840} INFO - DAG(s) 'training_and_selection' retrieved from /opt/airflow/dags/training_pipeline_dag.py
[2025-05-06T00:04:40.561+0000] {logging_mixin.py:188} INFO - [2025-05-06T00:04:40.560+0000] {dag.py:3036} INFO - Sync 1 DAGs
[2025-05-06T00:04:40.603+0000] {logging_mixin.py:188} INFO - [2025-05-06T00:04:40.602+0000] {dag.py:3823} INFO - Setting next_dagrun for training_and_selection to 2025-05-06 00:00:00+00:00, run_after=2025-05-07 00:00:00+00:00
[2025-05-06T00:04:40.639+0000] {processor.py:183} INFO - Processing /opt/airflow/dags/training_pipeline_dag.py took 2.781 seconds
[2025-05-06T00:05:11.044+0000] {processor.py:161} INFO - Started process (PID=53297) to work on /opt/airflow/dags/training_pipeline_dag.py
[2025-05-06T00:05:11.046+0000] {processor.py:830} INFO - Processing file /opt/airflow/dags/training_pipeline_dag.py for tasks to queue
[2025-05-06T00:05:11.049+0000] {logging_mixin.py:188} INFO - [2025-05-06T00:05:11.048+0000] {dagbag.py:538} INFO - Filling up the DagBag from /opt/airflow/dags/training_pipeline_dag.py
[2025-05-06T00:05:13.615+0000] {processor.py:840} INFO - DAG(s) 'training_and_selection' retrieved from /opt/airflow/dags/training_pipeline_dag.py
[2025-05-06T00:05:13.669+0000] {logging_mixin.py:188} INFO - [2025-05-06T00:05:13.668+0000] {dag.py:3036} INFO - Sync 1 DAGs
[2025-05-06T00:05:13.711+0000] {logging_mixin.py:188} INFO - [2025-05-06T00:05:13.711+0000] {dag.py:3823} INFO - Setting next_dagrun for training_and_selection to 2025-05-06 00:00:00+00:00, run_after=2025-05-07 00:00:00+00:00
[2025-05-06T00:05:13.746+0000] {processor.py:183} INFO - Processing /opt/airflow/dags/training_pipeline_dag.py took 2.711 seconds
[2025-05-06T00:05:44.138+0000] {processor.py:161} INFO - Started process (PID=53312) to work on /opt/airflow/dags/training_pipeline_dag.py
[2025-05-06T00:05:44.141+0000] {processor.py:830} INFO - Processing file /opt/airflow/dags/training_pipeline_dag.py for tasks to queue
[2025-05-06T00:05:44.143+0000] {logging_mixin.py:188} INFO - [2025-05-06T00:05:44.142+0000] {dagbag.py:538} INFO - Filling up the DagBag from /opt/airflow/dags/training_pipeline_dag.py
[2025-05-06T00:05:46.542+0000] {processor.py:840} INFO - DAG(s) 'training_and_selection' retrieved from /opt/airflow/dags/training_pipeline_dag.py
[2025-05-06T00:05:46.598+0000] {logging_mixin.py:188} INFO - [2025-05-06T00:05:46.597+0000] {dag.py:3036} INFO - Sync 1 DAGs
[2025-05-06T00:05:46.640+0000] {logging_mixin.py:188} INFO - [2025-05-06T00:05:46.639+0000] {dag.py:3823} INFO - Setting next_dagrun for training_and_selection to 2025-05-06 00:00:00+00:00, run_after=2025-05-07 00:00:00+00:00
[2025-05-06T00:05:46.679+0000] {processor.py:183} INFO - Processing /opt/airflow/dags/training_pipeline_dag.py took 2.550 seconds
[2025-05-06T00:06:17.137+0000] {processor.py:161} INFO - Started process (PID=53327) to work on /opt/airflow/dags/training_pipeline_dag.py
[2025-05-06T00:06:17.140+0000] {processor.py:830} INFO - Processing file /opt/airflow/dags/training_pipeline_dag.py for tasks to queue
[2025-05-06T00:06:17.142+0000] {logging_mixin.py:188} INFO - [2025-05-06T00:06:17.142+0000] {dagbag.py:538} INFO - Filling up the DagBag from /opt/airflow/dags/training_pipeline_dag.py
[2025-05-06T00:06:20.380+0000] {processor.py:840} INFO - DAG(s) 'training_and_selection' retrieved from /opt/airflow/dags/training_pipeline_dag.py
[2025-05-06T00:06:20.433+0000] {logging_mixin.py:188} INFO - [2025-05-06T00:06:20.432+0000] {dag.py:3036} INFO - Sync 1 DAGs
[2025-05-06T00:06:20.479+0000] {logging_mixin.py:188} INFO - [2025-05-06T00:06:20.478+0000] {dag.py:3823} INFO - Setting next_dagrun for training_and_selection to 2025-05-06 00:00:00+00:00, run_after=2025-05-07 00:00:00+00:00
[2025-05-06T00:06:20.520+0000] {processor.py:183} INFO - Processing /opt/airflow/dags/training_pipeline_dag.py took 3.392 seconds
[2025-05-06T00:06:50.767+0000] {processor.py:161} INFO - Started process (PID=53342) to work on /opt/airflow/dags/training_pipeline_dag.py
[2025-05-06T00:06:50.771+0000] {processor.py:830} INFO - Processing file /opt/airflow/dags/training_pipeline_dag.py for tasks to queue
[2025-05-06T00:06:50.776+0000] {logging_mixin.py:188} INFO - [2025-05-06T00:06:50.775+0000] {dagbag.py:538} INFO - Filling up the DagBag from /opt/airflow/dags/training_pipeline_dag.py
[2025-05-06T00:06:54.008+0000] {processor.py:840} INFO - DAG(s) 'training_and_selection' retrieved from /opt/airflow/dags/training_pipeline_dag.py
[2025-05-06T00:06:54.062+0000] {logging_mixin.py:188} INFO - [2025-05-06T00:06:54.061+0000] {dag.py:3036} INFO - Sync 1 DAGs
[2025-05-06T00:06:54.104+0000] {logging_mixin.py:188} INFO - [2025-05-06T00:06:54.103+0000] {dag.py:3823} INFO - Setting next_dagrun for training_and_selection to 2025-05-06 00:00:00+00:00, run_after=2025-05-07 00:00:00+00:00
[2025-05-06T00:06:54.139+0000] {processor.py:183} INFO - Processing /opt/airflow/dags/training_pipeline_dag.py took 3.382 seconds
[2025-05-06T00:07:24.540+0000] {processor.py:161} INFO - Started process (PID=53363) to work on /opt/airflow/dags/training_pipeline_dag.py
[2025-05-06T00:07:24.542+0000] {processor.py:830} INFO - Processing file /opt/airflow/dags/training_pipeline_dag.py for tasks to queue
[2025-05-06T00:07:24.544+0000] {logging_mixin.py:188} INFO - [2025-05-06T00:07:24.543+0000] {dagbag.py:538} INFO - Filling up the DagBag from /opt/airflow/dags/training_pipeline_dag.py
[2025-05-06T00:07:27.189+0000] {processor.py:840} INFO - DAG(s) 'training_and_selection' retrieved from /opt/airflow/dags/training_pipeline_dag.py
[2025-05-06T00:07:27.263+0000] {logging_mixin.py:188} INFO - [2025-05-06T00:07:27.262+0000] {dag.py:3036} INFO - Sync 1 DAGs
[2025-05-06T00:07:27.318+0000] {logging_mixin.py:188} INFO - [2025-05-06T00:07:27.317+0000] {dag.py:3823} INFO - Setting next_dagrun for training_and_selection to 2025-05-06 00:00:00+00:00, run_after=2025-05-07 00:00:00+00:00
[2025-05-06T00:07:27.370+0000] {processor.py:183} INFO - Processing /opt/airflow/dags/training_pipeline_dag.py took 2.839 seconds
[2025-05-06T00:07:57.781+0000] {processor.py:161} INFO - Started process (PID=53378) to work on /opt/airflow/dags/training_pipeline_dag.py
[2025-05-06T00:07:57.783+0000] {processor.py:830} INFO - Processing file /opt/airflow/dags/training_pipeline_dag.py for tasks to queue
[2025-05-06T00:07:57.785+0000] {logging_mixin.py:188} INFO - [2025-05-06T00:07:57.784+0000] {dagbag.py:538} INFO - Filling up the DagBag from /opt/airflow/dags/training_pipeline_dag.py
[2025-05-06T00:08:00.680+0000] {processor.py:840} INFO - DAG(s) 'training_and_selection' retrieved from /opt/airflow/dags/training_pipeline_dag.py
[2025-05-06T00:08:00.741+0000] {logging_mixin.py:188} INFO - [2025-05-06T00:08:00.739+0000] {dag.py:3036} INFO - Sync 1 DAGs
[2025-05-06T00:08:00.777+0000] {logging_mixin.py:188} INFO - [2025-05-06T00:08:00.776+0000] {dag.py:3823} INFO - Setting next_dagrun for training_and_selection to 2025-05-06 00:00:00+00:00, run_after=2025-05-07 00:00:00+00:00
[2025-05-06T00:08:00.810+0000] {processor.py:183} INFO - Processing /opt/airflow/dags/training_pipeline_dag.py took 3.042 seconds
[2025-05-06T00:08:31.234+0000] {processor.py:161} INFO - Started process (PID=53393) to work on /opt/airflow/dags/training_pipeline_dag.py
[2025-05-06T00:08:31.237+0000] {processor.py:830} INFO - Processing file /opt/airflow/dags/training_pipeline_dag.py for tasks to queue
[2025-05-06T00:08:31.239+0000] {logging_mixin.py:188} INFO - [2025-05-06T00:08:31.239+0000] {dagbag.py:538} INFO - Filling up the DagBag from /opt/airflow/dags/training_pipeline_dag.py
[2025-05-06T00:08:33.972+0000] {processor.py:840} INFO - DAG(s) 'training_and_selection' retrieved from /opt/airflow/dags/training_pipeline_dag.py
[2025-05-06T00:08:34.026+0000] {logging_mixin.py:188} INFO - [2025-05-06T00:08:34.025+0000] {dag.py:3036} INFO - Sync 1 DAGs
[2025-05-06T00:08:34.076+0000] {logging_mixin.py:188} INFO - [2025-05-06T00:08:34.076+0000] {dag.py:3823} INFO - Setting next_dagrun for training_and_selection to 2025-05-06 00:00:00+00:00, run_after=2025-05-07 00:00:00+00:00
[2025-05-06T00:08:34.112+0000] {processor.py:183} INFO - Processing /opt/airflow/dags/training_pipeline_dag.py took 2.888 seconds
[2025-05-06T00:09:04.620+0000] {processor.py:161} INFO - Started process (PID=53408) to work on /opt/airflow/dags/training_pipeline_dag.py
[2025-05-06T00:09:04.623+0000] {processor.py:830} INFO - Processing file /opt/airflow/dags/training_pipeline_dag.py for tasks to queue
[2025-05-06T00:09:04.628+0000] {logging_mixin.py:188} INFO - [2025-05-06T00:09:04.626+0000] {dagbag.py:538} INFO - Filling up the DagBag from /opt/airflow/dags/training_pipeline_dag.py
[2025-05-06T00:09:07.349+0000] {processor.py:840} INFO - DAG(s) 'training_and_selection' retrieved from /opt/airflow/dags/training_pipeline_dag.py
[2025-05-06T00:09:07.404+0000] {logging_mixin.py:188} INFO - [2025-05-06T00:09:07.403+0000] {dag.py:3036} INFO - Sync 1 DAGs
[2025-05-06T00:09:07.439+0000] {logging_mixin.py:188} INFO - [2025-05-06T00:09:07.439+0000] {dag.py:3823} INFO - Setting next_dagrun for training_and_selection to 2025-05-06 00:00:00+00:00, run_after=2025-05-07 00:00:00+00:00
[2025-05-06T00:09:07.468+0000] {processor.py:183} INFO - Processing /opt/airflow/dags/training_pipeline_dag.py took 2.860 seconds
[2025-05-06T00:09:37.872+0000] {processor.py:161} INFO - Started process (PID=53423) to work on /opt/airflow/dags/training_pipeline_dag.py
[2025-05-06T00:09:37.874+0000] {processor.py:830} INFO - Processing file /opt/airflow/dags/training_pipeline_dag.py for tasks to queue
[2025-05-06T00:09:37.877+0000] {logging_mixin.py:188} INFO - [2025-05-06T00:09:37.876+0000] {dagbag.py:538} INFO - Filling up the DagBag from /opt/airflow/dags/training_pipeline_dag.py
[2025-05-06T00:09:40.592+0000] {processor.py:840} INFO - DAG(s) 'training_and_selection' retrieved from /opt/airflow/dags/training_pipeline_dag.py
[2025-05-06T00:09:40.646+0000] {logging_mixin.py:188} INFO - [2025-05-06T00:09:40.645+0000] {dag.py:3036} INFO - Sync 1 DAGs
[2025-05-06T00:09:40.687+0000] {logging_mixin.py:188} INFO - [2025-05-06T00:09:40.686+0000] {dag.py:3823} INFO - Setting next_dagrun for training_and_selection to 2025-05-06 00:00:00+00:00, run_after=2025-05-07 00:00:00+00:00
[2025-05-06T00:09:40.721+0000] {processor.py:183} INFO - Processing /opt/airflow/dags/training_pipeline_dag.py took 2.860 seconds
[2025-05-06T00:10:11.077+0000] {processor.py:161} INFO - Started process (PID=53438) to work on /opt/airflow/dags/training_pipeline_dag.py
[2025-05-06T00:10:11.080+0000] {processor.py:830} INFO - Processing file /opt/airflow/dags/training_pipeline_dag.py for tasks to queue
[2025-05-06T00:10:11.082+0000] {logging_mixin.py:188} INFO - [2025-05-06T00:10:11.081+0000] {dagbag.py:538} INFO - Filling up the DagBag from /opt/airflow/dags/training_pipeline_dag.py
[2025-05-06T00:10:13.777+0000] {processor.py:840} INFO - DAG(s) 'training_and_selection' retrieved from /opt/airflow/dags/training_pipeline_dag.py
[2025-05-06T00:10:13.824+0000] {logging_mixin.py:188} INFO - [2025-05-06T00:10:13.823+0000] {dag.py:3036} INFO - Sync 1 DAGs
[2025-05-06T00:10:13.870+0000] {logging_mixin.py:188} INFO - [2025-05-06T00:10:13.869+0000] {dag.py:3823} INFO - Setting next_dagrun for training_and_selection to 2025-05-06 00:00:00+00:00, run_after=2025-05-07 00:00:00+00:00
[2025-05-06T00:10:13.900+0000] {processor.py:183} INFO - Processing /opt/airflow/dags/training_pipeline_dag.py took 2.833 seconds
[2025-05-06T00:10:44.319+0000] {processor.py:161} INFO - Started process (PID=53453) to work on /opt/airflow/dags/training_pipeline_dag.py
[2025-05-06T00:10:44.322+0000] {processor.py:830} INFO - Processing file /opt/airflow/dags/training_pipeline_dag.py for tasks to queue
[2025-05-06T00:10:44.324+0000] {logging_mixin.py:188} INFO - [2025-05-06T00:10:44.324+0000] {dagbag.py:538} INFO - Filling up the DagBag from /opt/airflow/dags/training_pipeline_dag.py
[2025-05-06T00:10:47.195+0000] {processor.py:840} INFO - DAG(s) 'training_and_selection' retrieved from /opt/airflow/dags/training_pipeline_dag.py
[2025-05-06T00:10:47.263+0000] {logging_mixin.py:188} INFO - [2025-05-06T00:10:47.261+0000] {dag.py:3036} INFO - Sync 1 DAGs
[2025-05-06T00:10:47.311+0000] {logging_mixin.py:188} INFO - [2025-05-06T00:10:47.310+0000] {dag.py:3823} INFO - Setting next_dagrun for training_and_selection to 2025-05-06 00:00:00+00:00, run_after=2025-05-07 00:00:00+00:00
[2025-05-06T00:10:47.354+0000] {processor.py:183} INFO - Processing /opt/airflow/dags/training_pipeline_dag.py took 3.048 seconds
[2025-05-06T00:11:17.769+0000] {processor.py:161} INFO - Started process (PID=53468) to work on /opt/airflow/dags/training_pipeline_dag.py
[2025-05-06T00:11:17.771+0000] {processor.py:830} INFO - Processing file /opt/airflow/dags/training_pipeline_dag.py for tasks to queue
[2025-05-06T00:11:17.774+0000] {logging_mixin.py:188} INFO - [2025-05-06T00:11:17.773+0000] {dagbag.py:538} INFO - Filling up the DagBag from /opt/airflow/dags/training_pipeline_dag.py
[2025-05-06T00:11:20.622+0000] {processor.py:840} INFO - DAG(s) 'training_and_selection' retrieved from /opt/airflow/dags/training_pipeline_dag.py
[2025-05-06T00:11:20.680+0000] {logging_mixin.py:188} INFO - [2025-05-06T00:11:20.679+0000] {dag.py:3036} INFO - Sync 1 DAGs
[2025-05-06T00:11:20.739+0000] {logging_mixin.py:188} INFO - [2025-05-06T00:11:20.738+0000] {dag.py:3823} INFO - Setting next_dagrun for training_and_selection to 2025-05-06 00:00:00+00:00, run_after=2025-05-07 00:00:00+00:00
[2025-05-06T00:11:20.778+0000] {processor.py:183} INFO - Processing /opt/airflow/dags/training_pipeline_dag.py took 3.019 seconds
[2025-05-06T00:11:51.185+0000] {processor.py:161} INFO - Started process (PID=53483) to work on /opt/airflow/dags/training_pipeline_dag.py
[2025-05-06T00:11:51.188+0000] {processor.py:830} INFO - Processing file /opt/airflow/dags/training_pipeline_dag.py for tasks to queue
[2025-05-06T00:11:51.190+0000] {logging_mixin.py:188} INFO - [2025-05-06T00:11:51.190+0000] {dagbag.py:538} INFO - Filling up the DagBag from /opt/airflow/dags/training_pipeline_dag.py
[2025-05-06T00:11:53.876+0000] {processor.py:840} INFO - DAG(s) 'training_and_selection' retrieved from /opt/airflow/dags/training_pipeline_dag.py
[2025-05-06T00:11:53.942+0000] {logging_mixin.py:188} INFO - [2025-05-06T00:11:53.941+0000] {dag.py:3036} INFO - Sync 1 DAGs
[2025-05-06T00:11:53.982+0000] {logging_mixin.py:188} INFO - [2025-05-06T00:11:53.981+0000] {dag.py:3823} INFO - Setting next_dagrun for training_and_selection to 2025-05-06 00:00:00+00:00, run_after=2025-05-07 00:00:00+00:00
[2025-05-06T00:11:54.017+0000] {processor.py:183} INFO - Processing /opt/airflow/dags/training_pipeline_dag.py took 2.844 seconds
[2025-05-06T00:12:24.430+0000] {processor.py:161} INFO - Started process (PID=53498) to work on /opt/airflow/dags/training_pipeline_dag.py
[2025-05-06T00:12:24.434+0000] {processor.py:830} INFO - Processing file /opt/airflow/dags/training_pipeline_dag.py for tasks to queue
[2025-05-06T00:12:24.437+0000] {logging_mixin.py:188} INFO - [2025-05-06T00:12:24.435+0000] {dagbag.py:538} INFO - Filling up the DagBag from /opt/airflow/dags/training_pipeline_dag.py
[2025-05-06T00:12:27.168+0000] {processor.py:840} INFO - DAG(s) 'training_and_selection' retrieved from /opt/airflow/dags/training_pipeline_dag.py
[2025-05-06T00:12:27.281+0000] {logging_mixin.py:188} INFO - [2025-05-06T00:12:27.279+0000] {dag.py:3036} INFO - Sync 1 DAGs
[2025-05-06T00:12:27.348+0000] {logging_mixin.py:188} INFO - [2025-05-06T00:12:27.348+0000] {dag.py:3823} INFO - Setting next_dagrun for training_and_selection to 2025-05-06 00:00:00+00:00, run_after=2025-05-07 00:00:00+00:00
[2025-05-06T00:12:27.392+0000] {processor.py:183} INFO - Processing /opt/airflow/dags/training_pipeline_dag.py took 2.972 seconds
[2025-05-06T00:12:57.825+0000] {processor.py:161} INFO - Started process (PID=53513) to work on /opt/airflow/dags/training_pipeline_dag.py
[2025-05-06T00:12:57.827+0000] {processor.py:830} INFO - Processing file /opt/airflow/dags/training_pipeline_dag.py for tasks to queue
[2025-05-06T00:12:57.829+0000] {logging_mixin.py:188} INFO - [2025-05-06T00:12:57.828+0000] {dagbag.py:538} INFO - Filling up the DagBag from /opt/airflow/dags/training_pipeline_dag.py
[2025-05-06T00:13:00.509+0000] {processor.py:840} INFO - DAG(s) 'training_and_selection' retrieved from /opt/airflow/dags/training_pipeline_dag.py
[2025-05-06T00:13:00.575+0000] {logging_mixin.py:188} INFO - [2025-05-06T00:13:00.574+0000] {dag.py:3036} INFO - Sync 1 DAGs
[2025-05-06T00:13:00.619+0000] {logging_mixin.py:188} INFO - [2025-05-06T00:13:00.618+0000] {dag.py:3823} INFO - Setting next_dagrun for training_and_selection to 2025-05-06 00:00:00+00:00, run_after=2025-05-07 00:00:00+00:00
[2025-05-06T00:13:00.663+0000] {processor.py:183} INFO - Processing /opt/airflow/dags/training_pipeline_dag.py took 2.847 seconds
[2025-05-06T00:13:31.406+0000] {processor.py:161} INFO - Started process (PID=53528) to work on /opt/airflow/dags/training_pipeline_dag.py
[2025-05-06T00:13:31.417+0000] {processor.py:830} INFO - Processing file /opt/airflow/dags/training_pipeline_dag.py for tasks to queue
[2025-05-06T00:13:31.420+0000] {logging_mixin.py:188} INFO - [2025-05-06T00:13:31.419+0000] {dagbag.py:538} INFO - Filling up the DagBag from /opt/airflow/dags/training_pipeline_dag.py
[2025-05-06T00:13:34.126+0000] {processor.py:840} INFO - DAG(s) 'training_and_selection' retrieved from /opt/airflow/dags/training_pipeline_dag.py
[2025-05-06T00:13:34.176+0000] {logging_mixin.py:188} INFO - [2025-05-06T00:13:34.175+0000] {dag.py:3036} INFO - Sync 1 DAGs
[2025-05-06T00:13:34.221+0000] {logging_mixin.py:188} INFO - [2025-05-06T00:13:34.220+0000] {dag.py:3823} INFO - Setting next_dagrun for training_and_selection to 2025-05-06 00:00:00+00:00, run_after=2025-05-07 00:00:00+00:00
[2025-05-06T00:13:34.259+0000] {processor.py:183} INFO - Processing /opt/airflow/dags/training_pipeline_dag.py took 2.869 seconds
[2025-05-06T00:14:04.685+0000] {processor.py:161} INFO - Started process (PID=53543) to work on /opt/airflow/dags/training_pipeline_dag.py
[2025-05-06T00:14:04.691+0000] {processor.py:830} INFO - Processing file /opt/airflow/dags/training_pipeline_dag.py for tasks to queue
[2025-05-06T00:14:04.694+0000] {logging_mixin.py:188} INFO - [2025-05-06T00:14:04.693+0000] {dagbag.py:538} INFO - Filling up the DagBag from /opt/airflow/dags/training_pipeline_dag.py
[2025-05-06T00:14:07.567+0000] {processor.py:840} INFO - DAG(s) 'training_and_selection' retrieved from /opt/airflow/dags/training_pipeline_dag.py
[2025-05-06T00:14:07.664+0000] {logging_mixin.py:188} INFO - [2025-05-06T00:14:07.663+0000] {dag.py:3036} INFO - Sync 1 DAGs
[2025-05-06T00:14:07.732+0000] {logging_mixin.py:188} INFO - [2025-05-06T00:14:07.732+0000] {dag.py:3823} INFO - Setting next_dagrun for training_and_selection to 2025-05-06 00:00:00+00:00, run_after=2025-05-07 00:00:00+00:00
[2025-05-06T00:14:07.788+0000] {processor.py:183} INFO - Processing /opt/airflow/dags/training_pipeline_dag.py took 3.113 seconds
[2025-05-06T00:14:38.196+0000] {processor.py:161} INFO - Started process (PID=53558) to work on /opt/airflow/dags/training_pipeline_dag.py
[2025-05-06T00:14:38.198+0000] {processor.py:830} INFO - Processing file /opt/airflow/dags/training_pipeline_dag.py for tasks to queue
[2025-05-06T00:14:38.200+0000] {logging_mixin.py:188} INFO - [2025-05-06T00:14:38.200+0000] {dagbag.py:538} INFO - Filling up the DagBag from /opt/airflow/dags/training_pipeline_dag.py
[2025-05-06T00:14:40.887+0000] {processor.py:840} INFO - DAG(s) 'training_and_selection' retrieved from /opt/airflow/dags/training_pipeline_dag.py
[2025-05-06T00:14:40.951+0000] {logging_mixin.py:188} INFO - [2025-05-06T00:14:40.950+0000] {dag.py:3036} INFO - Sync 1 DAGs
[2025-05-06T00:14:40.997+0000] {logging_mixin.py:188} INFO - [2025-05-06T00:14:40.997+0000] {dag.py:3823} INFO - Setting next_dagrun for training_and_selection to 2025-05-06 00:00:00+00:00, run_after=2025-05-07 00:00:00+00:00
[2025-05-06T00:14:41.031+0000] {processor.py:183} INFO - Processing /opt/airflow/dags/training_pipeline_dag.py took 2.847 seconds
[2025-05-06T00:15:11.603+0000] {processor.py:161} INFO - Started process (PID=53573) to work on /opt/airflow/dags/training_pipeline_dag.py
[2025-05-06T00:15:11.606+0000] {processor.py:830} INFO - Processing file /opt/airflow/dags/training_pipeline_dag.py for tasks to queue
[2025-05-06T00:15:11.607+0000] {logging_mixin.py:188} INFO - [2025-05-06T00:15:11.607+0000] {dagbag.py:538} INFO - Filling up the DagBag from /opt/airflow/dags/training_pipeline_dag.py
[2025-05-06T00:15:14.315+0000] {processor.py:840} INFO - DAG(s) 'training_and_selection' retrieved from /opt/airflow/dags/training_pipeline_dag.py
[2025-05-06T00:15:14.375+0000] {logging_mixin.py:188} INFO - [2025-05-06T00:15:14.374+0000] {dag.py:3036} INFO - Sync 1 DAGs
[2025-05-06T00:15:14.414+0000] {logging_mixin.py:188} INFO - [2025-05-06T00:15:14.413+0000] {dag.py:3823} INFO - Setting next_dagrun for training_and_selection to 2025-05-06 00:00:00+00:00, run_after=2025-05-07 00:00:00+00:00
[2025-05-06T00:15:14.443+0000] {processor.py:183} INFO - Processing /opt/airflow/dags/training_pipeline_dag.py took 2.851 seconds
[2025-05-06T00:15:45.043+0000] {processor.py:161} INFO - Started process (PID=53588) to work on /opt/airflow/dags/training_pipeline_dag.py
[2025-05-06T00:15:45.046+0000] {processor.py:830} INFO - Processing file /opt/airflow/dags/training_pipeline_dag.py for tasks to queue
[2025-05-06T00:15:45.048+0000] {logging_mixin.py:188} INFO - [2025-05-06T00:15:45.048+0000] {dagbag.py:538} INFO - Filling up the DagBag from /opt/airflow/dags/training_pipeline_dag.py
[2025-05-06T00:15:48.413+0000] {processor.py:840} INFO - DAG(s) 'training_and_selection' retrieved from /opt/airflow/dags/training_pipeline_dag.py
[2025-05-06T00:15:48.484+0000] {logging_mixin.py:188} INFO - [2025-05-06T00:15:48.483+0000] {dag.py:3036} INFO - Sync 1 DAGs
[2025-05-06T00:15:48.561+0000] {logging_mixin.py:188} INFO - [2025-05-06T00:15:48.560+0000] {dag.py:3823} INFO - Setting next_dagrun for training_and_selection to 2025-05-06 00:00:00+00:00, run_after=2025-05-07 00:00:00+00:00
[2025-05-06T00:15:48.620+0000] {processor.py:183} INFO - Processing /opt/airflow/dags/training_pipeline_dag.py took 3.587 seconds
[2025-05-06T00:16:18.922+0000] {processor.py:161} INFO - Started process (PID=53607) to work on /opt/airflow/dags/training_pipeline_dag.py
[2025-05-06T00:16:18.926+0000] {processor.py:830} INFO - Processing file /opt/airflow/dags/training_pipeline_dag.py for tasks to queue
[2025-05-06T00:16:18.929+0000] {logging_mixin.py:188} INFO - [2025-05-06T00:16:18.928+0000] {dagbag.py:538} INFO - Filling up the DagBag from /opt/airflow/dags/training_pipeline_dag.py
[2025-05-06T00:16:22.278+0000] {processor.py:840} INFO - DAG(s) 'training_and_selection' retrieved from /opt/airflow/dags/training_pipeline_dag.py
[2025-05-06T00:16:22.332+0000] {logging_mixin.py:188} INFO - [2025-05-06T00:16:22.329+0000] {dag.py:3036} INFO - Sync 1 DAGs
[2025-05-06T00:16:22.368+0000] {logging_mixin.py:188} INFO - [2025-05-06T00:16:22.367+0000] {dag.py:3823} INFO - Setting next_dagrun for training_and_selection to 2025-05-06 00:00:00+00:00, run_after=2025-05-07 00:00:00+00:00
[2025-05-06T00:16:22.397+0000] {processor.py:183} INFO - Processing /opt/airflow/dags/training_pipeline_dag.py took 3.488 seconds
[2025-05-06T00:16:52.593+0000] {processor.py:161} INFO - Started process (PID=53624) to work on /opt/airflow/dags/training_pipeline_dag.py
[2025-05-06T00:16:52.595+0000] {processor.py:830} INFO - Processing file /opt/airflow/dags/training_pipeline_dag.py for tasks to queue
[2025-05-06T00:16:52.598+0000] {logging_mixin.py:188} INFO - [2025-05-06T00:16:52.598+0000] {dagbag.py:538} INFO - Filling up the DagBag from /opt/airflow/dags/training_pipeline_dag.py
[2025-05-06T00:16:55.170+0000] {processor.py:840} INFO - DAG(s) 'training_and_selection' retrieved from /opt/airflow/dags/training_pipeline_dag.py
[2025-05-06T00:16:55.223+0000] {logging_mixin.py:188} INFO - [2025-05-06T00:16:55.222+0000] {dag.py:3036} INFO - Sync 1 DAGs
[2025-05-06T00:16:55.261+0000] {logging_mixin.py:188} INFO - [2025-05-06T00:16:55.260+0000] {dag.py:3823} INFO - Setting next_dagrun for training_and_selection to 2025-05-06 00:00:00+00:00, run_after=2025-05-07 00:00:00+00:00
[2025-05-06T00:16:55.333+0000] {processor.py:183} INFO - Processing /opt/airflow/dags/training_pipeline_dag.py took 2.750 seconds
[2025-05-06T00:17:25.726+0000] {processor.py:161} INFO - Started process (PID=53639) to work on /opt/airflow/dags/training_pipeline_dag.py
[2025-05-06T00:17:25.728+0000] {processor.py:830} INFO - Processing file /opt/airflow/dags/training_pipeline_dag.py for tasks to queue
[2025-05-06T00:17:25.730+0000] {logging_mixin.py:188} INFO - [2025-05-06T00:17:25.729+0000] {dagbag.py:538} INFO - Filling up the DagBag from /opt/airflow/dags/training_pipeline_dag.py
[2025-05-06T00:17:28.242+0000] {processor.py:840} INFO - DAG(s) 'training_and_selection' retrieved from /opt/airflow/dags/training_pipeline_dag.py
[2025-05-06T00:17:28.287+0000] {logging_mixin.py:188} INFO - [2025-05-06T00:17:28.286+0000] {dag.py:3036} INFO - Sync 1 DAGs
[2025-05-06T00:17:28.321+0000] {logging_mixin.py:188} INFO - [2025-05-06T00:17:28.320+0000] {dag.py:3823} INFO - Setting next_dagrun for training_and_selection to 2025-05-06 00:00:00+00:00, run_after=2025-05-07 00:00:00+00:00
[2025-05-06T00:17:28.347+0000] {processor.py:183} INFO - Processing /opt/airflow/dags/training_pipeline_dag.py took 2.630 seconds
[2025-05-06T00:17:59.129+0000] {processor.py:161} INFO - Started process (PID=53654) to work on /opt/airflow/dags/training_pipeline_dag.py
[2025-05-06T00:17:59.132+0000] {processor.py:830} INFO - Processing file /opt/airflow/dags/training_pipeline_dag.py for tasks to queue
[2025-05-06T00:17:59.134+0000] {logging_mixin.py:188} INFO - [2025-05-06T00:17:59.133+0000] {dagbag.py:538} INFO - Filling up the DagBag from /opt/airflow/dags/training_pipeline_dag.py
[2025-05-06T00:18:01.531+0000] {processor.py:840} INFO - DAG(s) 'training_and_selection' retrieved from /opt/airflow/dags/training_pipeline_dag.py
[2025-05-06T00:18:01.593+0000] {logging_mixin.py:188} INFO - [2025-05-06T00:18:01.592+0000] {dag.py:3036} INFO - Sync 1 DAGs
[2025-05-06T00:18:01.652+0000] {logging_mixin.py:188} INFO - [2025-05-06T00:18:01.651+0000] {dag.py:3823} INFO - Setting next_dagrun for training_and_selection to 2025-05-06 00:00:00+00:00, run_after=2025-05-07 00:00:00+00:00
[2025-05-06T00:18:01.681+0000] {processor.py:183} INFO - Processing /opt/airflow/dags/training_pipeline_dag.py took 2.560 seconds
[2025-05-06T00:18:32.006+0000] {processor.py:161} INFO - Started process (PID=53669) to work on /opt/airflow/dags/training_pipeline_dag.py
[2025-05-06T00:18:32.009+0000] {processor.py:830} INFO - Processing file /opt/airflow/dags/training_pipeline_dag.py for tasks to queue
[2025-05-06T00:18:32.011+0000] {logging_mixin.py:188} INFO - [2025-05-06T00:18:32.010+0000] {dagbag.py:538} INFO - Filling up the DagBag from /opt/airflow/dags/training_pipeline_dag.py
[2025-05-06T00:18:34.504+0000] {processor.py:840} INFO - DAG(s) 'training_and_selection' retrieved from /opt/airflow/dags/training_pipeline_dag.py
[2025-05-06T00:18:34.593+0000] {logging_mixin.py:188} INFO - [2025-05-06T00:18:34.590+0000] {dag.py:3036} INFO - Sync 1 DAGs
[2025-05-06T00:18:34.637+0000] {logging_mixin.py:188} INFO - [2025-05-06T00:18:34.636+0000] {dag.py:3823} INFO - Setting next_dagrun for training_and_selection to 2025-05-06 00:00:00+00:00, run_after=2025-05-07 00:00:00+00:00
[2025-05-06T00:18:34.670+0000] {processor.py:183} INFO - Processing /opt/airflow/dags/training_pipeline_dag.py took 2.673 seconds
[2025-05-06T00:19:05.063+0000] {processor.py:161} INFO - Started process (PID=53684) to work on /opt/airflow/dags/training_pipeline_dag.py
[2025-05-06T00:19:05.066+0000] {processor.py:830} INFO - Processing file /opt/airflow/dags/training_pipeline_dag.py for tasks to queue
[2025-05-06T00:19:05.068+0000] {logging_mixin.py:188} INFO - [2025-05-06T00:19:05.067+0000] {dagbag.py:538} INFO - Filling up the DagBag from /opt/airflow/dags/training_pipeline_dag.py
[2025-05-06T00:19:07.566+0000] {processor.py:840} INFO - DAG(s) 'training_and_selection' retrieved from /opt/airflow/dags/training_pipeline_dag.py
[2025-05-06T00:19:07.612+0000] {logging_mixin.py:188} INFO - [2025-05-06T00:19:07.610+0000] {dag.py:3036} INFO - Sync 1 DAGs
[2025-05-06T00:19:07.656+0000] {logging_mixin.py:188} INFO - [2025-05-06T00:19:07.656+0000] {dag.py:3823} INFO - Setting next_dagrun for training_and_selection to 2025-05-06 00:00:00+00:00, run_after=2025-05-07 00:00:00+00:00
[2025-05-06T00:19:07.688+0000] {processor.py:183} INFO - Processing /opt/airflow/dags/training_pipeline_dag.py took 2.635 seconds
[2025-05-06T00:19:38.562+0000] {processor.py:161} INFO - Started process (PID=53699) to work on /opt/airflow/dags/training_pipeline_dag.py
[2025-05-06T00:19:38.569+0000] {processor.py:830} INFO - Processing file /opt/airflow/dags/training_pipeline_dag.py for tasks to queue
[2025-05-06T00:19:38.571+0000] {logging_mixin.py:188} INFO - [2025-05-06T00:19:38.570+0000] {dagbag.py:538} INFO - Filling up the DagBag from /opt/airflow/dags/training_pipeline_dag.py
[2025-05-06T00:19:41.000+0000] {processor.py:840} INFO - DAG(s) 'training_and_selection' retrieved from /opt/airflow/dags/training_pipeline_dag.py
[2025-05-06T00:19:41.069+0000] {logging_mixin.py:188} INFO - [2025-05-06T00:19:41.068+0000] {dag.py:3036} INFO - Sync 1 DAGs
[2025-05-06T00:19:41.108+0000] {logging_mixin.py:188} INFO - [2025-05-06T00:19:41.107+0000] {dag.py:3823} INFO - Setting next_dagrun for training_and_selection to 2025-05-06 00:00:00+00:00, run_after=2025-05-07 00:00:00+00:00
[2025-05-06T00:19:41.143+0000] {processor.py:183} INFO - Processing /opt/airflow/dags/training_pipeline_dag.py took 2.588 seconds
[2025-05-06T00:20:11.473+0000] {processor.py:161} INFO - Started process (PID=53714) to work on /opt/airflow/dags/training_pipeline_dag.py
[2025-05-06T00:20:11.479+0000] {processor.py:830} INFO - Processing file /opt/airflow/dags/training_pipeline_dag.py for tasks to queue
[2025-05-06T00:20:11.481+0000] {logging_mixin.py:188} INFO - [2025-05-06T00:20:11.480+0000] {dagbag.py:538} INFO - Filling up the DagBag from /opt/airflow/dags/training_pipeline_dag.py
[2025-05-06T00:20:13.812+0000] {processor.py:840} INFO - DAG(s) 'training_and_selection' retrieved from /opt/airflow/dags/training_pipeline_dag.py
[2025-05-06T00:20:13.858+0000] {logging_mixin.py:188} INFO - [2025-05-06T00:20:13.857+0000] {dag.py:3036} INFO - Sync 1 DAGs
[2025-05-06T00:20:13.898+0000] {logging_mixin.py:188} INFO - [2025-05-06T00:20:13.896+0000] {dag.py:3823} INFO - Setting next_dagrun for training_and_selection to 2025-05-06 00:00:00+00:00, run_after=2025-05-07 00:00:00+00:00
[2025-05-06T00:20:13.929+0000] {processor.py:183} INFO - Processing /opt/airflow/dags/training_pipeline_dag.py took 2.466 seconds
[2025-05-06T00:20:44.099+0000] {processor.py:161} INFO - Started process (PID=53729) to work on /opt/airflow/dags/training_pipeline_dag.py
[2025-05-06T00:20:44.104+0000] {processor.py:830} INFO - Processing file /opt/airflow/dags/training_pipeline_dag.py for tasks to queue
[2025-05-06T00:20:44.107+0000] {logging_mixin.py:188} INFO - [2025-05-06T00:20:44.106+0000] {dagbag.py:538} INFO - Filling up the DagBag from /opt/airflow/dags/training_pipeline_dag.py
[2025-05-06T00:20:46.399+0000] {processor.py:840} INFO - DAG(s) 'training_and_selection' retrieved from /opt/airflow/dags/training_pipeline_dag.py
[2025-05-06T00:20:46.461+0000] {logging_mixin.py:188} INFO - [2025-05-06T00:20:46.460+0000] {dag.py:3036} INFO - Sync 1 DAGs
[2025-05-06T00:20:46.498+0000] {logging_mixin.py:188} INFO - [2025-05-06T00:20:46.497+0000] {dag.py:3823} INFO - Setting next_dagrun for training_and_selection to 2025-05-06 00:00:00+00:00, run_after=2025-05-07 00:00:00+00:00
[2025-05-06T00:20:46.529+0000] {processor.py:183} INFO - Processing /opt/airflow/dags/training_pipeline_dag.py took 2.439 seconds
[2025-05-06T00:21:17.376+0000] {processor.py:161} INFO - Started process (PID=53744) to work on /opt/airflow/dags/training_pipeline_dag.py
[2025-05-06T00:21:17.379+0000] {processor.py:830} INFO - Processing file /opt/airflow/dags/training_pipeline_dag.py for tasks to queue
[2025-05-06T00:21:17.380+0000] {logging_mixin.py:188} INFO - [2025-05-06T00:21:17.380+0000] {dagbag.py:538} INFO - Filling up the DagBag from /opt/airflow/dags/training_pipeline_dag.py
[2025-05-06T00:21:19.699+0000] {processor.py:840} INFO - DAG(s) 'training_and_selection' retrieved from /opt/airflow/dags/training_pipeline_dag.py
[2025-05-06T00:21:19.743+0000] {logging_mixin.py:188} INFO - [2025-05-06T00:21:19.742+0000] {dag.py:3036} INFO - Sync 1 DAGs
[2025-05-06T00:21:19.779+0000] {logging_mixin.py:188} INFO - [2025-05-06T00:21:19.779+0000] {dag.py:3823} INFO - Setting next_dagrun for training_and_selection to 2025-05-06 00:00:00+00:00, run_after=2025-05-07 00:00:00+00:00
[2025-05-06T00:21:19.812+0000] {processor.py:183} INFO - Processing /opt/airflow/dags/training_pipeline_dag.py took 2.444 seconds
[2025-05-06T00:21:50.132+0000] {processor.py:161} INFO - Started process (PID=53759) to work on /opt/airflow/dags/training_pipeline_dag.py
[2025-05-06T00:21:50.136+0000] {processor.py:830} INFO - Processing file /opt/airflow/dags/training_pipeline_dag.py for tasks to queue
[2025-05-06T00:21:50.138+0000] {logging_mixin.py:188} INFO - [2025-05-06T00:21:50.137+0000] {dagbag.py:538} INFO - Filling up the DagBag from /opt/airflow/dags/training_pipeline_dag.py
[2025-05-06T00:21:52.557+0000] {processor.py:840} INFO - DAG(s) 'training_and_selection' retrieved from /opt/airflow/dags/training_pipeline_dag.py
[2025-05-06T00:21:52.615+0000] {logging_mixin.py:188} INFO - [2025-05-06T00:21:52.614+0000] {dag.py:3036} INFO - Sync 1 DAGs
[2025-05-06T00:21:52.651+0000] {logging_mixin.py:188} INFO - [2025-05-06T00:21:52.650+0000] {dag.py:3823} INFO - Setting next_dagrun for training_and_selection to 2025-05-06 00:00:00+00:00, run_after=2025-05-07 00:00:00+00:00
[2025-05-06T00:21:52.688+0000] {processor.py:183} INFO - Processing /opt/airflow/dags/training_pipeline_dag.py took 2.565 seconds
[2025-05-06T00:22:22.877+0000] {processor.py:161} INFO - Started process (PID=53774) to work on /opt/airflow/dags/training_pipeline_dag.py
[2025-05-06T00:22:22.887+0000] {processor.py:830} INFO - Processing file /opt/airflow/dags/training_pipeline_dag.py for tasks to queue
[2025-05-06T00:22:22.890+0000] {logging_mixin.py:188} INFO - [2025-05-06T00:22:22.889+0000] {dagbag.py:538} INFO - Filling up the DagBag from /opt/airflow/dags/training_pipeline_dag.py
[2025-05-06T00:22:25.293+0000] {processor.py:840} INFO - DAG(s) 'training_and_selection' retrieved from /opt/airflow/dags/training_pipeline_dag.py
[2025-05-06T00:22:25.343+0000] {logging_mixin.py:188} INFO - [2025-05-06T00:22:25.342+0000] {dag.py:3036} INFO - Sync 1 DAGs
[2025-05-06T00:22:25.388+0000] {logging_mixin.py:188} INFO - [2025-05-06T00:22:25.388+0000] {dag.py:3823} INFO - Setting next_dagrun for training_and_selection to 2025-05-06 00:00:00+00:00, run_after=2025-05-07 00:00:00+00:00
[2025-05-06T00:22:25.421+0000] {processor.py:183} INFO - Processing /opt/airflow/dags/training_pipeline_dag.py took 2.553 seconds
[2025-05-06T00:22:55.738+0000] {processor.py:161} INFO - Started process (PID=53789) to work on /opt/airflow/dags/training_pipeline_dag.py
[2025-05-06T00:22:55.742+0000] {processor.py:830} INFO - Processing file /opt/airflow/dags/training_pipeline_dag.py for tasks to queue
[2025-05-06T00:22:55.744+0000] {logging_mixin.py:188} INFO - [2025-05-06T00:22:55.744+0000] {dagbag.py:538} INFO - Filling up the DagBag from /opt/airflow/dags/training_pipeline_dag.py
[2025-05-06T00:22:58.293+0000] {processor.py:840} INFO - DAG(s) 'training_and_selection' retrieved from /opt/airflow/dags/training_pipeline_dag.py
[2025-05-06T00:22:58.338+0000] {logging_mixin.py:188} INFO - [2025-05-06T00:22:58.337+0000] {dag.py:3036} INFO - Sync 1 DAGs
[2025-05-06T00:22:58.376+0000] {logging_mixin.py:188} INFO - [2025-05-06T00:22:58.375+0000] {dag.py:3823} INFO - Setting next_dagrun for training_and_selection to 2025-05-06 00:00:00+00:00, run_after=2025-05-07 00:00:00+00:00
[2025-05-06T00:22:58.406+0000] {processor.py:183} INFO - Processing /opt/airflow/dags/training_pipeline_dag.py took 2.678 seconds
[2025-05-06T00:23:28.636+0000] {processor.py:161} INFO - Started process (PID=53804) to work on /opt/airflow/dags/training_pipeline_dag.py
[2025-05-06T00:23:28.650+0000] {processor.py:830} INFO - Processing file /opt/airflow/dags/training_pipeline_dag.py for tasks to queue
[2025-05-06T00:23:28.652+0000] {logging_mixin.py:188} INFO - [2025-05-06T00:23:28.651+0000] {dagbag.py:538} INFO - Filling up the DagBag from /opt/airflow/dags/training_pipeline_dag.py
[2025-05-06T00:23:31.166+0000] {processor.py:840} INFO - DAG(s) 'training_and_selection' retrieved from /opt/airflow/dags/training_pipeline_dag.py
[2025-05-06T00:23:31.215+0000] {logging_mixin.py:188} INFO - [2025-05-06T00:23:31.214+0000] {dag.py:3036} INFO - Sync 1 DAGs
[2025-05-06T00:23:31.251+0000] {logging_mixin.py:188} INFO - [2025-05-06T00:23:31.250+0000] {dag.py:3823} INFO - Setting next_dagrun for training_and_selection to 2025-05-06 00:00:00+00:00, run_after=2025-05-07 00:00:00+00:00
[2025-05-06T00:23:31.279+0000] {processor.py:183} INFO - Processing /opt/airflow/dags/training_pipeline_dag.py took 2.655 seconds
[2025-05-06T00:24:01.622+0000] {processor.py:161} INFO - Started process (PID=53819) to work on /opt/airflow/dags/training_pipeline_dag.py
[2025-05-06T00:24:01.629+0000] {processor.py:830} INFO - Processing file /opt/airflow/dags/training_pipeline_dag.py for tasks to queue
[2025-05-06T00:24:01.632+0000] {logging_mixin.py:188} INFO - [2025-05-06T00:24:01.631+0000] {dagbag.py:538} INFO - Filling up the DagBag from /opt/airflow/dags/training_pipeline_dag.py
[2025-05-06T00:24:04.090+0000] {processor.py:840} INFO - DAG(s) 'training_and_selection' retrieved from /opt/airflow/dags/training_pipeline_dag.py
[2025-05-06T00:24:04.143+0000] {logging_mixin.py:188} INFO - [2025-05-06T00:24:04.142+0000] {dag.py:3036} INFO - Sync 1 DAGs
[2025-05-06T00:24:04.187+0000] {logging_mixin.py:188} INFO - [2025-05-06T00:24:04.186+0000] {dag.py:3823} INFO - Setting next_dagrun for training_and_selection to 2025-05-06 00:00:00+00:00, run_after=2025-05-07 00:00:00+00:00
[2025-05-06T00:24:04.222+0000] {processor.py:183} INFO - Processing /opt/airflow/dags/training_pipeline_dag.py took 2.611 seconds
[2025-05-06T00:24:35.167+0000] {processor.py:161} INFO - Started process (PID=53834) to work on /opt/airflow/dags/training_pipeline_dag.py
[2025-05-06T00:24:35.171+0000] {processor.py:830} INFO - Processing file /opt/airflow/dags/training_pipeline_dag.py for tasks to queue
[2025-05-06T00:24:35.173+0000] {logging_mixin.py:188} INFO - [2025-05-06T00:24:35.172+0000] {dagbag.py:538} INFO - Filling up the DagBag from /opt/airflow/dags/training_pipeline_dag.py
[2025-05-06T00:24:37.576+0000] {processor.py:840} INFO - DAG(s) 'training_and_selection' retrieved from /opt/airflow/dags/training_pipeline_dag.py
[2025-05-06T00:24:37.638+0000] {logging_mixin.py:188} INFO - [2025-05-06T00:24:37.637+0000] {dag.py:3036} INFO - Sync 1 DAGs
[2025-05-06T00:24:37.682+0000] {logging_mixin.py:188} INFO - [2025-05-06T00:24:37.681+0000] {dag.py:3823} INFO - Setting next_dagrun for training_and_selection to 2025-05-06 00:00:00+00:00, run_after=2025-05-07 00:00:00+00:00
[2025-05-06T00:24:37.719+0000] {processor.py:183} INFO - Processing /opt/airflow/dags/training_pipeline_dag.py took 2.560 seconds
[2025-05-06T00:25:08.463+0000] {processor.py:161} INFO - Started process (PID=53849) to work on /opt/airflow/dags/training_pipeline_dag.py
[2025-05-06T00:25:08.468+0000] {processor.py:830} INFO - Processing file /opt/airflow/dags/training_pipeline_dag.py for tasks to queue
[2025-05-06T00:25:08.470+0000] {logging_mixin.py:188} INFO - [2025-05-06T00:25:08.469+0000] {dagbag.py:538} INFO - Filling up the DagBag from /opt/airflow/dags/training_pipeline_dag.py
[2025-05-06T00:25:10.945+0000] {processor.py:840} INFO - DAG(s) 'training_and_selection' retrieved from /opt/airflow/dags/training_pipeline_dag.py
[2025-05-06T00:25:11.014+0000] {logging_mixin.py:188} INFO - [2025-05-06T00:25:11.013+0000] {dag.py:3036} INFO - Sync 1 DAGs
[2025-05-06T00:25:11.061+0000] {logging_mixin.py:188} INFO - [2025-05-06T00:25:11.060+0000] {dag.py:3823} INFO - Setting next_dagrun for training_and_selection to 2025-05-06 00:00:00+00:00, run_after=2025-05-07 00:00:00+00:00
[2025-05-06T00:25:11.136+0000] {processor.py:183} INFO - Processing /opt/airflow/dags/training_pipeline_dag.py took 2.680 seconds
[2025-05-06T00:25:41.800+0000] {processor.py:161} INFO - Started process (PID=53864) to work on /opt/airflow/dags/training_pipeline_dag.py
[2025-05-06T00:25:41.804+0000] {processor.py:830} INFO - Processing file /opt/airflow/dags/training_pipeline_dag.py for tasks to queue
[2025-05-06T00:25:41.806+0000] {logging_mixin.py:188} INFO - [2025-05-06T00:25:41.805+0000] {dagbag.py:538} INFO - Filling up the DagBag from /opt/airflow/dags/training_pipeline_dag.py
[2025-05-06T00:25:44.285+0000] {processor.py:840} INFO - DAG(s) 'training_and_selection' retrieved from /opt/airflow/dags/training_pipeline_dag.py
[2025-05-06T00:25:44.342+0000] {logging_mixin.py:188} INFO - [2025-05-06T00:25:44.341+0000] {dag.py:3036} INFO - Sync 1 DAGs
[2025-05-06T00:25:44.385+0000] {logging_mixin.py:188} INFO - [2025-05-06T00:25:44.385+0000] {dag.py:3823} INFO - Setting next_dagrun for training_and_selection to 2025-05-06 00:00:00+00:00, run_after=2025-05-07 00:00:00+00:00
[2025-05-06T00:25:44.422+0000] {processor.py:183} INFO - Processing /opt/airflow/dags/training_pipeline_dag.py took 2.632 seconds
[2025-05-06T00:26:15.158+0000] {processor.py:161} INFO - Started process (PID=53885) to work on /opt/airflow/dags/training_pipeline_dag.py
[2025-05-06T00:26:15.164+0000] {processor.py:830} INFO - Processing file /opt/airflow/dags/training_pipeline_dag.py for tasks to queue
[2025-05-06T00:26:15.167+0000] {logging_mixin.py:188} INFO - [2025-05-06T00:26:15.166+0000] {dagbag.py:538} INFO - Filling up the DagBag from /opt/airflow/dags/training_pipeline_dag.py
[2025-05-06T00:26:17.608+0000] {processor.py:840} INFO - DAG(s) 'training_and_selection' retrieved from /opt/airflow/dags/training_pipeline_dag.py
[2025-05-06T00:26:17.651+0000] {logging_mixin.py:188} INFO - [2025-05-06T00:26:17.650+0000] {dag.py:3036} INFO - Sync 1 DAGs
[2025-05-06T00:26:17.688+0000] {logging_mixin.py:188} INFO - [2025-05-06T00:26:17.687+0000] {dag.py:3823} INFO - Setting next_dagrun for training_and_selection to 2025-05-06 00:00:00+00:00, run_after=2025-05-07 00:00:00+00:00
[2025-05-06T00:26:17.719+0000] {processor.py:183} INFO - Processing /opt/airflow/dags/training_pipeline_dag.py took 2.574 seconds
[2025-05-06T00:26:48.444+0000] {processor.py:161} INFO - Started process (PID=53900) to work on /opt/airflow/dags/training_pipeline_dag.py
[2025-05-06T00:26:48.450+0000] {processor.py:830} INFO - Processing file /opt/airflow/dags/training_pipeline_dag.py for tasks to queue
[2025-05-06T00:26:48.453+0000] {logging_mixin.py:188} INFO - [2025-05-06T00:26:48.452+0000] {dagbag.py:538} INFO - Filling up the DagBag from /opt/airflow/dags/training_pipeline_dag.py
[2025-05-06T00:26:50.865+0000] {processor.py:840} INFO - DAG(s) 'training_and_selection' retrieved from /opt/airflow/dags/training_pipeline_dag.py
[2025-05-06T00:26:50.919+0000] {logging_mixin.py:188} INFO - [2025-05-06T00:26:50.918+0000] {dag.py:3036} INFO - Sync 1 DAGs
[2025-05-06T00:26:50.958+0000] {logging_mixin.py:188} INFO - [2025-05-06T00:26:50.958+0000] {dag.py:3823} INFO - Setting next_dagrun for training_and_selection to 2025-05-06 00:00:00+00:00, run_after=2025-05-07 00:00:00+00:00
[2025-05-06T00:26:50.992+0000] {processor.py:183} INFO - Processing /opt/airflow/dags/training_pipeline_dag.py took 2.557 seconds
[2025-05-06T00:27:21.344+0000] {processor.py:161} INFO - Started process (PID=53915) to work on /opt/airflow/dags/training_pipeline_dag.py
[2025-05-06T00:27:21.347+0000] {processor.py:830} INFO - Processing file /opt/airflow/dags/training_pipeline_dag.py for tasks to queue
[2025-05-06T00:27:21.350+0000] {logging_mixin.py:188} INFO - [2025-05-06T00:27:21.349+0000] {dagbag.py:538} INFO - Filling up the DagBag from /opt/airflow/dags/training_pipeline_dag.py
[2025-05-06T00:27:23.709+0000] {processor.py:840} INFO - DAG(s) 'training_and_selection' retrieved from /opt/airflow/dags/training_pipeline_dag.py
[2025-05-06T00:27:23.768+0000] {logging_mixin.py:188} INFO - [2025-05-06T00:27:23.767+0000] {dag.py:3036} INFO - Sync 1 DAGs
[2025-05-06T00:27:23.828+0000] {logging_mixin.py:188} INFO - [2025-05-06T00:27:23.827+0000] {dag.py:3823} INFO - Setting next_dagrun for training_and_selection to 2025-05-06 00:00:00+00:00, run_after=2025-05-07 00:00:00+00:00
[2025-05-06T00:27:23.875+0000] {processor.py:183} INFO - Processing /opt/airflow/dags/training_pipeline_dag.py took 2.540 seconds
[2025-05-06T00:27:54.178+0000] {processor.py:161} INFO - Started process (PID=53930) to work on /opt/airflow/dags/training_pipeline_dag.py
[2025-05-06T00:27:54.182+0000] {processor.py:830} INFO - Processing file /opt/airflow/dags/training_pipeline_dag.py for tasks to queue
[2025-05-06T00:27:54.184+0000] {logging_mixin.py:188} INFO - [2025-05-06T00:27:54.184+0000] {dagbag.py:538} INFO - Filling up the DagBag from /opt/airflow/dags/training_pipeline_dag.py
[2025-05-06T00:27:56.649+0000] {processor.py:840} INFO - DAG(s) 'training_and_selection' retrieved from /opt/airflow/dags/training_pipeline_dag.py
[2025-05-06T00:27:56.700+0000] {logging_mixin.py:188} INFO - [2025-05-06T00:27:56.699+0000] {dag.py:3036} INFO - Sync 1 DAGs
[2025-05-06T00:27:56.746+0000] {logging_mixin.py:188} INFO - [2025-05-06T00:27:56.745+0000] {dag.py:3823} INFO - Setting next_dagrun for training_and_selection to 2025-05-06 00:00:00+00:00, run_after=2025-05-07 00:00:00+00:00
[2025-05-06T00:27:56.776+0000] {processor.py:183} INFO - Processing /opt/airflow/dags/training_pipeline_dag.py took 2.608 seconds
[2025-05-06T00:28:27.149+0000] {processor.py:161} INFO - Started process (PID=53945) to work on /opt/airflow/dags/training_pipeline_dag.py
[2025-05-06T00:28:27.152+0000] {processor.py:830} INFO - Processing file /opt/airflow/dags/training_pipeline_dag.py for tasks to queue
[2025-05-06T00:28:27.154+0000] {logging_mixin.py:188} INFO - [2025-05-06T00:28:27.153+0000] {dagbag.py:538} INFO - Filling up the DagBag from /opt/airflow/dags/training_pipeline_dag.py
[2025-05-06T00:28:29.592+0000] {processor.py:840} INFO - DAG(s) 'training_and_selection' retrieved from /opt/airflow/dags/training_pipeline_dag.py
[2025-05-06T00:28:29.678+0000] {logging_mixin.py:188} INFO - [2025-05-06T00:28:29.677+0000] {dag.py:3036} INFO - Sync 1 DAGs
[2025-05-06T00:28:29.716+0000] {logging_mixin.py:188} INFO - [2025-05-06T00:28:29.715+0000] {dag.py:3823} INFO - Setting next_dagrun for training_and_selection to 2025-05-06 00:00:00+00:00, run_after=2025-05-07 00:00:00+00:00
[2025-05-06T00:28:29.755+0000] {processor.py:183} INFO - Processing /opt/airflow/dags/training_pipeline_dag.py took 2.613 seconds
