[2025-04-28T23:52:12.898+0000] {manager.py:469} INFO - Processing files using up to 2 processes at a time 
[2025-04-28T23:52:12.899+0000] {manager.py:470} INFO - Process each file at most once every 30 seconds
[2025-04-28T23:52:12.899+0000] {manager.py:471} INFO - Checking for new files in /opt/airflow/dags every 300 seconds
[2025-04-28T23:52:12.899+0000] {manager.py:738} INFO - Searching for files in /opt/airflow/dags
[2025-04-28T23:52:12.901+0000] {manager.py:741} INFO - There are 0 files in /opt/airflow/dags
[2025-04-28T23:52:23.166+0000] {manager.py:451} INFO - Exiting gracefully upon receiving signal 15
[2025-04-28T23:52:45.042+0000] {manager.py:469} INFO - Processing files using up to 2 processes at a time 
[2025-04-28T23:52:45.058+0000] {manager.py:470} INFO - Process each file at most once every 30 seconds
[2025-04-28T23:52:45.058+0000] {manager.py:471} INFO - Checking for new files in /opt/airflow/dags every 300 seconds
[2025-04-28T23:52:45.059+0000] {manager.py:738} INFO - Searching for files in /opt/airflow/dags
[2025-04-28T23:52:45.060+0000] {manager.py:741} INFO - There are 0 files in /opt/airflow/dags
[2025-04-28T23:57:45.074+0000] {manager.py:738} INFO - Searching for files in /opt/airflow/dags
[2025-04-28T23:57:45.079+0000] {manager.py:741} INFO - There are 0 files in /opt/airflow/dags
[2025-04-29T00:02:45.949+0000] {manager.py:738} INFO - Searching for files in /opt/airflow/dags
[2025-04-29T00:02:45.951+0000] {manager.py:741} INFO - There are 0 files in /opt/airflow/dags
[2025-04-29T00:07:46.811+0000] {manager.py:738} INFO - Searching for files in /opt/airflow/dags
[2025-04-29T00:07:46.813+0000] {manager.py:741} INFO - There are 0 files in /opt/airflow/dags
[2025-04-29T00:12:47.552+0000] {manager.py:738} INFO - Searching for files in /opt/airflow/dags
[2025-04-29T00:12:47.554+0000] {manager.py:741} INFO - There are 0 files in /opt/airflow/dags
[2025-04-29T00:17:48.499+0000] {manager.py:738} INFO - Searching for files in /opt/airflow/dags
[2025-04-29T00:17:48.500+0000] {manager.py:741} INFO - There are 0 files in /opt/airflow/dags
[2025-04-30T01:14:30.975+0000] {manager.py:469} INFO - Processing files using up to 2 processes at a time 
[2025-04-30T01:14:30.978+0000] {manager.py:470} INFO - Process each file at most once every 30 seconds
[2025-04-30T01:14:30.978+0000] {manager.py:471} INFO - Checking for new files in /opt/airflow/dags every 300 seconds
[2025-04-30T01:14:30.979+0000] {manager.py:738} INFO - Searching for files in /opt/airflow/dags
[2025-04-30T01:14:30.981+0000] {manager.py:741} INFO - There are 1 files in /opt/airflow/dags
[2025-04-30T01:14:31.111+0000] {manager.py:879} INFO - 
================================================================================
DAG File Processing Stats

File Path                                 PID  Runtime      # DAGs    # Errors  Last Runtime    Last Run
--------------------------------------  -----  ---------  --------  ----------  --------------  ----------
/opt/airflow/dags/data_pipeline_dag.py    809  0.04s             0           0
================================================================================
[2025-04-30T01:15:01.319+0000] {manager.py:879} INFO - 
================================================================================
DAG File Processing Stats

File Path                               PID    Runtime      # DAGs    # Errors  Last Runtime    Last Run
--------------------------------------  -----  ---------  --------  ----------  --------------  -------------------
/opt/airflow/dags/data_pipeline_dag.py                           1           0  1.57s           2025-04-30T01:14:32
================================================================================
[2025-04-30T01:15:22.655+0000] {manager.py:451} INFO - Exiting gracefully upon receiving signal 15
[2025-04-30T01:15:42.496+0000] {manager.py:469} INFO - Processing files using up to 2 processes at a time 
[2025-04-30T01:15:42.498+0000] {manager.py:470} INFO - Process each file at most once every 30 seconds
[2025-04-30T01:15:42.498+0000] {manager.py:471} INFO - Checking for new files in /opt/airflow/dags every 300 seconds
[2025-04-30T01:15:42.499+0000] {manager.py:738} INFO - Searching for files in /opt/airflow/dags
[2025-04-30T01:15:42.501+0000] {manager.py:741} INFO - There are 1 files in /opt/airflow/dags
[2025-04-30T01:15:42.702+0000] {manager.py:879} INFO - 
================================================================================
DAG File Processing Stats

File Path                                 PID  Runtime      # DAGs    # Errors  Last Runtime    Last Run
--------------------------------------  -----  ---------  --------  ----------  --------------  ----------
/opt/airflow/dags/data_pipeline_dag.py    168  0.11s             0           0
================================================================================
[2025-04-30T01:16:12.944+0000] {manager.py:879} INFO - 
================================================================================
DAG File Processing Stats

File Path                               PID    Runtime      # DAGs    # Errors  Last Runtime    Last Run
--------------------------------------  -----  ---------  --------  ----------  --------------  -------------------
/opt/airflow/dags/data_pipeline_dag.py                           1           0  1.53s           2025-04-30T01:15:44
================================================================================
[2025-04-30T01:16:43.243+0000] {manager.py:879} INFO - 
================================================================================
DAG File Processing Stats

File Path                               PID    Runtime      # DAGs    # Errors  Last Runtime    Last Run
--------------------------------------  -----  ---------  --------  ----------  --------------  -------------------
/opt/airflow/dags/data_pipeline_dag.py                           1           0  1.03s           2025-04-30T01:16:15
================================================================================
[2025-04-30T01:17:13.503+0000] {manager.py:879} INFO - 
================================================================================
DAG File Processing Stats

File Path                               PID    Runtime      # DAGs    # Errors  Last Runtime    Last Run
--------------------------------------  -----  ---------  --------  ----------  --------------  -------------------
/opt/airflow/dags/data_pipeline_dag.py                           1           0  1.92s           2025-04-30T01:16:47
================================================================================
[2025-04-30T01:17:43.785+0000] {manager.py:879} INFO - 
================================================================================
DAG File Processing Stats

File Path                               PID    Runtime      # DAGs    # Errors  Last Runtime    Last Run
--------------------------------------  -----  ---------  --------  ----------  --------------  -------------------
/opt/airflow/dags/data_pipeline_dag.py                           1           0  1.82s           2025-04-30T01:17:19
================================================================================
[2025-04-30T01:18:13.939+0000] {manager.py:879} INFO - 
================================================================================
DAG File Processing Stats

File Path                               PID    Runtime      # DAGs    # Errors  Last Runtime    Last Run
--------------------------------------  -----  ---------  --------  ----------  --------------  -------------------
/opt/airflow/dags/data_pipeline_dag.py                           1           0  0.93s           2025-04-30T01:17:50
================================================================================
[2025-04-30T01:18:44.118+0000] {manager.py:879} INFO - 
================================================================================
DAG File Processing Stats

File Path                               PID    Runtime      # DAGs    # Errors  Last Runtime    Last Run
--------------------------------------  -----  ---------  --------  ----------  --------------  -------------------
/opt/airflow/dags/data_pipeline_dag.py                           1           0  0.97s           2025-04-30T01:18:21
================================================================================
[2025-04-30T01:19:14.538+0000] {manager.py:879} INFO - 
================================================================================
DAG File Processing Stats

File Path                               PID    Runtime      # DAGs    # Errors  Last Runtime    Last Run
--------------------------------------  -----  ---------  --------  ----------  --------------  -------------------
/opt/airflow/dags/data_pipeline_dag.py                           1           0  1.50s           2025-04-30T01:18:53
================================================================================
[2025-04-30T01:19:45.075+0000] {manager.py:879} INFO - 
================================================================================
DAG File Processing Stats

File Path                               PID    Runtime      # DAGs    # Errors  Last Runtime    Last Run
--------------------------------------  -----  ---------  --------  ----------  --------------  -------------------
/opt/airflow/dags/data_pipeline_dag.py                           1           0  1.10s           2025-04-30T01:19:25
================================================================================
[2025-04-30T01:20:15.248+0000] {manager.py:879} INFO - 
================================================================================
DAG File Processing Stats

File Path                               PID    Runtime      # DAGs    # Errors  Last Runtime    Last Run
--------------------------------------  -----  ---------  --------  ----------  --------------  -------------------
/opt/airflow/dags/data_pipeline_dag.py                           1           0  0.96s           2025-04-30T01:19:56
================================================================================
[2025-04-30T01:20:43.449+0000] {manager.py:738} INFO - Searching for files in /opt/airflow/dags
[2025-04-30T01:20:43.454+0000] {manager.py:741} INFO - There are 1 files in /opt/airflow/dags
[2025-04-30T01:20:45.486+0000] {manager.py:879} INFO - 
================================================================================
DAG File Processing Stats

File Path                               PID    Runtime      # DAGs    # Errors  Last Runtime    Last Run
--------------------------------------  -----  ---------  --------  ----------  --------------  -------------------
/opt/airflow/dags/data_pipeline_dag.py                           1           0  1.03s           2025-04-30T01:20:27
================================================================================
[2025-04-30T01:21:15.635+0000] {manager.py:879} INFO - 
================================================================================
DAG File Processing Stats

File Path                               PID    Runtime      # DAGs    # Errors  Last Runtime    Last Run
--------------------------------------  -----  ---------  --------  ----------  --------------  -------------------
/opt/airflow/dags/data_pipeline_dag.py                           1           0  0.95s           2025-04-30T01:20:58
================================================================================
[2025-04-30T01:21:45.874+0000] {manager.py:879} INFO - 
================================================================================
DAG File Processing Stats

File Path                               PID    Runtime      # DAGs    # Errors  Last Runtime    Last Run
--------------------------------------  -----  ---------  --------  ----------  --------------  -------------------
/opt/airflow/dags/data_pipeline_dag.py                           1           0  1.00s           2025-04-30T01:21:29
================================================================================
[2025-04-30T01:22:16.240+0000] {manager.py:879} INFO - 
================================================================================
DAG File Processing Stats

File Path                               PID    Runtime      # DAGs    # Errors  Last Runtime    Last Run
--------------------------------------  -----  ---------  --------  ----------  --------------  -------------------
/opt/airflow/dags/data_pipeline_dag.py                           1           0  1.69s           2025-04-30T01:22:01
================================================================================
[2025-04-30T01:22:46.354+0000] {manager.py:879} INFO - 
================================================================================
DAG File Processing Stats

File Path                               PID    Runtime      # DAGs    # Errors  Last Runtime    Last Run
--------------------------------------  -----  ---------  --------  ----------  --------------  -------------------
/opt/airflow/dags/data_pipeline_dag.py                           1           0  1.28s           2025-04-30T01:22:33
================================================================================
[2025-04-30T01:23:16.623+0000] {manager.py:879} INFO - 
================================================================================
DAG File Processing Stats

File Path                               PID    Runtime      # DAGs    # Errors  Last Runtime    Last Run
--------------------------------------  -----  ---------  --------  ----------  --------------  -------------------
/opt/airflow/dags/data_pipeline_dag.py                           1           0  1.25s           2025-04-30T01:23:04
================================================================================
[2025-04-30T01:23:46.925+0000] {manager.py:879} INFO - 
================================================================================
DAG File Processing Stats

File Path                               PID    Runtime      # DAGs    # Errors  Last Runtime    Last Run
--------------------------------------  -----  ---------  --------  ----------  --------------  -------------------
/opt/airflow/dags/data_pipeline_dag.py                           1           0  1.16s           2025-04-30T01:23:35
================================================================================
[2025-04-30T01:24:17.282+0000] {manager.py:879} INFO - 
================================================================================
DAG File Processing Stats

File Path                               PID    Runtime      # DAGs    # Errors  Last Runtime    Last Run
--------------------------------------  -----  ---------  --------  ----------  --------------  -------------------
/opt/airflow/dags/data_pipeline_dag.py                           1           0  1.29s           2025-04-30T01:24:07
================================================================================
[2025-04-30T01:24:37.410+0000] {manager.py:451} INFO - Exiting gracefully upon receiving signal 15
[2025-04-30T01:25:17.835+0000] {manager.py:469} INFO - Processing files using up to 2 processes at a time 
[2025-04-30T01:25:17.838+0000] {manager.py:470} INFO - Process each file at most once every 30 seconds
[2025-04-30T01:25:17.838+0000] {manager.py:471} INFO - Checking for new files in /opt/airflow/dags every 300 seconds
[2025-04-30T01:25:17.839+0000] {manager.py:738} INFO - Searching for files in /opt/airflow/dags
[2025-04-30T01:25:17.842+0000] {manager.py:741} INFO - There are 1 files in /opt/airflow/dags
[2025-04-30T01:25:18.263+0000] {manager.py:879} INFO - 
================================================================================
DAG File Processing Stats

File Path                                 PID  Runtime      # DAGs    # Errors  Last Runtime    Last Run
--------------------------------------  -----  ---------  --------  ----------  --------------  ----------
/opt/airflow/dags/data_pipeline_dag.py    169  0.16s             0           0
================================================================================
[2025-04-30T01:25:48.547+0000] {manager.py:879} INFO - 
================================================================================
DAG File Processing Stats

File Path                               PID    Runtime      # DAGs    # Errors  Last Runtime    Last Run
--------------------------------------  -----  ---------  --------  ----------  --------------  -------------------
/opt/airflow/dags/data_pipeline_dag.py                           1           0  2.56s           2025-04-30T01:25:20
================================================================================
[2025-04-30T01:26:18.825+0000] {manager.py:879} INFO - 
================================================================================
DAG File Processing Stats

File Path                               PID    Runtime      # DAGs    # Errors  Last Runtime    Last Run
--------------------------------------  -----  ---------  --------  ----------  --------------  -------------------
/opt/airflow/dags/data_pipeline_dag.py                           1           0  1.01s           2025-04-30T01:25:51
================================================================================
[2025-04-30T01:26:49.027+0000] {manager.py:879} INFO - 
================================================================================
DAG File Processing Stats

File Path                               PID    Runtime      # DAGs    # Errors  Last Runtime    Last Run
--------------------------------------  -----  ---------  --------  ----------  --------------  -------------------
/opt/airflow/dags/data_pipeline_dag.py                           1           0  0.96s           2025-04-30T01:26:23
================================================================================
[2025-04-30T01:27:19.238+0000] {manager.py:879} INFO - 
================================================================================
DAG File Processing Stats

File Path                               PID    Runtime      # DAGs    # Errors  Last Runtime    Last Run
--------------------------------------  -----  ---------  --------  ----------  --------------  -------------------
/opt/airflow/dags/data_pipeline_dag.py                           1           0  0.95s           2025-04-30T01:26:54
================================================================================
[2025-04-30T01:27:49.442+0000] {manager.py:879} INFO - 
================================================================================
DAG File Processing Stats

File Path                               PID    Runtime      # DAGs    # Errors  Last Runtime    Last Run
--------------------------------------  -----  ---------  --------  ----------  --------------  -------------------
/opt/airflow/dags/data_pipeline_dag.py                           1           0  0.97s           2025-04-30T01:27:25
================================================================================
[2025-04-30T01:28:19.640+0000] {manager.py:879} INFO - 
================================================================================
DAG File Processing Stats

File Path                               PID    Runtime      # DAGs    # Errors  Last Runtime    Last Run
--------------------------------------  -----  ---------  --------  ----------  --------------  -------------------
/opt/airflow/dags/data_pipeline_dag.py                           1           0  1.00s           2025-04-30T01:27:56
================================================================================
[2025-04-30T01:28:49.820+0000] {manager.py:879} INFO - 
================================================================================
DAG File Processing Stats

File Path                               PID    Runtime      # DAGs    # Errors  Last Runtime    Last Run
--------------------------------------  -----  ---------  --------  ----------  --------------  -------------------
/opt/airflow/dags/data_pipeline_dag.py                           1           0  0.99s           2025-04-30T01:28:27
================================================================================
[2025-04-30T01:29:20.007+0000] {manager.py:879} INFO - 
================================================================================
DAG File Processing Stats

File Path                               PID    Runtime      # DAGs    # Errors  Last Runtime    Last Run
--------------------------------------  -----  ---------  --------  ----------  --------------  -------------------
/opt/airflow/dags/data_pipeline_dag.py                           1           0  0.97s           2025-04-30T01:28:58
================================================================================
[2025-04-30T01:29:50.160+0000] {manager.py:879} INFO - 
================================================================================
DAG File Processing Stats

File Path                               PID    Runtime      # DAGs    # Errors  Last Runtime    Last Run
--------------------------------------  -----  ---------  --------  ----------  --------------  -------------------
/opt/airflow/dags/data_pipeline_dag.py                           1           0  0.93s           2025-04-30T01:29:30
================================================================================
[2025-04-30T01:30:18.270+0000] {manager.py:738} INFO - Searching for files in /opt/airflow/dags
[2025-04-30T01:30:18.272+0000] {manager.py:741} INFO - There are 1 files in /opt/airflow/dags
[2025-04-30T01:30:20.307+0000] {manager.py:879} INFO - 
================================================================================
DAG File Processing Stats

File Path                               PID    Runtime      # DAGs    # Errors  Last Runtime    Last Run
--------------------------------------  -----  ---------  --------  ----------  --------------  -------------------
/opt/airflow/dags/data_pipeline_dag.py                           1           0  0.93s           2025-04-30T01:30:01
================================================================================
[2025-04-30T01:30:50.574+0000] {manager.py:879} INFO - 
================================================================================
DAG File Processing Stats

File Path                               PID    Runtime      # DAGs    # Errors  Last Runtime    Last Run
--------------------------------------  -----  ---------  --------  ----------  --------------  -------------------
/opt/airflow/dags/data_pipeline_dag.py                           1           0  1.12s           2025-04-30T01:30:32
================================================================================
[2025-04-30T01:31:20.764+0000] {manager.py:879} INFO - 
================================================================================
DAG File Processing Stats

File Path                               PID    Runtime      # DAGs    # Errors  Last Runtime    Last Run
--------------------------------------  -----  ---------  --------  ----------  --------------  -------------------
/opt/airflow/dags/data_pipeline_dag.py                           1           0  0.98s           2025-04-30T01:31:03
================================================================================
[2025-04-30T01:31:50.890+0000] {manager.py:879} INFO - 
================================================================================
DAG File Processing Stats

File Path                               PID    Runtime      # DAGs    # Errors  Last Runtime    Last Run
--------------------------------------  -----  ---------  --------  ----------  --------------  -------------------
/opt/airflow/dags/data_pipeline_dag.py                           1           0  0.93s           2025-04-30T01:31:34
================================================================================
[2025-04-30T01:32:21.038+0000] {manager.py:879} INFO - 
================================================================================
DAG File Processing Stats

File Path                               PID    Runtime      # DAGs    # Errors  Last Runtime    Last Run
--------------------------------------  -----  ---------  --------  ----------  --------------  -------------------
/opt/airflow/dags/data_pipeline_dag.py                           1           0  0.95s           2025-04-30T01:32:05
================================================================================
[2025-04-30T01:32:51.381+0000] {manager.py:879} INFO - 
================================================================================
DAG File Processing Stats

File Path                               PID    Runtime      # DAGs    # Errors  Last Runtime    Last Run
--------------------------------------  -----  ---------  --------  ----------  --------------  -------------------
/opt/airflow/dags/data_pipeline_dag.py                           1           0  1.35s           2025-04-30T01:32:37
================================================================================
[2025-04-30T01:33:21.682+0000] {manager.py:879} INFO - 
================================================================================
DAG File Processing Stats

File Path                               PID    Runtime      # DAGs    # Errors  Last Runtime    Last Run
--------------------------------------  -----  ---------  --------  ----------  --------------  -------------------
/opt/airflow/dags/data_pipeline_dag.py                           1           0  1.87s           2025-04-30T01:33:09
================================================================================
[2025-04-30T01:33:51.955+0000] {manager.py:879} INFO - 
================================================================================
DAG File Processing Stats

File Path                               PID    Runtime      # DAGs    # Errors  Last Runtime    Last Run
--------------------------------------  -----  ---------  --------  ----------  --------------  -------------------
/opt/airflow/dags/data_pipeline_dag.py                           1           0  1.45s           2025-04-30T01:33:41
================================================================================
[2025-04-30T01:34:22.619+0000] {manager.py:879} INFO - 
================================================================================
DAG File Processing Stats

File Path                               PID    Runtime      # DAGs    # Errors  Last Runtime    Last Run
--------------------------------------  -----  ---------  --------  ----------  --------------  -------------------
/opt/airflow/dags/data_pipeline_dag.py                           1           0  1.20s           2025-04-30T01:34:12
================================================================================
[2025-04-30T01:34:53.038+0000] {manager.py:879} INFO - 
================================================================================
DAG File Processing Stats

File Path                               PID    Runtime      # DAGs    # Errors  Last Runtime    Last Run
--------------------------------------  -----  ---------  --------  ----------  --------------  -------------------
/opt/airflow/dags/data_pipeline_dag.py                           1           0  1.58s           2025-04-30T01:34:44
================================================================================
[2025-04-30T01:35:18.349+0000] {manager.py:738} INFO - Searching for files in /opt/airflow/dags
[2025-04-30T01:35:18.355+0000] {manager.py:741} INFO - There are 1 files in /opt/airflow/dags
[2025-04-30T01:35:23.484+0000] {manager.py:879} INFO - 
================================================================================
DAG File Processing Stats

File Path                               PID    Runtime      # DAGs    # Errors  Last Runtime    Last Run
--------------------------------------  -----  ---------  --------  ----------  --------------  -------------------
/opt/airflow/dags/data_pipeline_dag.py                           1           0  1.81s           2025-04-30T01:35:16
================================================================================
[2025-04-30T01:35:34.807+0000] {manager.py:451} INFO - Exiting gracefully upon receiving signal 15
[2025-04-30T01:36:09.220+0000] {manager.py:469} INFO - Processing files using up to 2 processes at a time 
[2025-04-30T01:36:09.235+0000] {manager.py:470} INFO - Process each file at most once every 30 seconds
[2025-04-30T01:36:09.235+0000] {manager.py:471} INFO - Checking for new files in /opt/airflow/dags every 300 seconds
[2025-04-30T01:36:09.235+0000] {manager.py:738} INFO - Searching for files in /opt/airflow/dags
[2025-04-30T01:36:09.239+0000] {manager.py:741} INFO - There are 1 files in /opt/airflow/dags
[2025-04-30T01:36:09.620+0000] {manager.py:879} INFO - 
================================================================================
DAG File Processing Stats

File Path                                 PID  Runtime      # DAGs    # Errors  Last Runtime    Last Run
--------------------------------------  -----  ---------  --------  ----------  --------------  ----------
/opt/airflow/dags/data_pipeline_dag.py    169  0.15s             0           0
================================================================================
[2025-04-30T01:36:39.633+0000] {manager.py:879} INFO - 
================================================================================
DAG File Processing Stats

File Path                               PID    Runtime      # DAGs    # Errors  Last Runtime    Last Run
--------------------------------------  -----  ---------  --------  ----------  --------------  -------------------
/opt/airflow/dags/data_pipeline_dag.py                           1           0  1.90s           2025-04-30T01:36:11
================================================================================
[2025-04-30T01:37:09.797+0000] {manager.py:879} INFO - 
================================================================================
DAG File Processing Stats

File Path                               PID    Runtime      # DAGs    # Errors  Last Runtime    Last Run
--------------------------------------  -----  ---------  --------  ----------  --------------  -------------------
/opt/airflow/dags/data_pipeline_dag.py                           1           0  2.66s           2025-04-30T01:36:44
================================================================================
[2025-04-30T01:37:40.357+0000] {manager.py:879} INFO - 
================================================================================
DAG File Processing Stats

File Path                               PID    Runtime      # DAGs    # Errors  Last Runtime    Last Run
--------------------------------------  -----  ---------  --------  ----------  --------------  -------------------
/opt/airflow/dags/data_pipeline_dag.py                           1           0  1.98s           2025-04-30T01:37:16
================================================================================
[2025-04-30T01:38:10.745+0000] {manager.py:879} INFO - 
================================================================================
DAG File Processing Stats

File Path                               PID    Runtime      # DAGs    # Errors  Last Runtime    Last Run
--------------------------------------  -----  ---------  --------  ----------  --------------  -------------------
/opt/airflow/dags/data_pipeline_dag.py                           1           0  1.65s           2025-04-30T01:37:48
================================================================================
[2025-04-30T01:38:40.887+0000] {manager.py:879} INFO - 
================================================================================
DAG File Processing Stats

File Path                               PID    Runtime      # DAGs    # Errors  Last Runtime    Last Run
--------------------------------------  -----  ---------  --------  ----------  --------------  -------------------
/opt/airflow/dags/data_pipeline_dag.py                           1           0  1.87s           2025-04-30T01:38:20
================================================================================
[2025-04-30T01:39:11.457+0000] {manager.py:879} INFO - 
================================================================================
DAG File Processing Stats

File Path                               PID    Runtime      # DAGs    # Errors  Last Runtime    Last Run
--------------------------------------  -----  ---------  --------  ----------  --------------  -------------------
/opt/airflow/dags/data_pipeline_dag.py                           1           0  1.49s           2025-04-30T01:38:52
================================================================================
[2025-04-30T01:39:41.914+0000] {manager.py:879} INFO - 
================================================================================
DAG File Processing Stats

File Path                               PID    Runtime      # DAGs    # Errors  Last Runtime    Last Run
--------------------------------------  -----  ---------  --------  ----------  --------------  -------------------
/opt/airflow/dags/data_pipeline_dag.py                           1           0  1.34s           2025-04-30T01:39:23
================================================================================
[2025-04-30T01:40:12.264+0000] {manager.py:879} INFO - 
================================================================================
DAG File Processing Stats

File Path                               PID    Runtime      # DAGs    # Errors  Last Runtime    Last Run
--------------------------------------  -----  ---------  --------  ----------  --------------  -------------------
/opt/airflow/dags/data_pipeline_dag.py                           1           0  1.40s           2025-04-30T01:39:55
================================================================================
[2025-04-30T01:40:42.888+0000] {manager.py:879} INFO - 
================================================================================
DAG File Processing Stats

File Path                               PID    Runtime      # DAGs    # Errors  Last Runtime    Last Run
--------------------------------------  -----  ---------  --------  ----------  --------------  -------------------
/opt/airflow/dags/data_pipeline_dag.py                           1           0  1.29s           2025-04-30T01:40:27
================================================================================
[2025-04-30T01:41:09.353+0000] {manager.py:738} INFO - Searching for files in /opt/airflow/dags
[2025-04-30T01:41:09.360+0000] {manager.py:741} INFO - There are 1 files in /opt/airflow/dags
[2025-04-30T01:41:13.423+0000] {manager.py:879} INFO - 
================================================================================
DAG File Processing Stats

File Path                               PID    Runtime      # DAGs    # Errors  Last Runtime    Last Run
--------------------------------------  -----  ---------  --------  ----------  --------------  -------------------
/opt/airflow/dags/data_pipeline_dag.py                           1           0  1.05s           2025-04-30T01:40:58
================================================================================
[2025-04-30T01:41:43.699+0000] {manager.py:879} INFO - 
================================================================================
DAG File Processing Stats

File Path                               PID    Runtime      # DAGs    # Errors  Last Runtime    Last Run
--------------------------------------  -----  ---------  --------  ----------  --------------  -------------------
/opt/airflow/dags/data_pipeline_dag.py                           1           0  1.33s           2025-04-30T01:41:29
================================================================================
[2025-04-30T01:42:13.984+0000] {manager.py:879} INFO - 
================================================================================
DAG File Processing Stats

File Path                               PID    Runtime      # DAGs    # Errors  Last Runtime    Last Run
--------------------------------------  -----  ---------  --------  ----------  --------------  -------------------
/opt/airflow/dags/data_pipeline_dag.py                           1           0  2.87s           2025-04-30T01:42:02
================================================================================
[2025-04-30T01:42:44.384+0000] {manager.py:879} INFO - 
================================================================================
DAG File Processing Stats

File Path                               PID    Runtime      # DAGs    # Errors  Last Runtime    Last Run
--------------------------------------  -----  ---------  --------  ----------  --------------  -------------------
/opt/airflow/dags/data_pipeline_dag.py                           1           0  2.56s           2025-04-30T01:42:35
================================================================================
[2025-04-30T01:43:15.073+0000] {manager.py:879} INFO - 
================================================================================
DAG File Processing Stats

File Path                               PID    Runtime      # DAGs    # Errors  Last Runtime    Last Run
--------------------------------------  -----  ---------  --------  ----------  --------------  -------------------
/opt/airflow/dags/data_pipeline_dag.py                           1           0  1.12s           2025-04-30T01:43:07
================================================================================
[2025-04-30T01:43:45.279+0000] {manager.py:879} INFO - 
================================================================================
DAG File Processing Stats

File Path                               PID    Runtime      # DAGs    # Errors  Last Runtime    Last Run
--------------------------------------  -----  ---------  --------  ----------  --------------  -------------------
/opt/airflow/dags/data_pipeline_dag.py                           1           0  1.00s           2025-04-30T01:43:38
================================================================================
[2025-04-30T01:44:15.519+0000] {manager.py:879} INFO - 
================================================================================
DAG File Processing Stats

File Path                               PID    Runtime      # DAGs    # Errors  Last Runtime    Last Run
--------------------------------------  -----  ---------  --------  ----------  --------------  -------------------
/opt/airflow/dags/data_pipeline_dag.py                           1           0  1.13s           2025-04-30T01:44:09
================================================================================
[2025-04-30T01:44:45.720+0000] {manager.py:879} INFO - 
================================================================================
DAG File Processing Stats

File Path                               PID    Runtime      # DAGs    # Errors  Last Runtime    Last Run
--------------------------------------  -----  ---------  --------  ----------  --------------  -------------------
/opt/airflow/dags/data_pipeline_dag.py                           1           0  0.99s           2025-04-30T01:44:40
================================================================================
[2025-04-30T01:45:15.953+0000] {manager.py:879} INFO - 
================================================================================
DAG File Processing Stats

File Path                               PID    Runtime      # DAGs    # Errors  Last Runtime    Last Run
--------------------------------------  -----  ---------  --------  ----------  --------------  -------------------
/opt/airflow/dags/data_pipeline_dag.py                           1           0  1.02s           2025-04-30T01:45:11
================================================================================
[2025-04-30T01:45:46.146+0000] {manager.py:879} INFO - 
================================================================================
DAG File Processing Stats

File Path                               PID    Runtime      # DAGs    # Errors  Last Runtime    Last Run
--------------------------------------  -----  ---------  --------  ----------  --------------  -------------------
/opt/airflow/dags/data_pipeline_dag.py                           1           0  0.99s           2025-04-30T01:45:43
================================================================================
[2025-04-30T01:46:06.912+0000] {manager.py:451} INFO - Exiting gracefully upon receiving signal 15
[2025-04-30T01:46:59.602+0000] {manager.py:469} INFO - Processing files using up to 2 processes at a time 
[2025-04-30T01:46:59.604+0000] {manager.py:470} INFO - Process each file at most once every 30 seconds
[2025-04-30T01:46:59.607+0000] {manager.py:471} INFO - Checking for new files in /opt/airflow/dags every 300 seconds
[2025-04-30T01:46:59.608+0000] {manager.py:738} INFO - Searching for files in /opt/airflow/dags
[2025-04-30T01:46:59.612+0000] {manager.py:741} INFO - There are 1 files in /opt/airflow/dags
[2025-04-30T01:47:00.177+0000] {manager.py:879} INFO - 
================================================================================
DAG File Processing Stats

File Path                                 PID  Runtime      # DAGs    # Errors  Last Runtime    Last Run
--------------------------------------  -----  ---------  --------  ----------  --------------  ----------
/opt/airflow/dags/data_pipeline_dag.py    170  0.19s             0           0
================================================================================
[2025-04-30T01:47:30.454+0000] {manager.py:879} INFO - 
================================================================================
DAG File Processing Stats

File Path                               PID    Runtime      # DAGs    # Errors  Last Runtime    Last Run
--------------------------------------  -----  ---------  --------  ----------  --------------  -------------------
/opt/airflow/dags/data_pipeline_dag.py                           1           0  4.33s           2025-04-30T01:47:04
================================================================================
[2025-04-30T01:48:00.894+0000] {manager.py:879} INFO - 
================================================================================
DAG File Processing Stats

File Path                               PID    Runtime      # DAGs    # Errors  Last Runtime    Last Run
--------------------------------------  -----  ---------  --------  ----------  --------------  -------------------
/opt/airflow/dags/data_pipeline_dag.py                           1           0  1.21s           2025-04-30T01:47:35
================================================================================
[2025-04-30T01:48:31.325+0000] {manager.py:879} INFO - 
================================================================================
DAG File Processing Stats

File Path                               PID    Runtime      # DAGs    # Errors  Last Runtime    Last Run
--------------------------------------  -----  ---------  --------  ----------  --------------  -------------------
/opt/airflow/dags/data_pipeline_dag.py                           1           0  1.27s           2025-04-30T01:48:07
================================================================================
[2025-04-30T01:49:01.735+0000] {manager.py:879} INFO - 
================================================================================
DAG File Processing Stats

File Path                               PID    Runtime      # DAGs    # Errors  Last Runtime    Last Run
--------------------------------------  -----  ---------  --------  ----------  --------------  -------------------
/opt/airflow/dags/data_pipeline_dag.py                           1           0  1.39s           2025-04-30T01:48:38
================================================================================
[2025-04-30T01:49:32.266+0000] {manager.py:879} INFO - 
================================================================================
DAG File Processing Stats

File Path                               PID    Runtime      # DAGs    # Errors  Last Runtime    Last Run
--------------------------------------  -----  ---------  --------  ----------  --------------  -------------------
/opt/airflow/dags/data_pipeline_dag.py                           1           0  2.62s           2025-04-30T01:49:11
================================================================================
[2025-04-30T01:50:02.933+0000] {manager.py:879} INFO - 
================================================================================
DAG File Processing Stats

File Path                               PID    Runtime      # DAGs    # Errors  Last Runtime    Last Run
--------------------------------------  -----  ---------  --------  ----------  --------------  -------------------
/opt/airflow/dags/data_pipeline_dag.py                           1           0  1.20s           2025-04-30T01:49:42
================================================================================
[2025-04-30T01:50:33.181+0000] {manager.py:879} INFO - 
================================================================================
DAG File Processing Stats

File Path                               PID    Runtime      # DAGs    # Errors  Last Runtime    Last Run
--------------------------------------  -----  ---------  --------  ----------  --------------  -------------------
/opt/airflow/dags/data_pipeline_dag.py                           1           0  1.14s           2025-04-30T01:50:14
================================================================================
[2025-04-30T01:51:03.510+0000] {manager.py:879} INFO - 
================================================================================
DAG File Processing Stats

File Path                               PID    Runtime      # DAGs    # Errors  Last Runtime    Last Run
--------------------------------------  -----  ---------  --------  ----------  --------------  -------------------
/opt/airflow/dags/data_pipeline_dag.py                           1           0  1.14s           2025-04-30T01:50:45
================================================================================
[2025-04-30T01:51:33.747+0000] {manager.py:879} INFO - 
================================================================================
DAG File Processing Stats

File Path                               PID    Runtime      # DAGs    # Errors  Last Runtime    Last Run
--------------------------------------  -----  ---------  --------  ----------  --------------  -------------------
/opt/airflow/dags/data_pipeline_dag.py                           1           0  1.08s           2025-04-30T01:51:16
================================================================================
[2025-04-30T01:51:59.952+0000] {manager.py:738} INFO - Searching for files in /opt/airflow/dags
[2025-04-30T01:51:59.955+0000] {manager.py:741} INFO - There are 1 files in /opt/airflow/dags
[2025-04-30T01:52:03.998+0000] {manager.py:879} INFO - 
================================================================================
DAG File Processing Stats

File Path                               PID    Runtime      # DAGs    # Errors  Last Runtime    Last Run
--------------------------------------  -----  ---------  --------  ----------  --------------  -------------------
/opt/airflow/dags/data_pipeline_dag.py                           1           0  1.14s           2025-04-30T01:51:47
================================================================================
[2025-04-30T01:52:34.288+0000] {manager.py:879} INFO - 
================================================================================
DAG File Processing Stats

File Path                               PID    Runtime      # DAGs    # Errors  Last Runtime    Last Run
--------------------------------------  -----  ---------  --------  ----------  --------------  -------------------
/opt/airflow/dags/data_pipeline_dag.py                           1           0  1.22s           2025-04-30T01:52:19
================================================================================
[2025-04-30T01:53:04.443+0000] {manager.py:879} INFO - 
================================================================================
DAG File Processing Stats

File Path                               PID    Runtime      # DAGs    # Errors  Last Runtime    Last Run
--------------------------------------  -----  ---------  --------  ----------  --------------  -------------------
/opt/airflow/dags/data_pipeline_dag.py                           1           0  0.96s           2025-04-30T01:52:50
================================================================================
[2025-04-30T01:53:34.626+0000] {manager.py:879} INFO - 
================================================================================
DAG File Processing Stats

File Path                               PID    Runtime      # DAGs    # Errors  Last Runtime    Last Run
--------------------------------------  -----  ---------  --------  ----------  --------------  -------------------
/opt/airflow/dags/data_pipeline_dag.py                           1           0  0.96s           2025-04-30T01:53:21
================================================================================
[2025-04-30T01:54:04.806+0000] {manager.py:879} INFO - 
================================================================================
DAG File Processing Stats

File Path                               PID    Runtime      # DAGs    # Errors  Last Runtime    Last Run
--------------------------------------  -----  ---------  --------  ----------  --------------  -------------------
/opt/airflow/dags/data_pipeline_dag.py                           1           0  0.99s           2025-04-30T01:53:52
================================================================================
[2025-04-30T01:54:34.947+0000] {manager.py:879} INFO - 
================================================================================
DAG File Processing Stats

File Path                               PID    Runtime      # DAGs    # Errors  Last Runtime    Last Run
--------------------------------------  -----  ---------  --------  ----------  --------------  -------------------
/opt/airflow/dags/data_pipeline_dag.py                           1           0  0.94s           2025-04-30T01:54:23
================================================================================
[2025-04-30T01:55:05.178+0000] {manager.py:879} INFO - 
================================================================================
DAG File Processing Stats

File Path                               PID    Runtime      # DAGs    # Errors  Last Runtime    Last Run
--------------------------------------  -----  ---------  --------  ----------  --------------  -------------------
/opt/airflow/dags/data_pipeline_dag.py                           1           0  1.02s           2025-04-30T01:54:55
================================================================================
[2025-04-30T01:55:35.416+0000] {manager.py:879} INFO - 
================================================================================
DAG File Processing Stats

File Path                               PID    Runtime      # DAGs    # Errors  Last Runtime    Last Run
--------------------------------------  -----  ---------  --------  ----------  --------------  -------------------
/opt/airflow/dags/data_pipeline_dag.py                           1           0  1.02s           2025-04-30T01:55:26
================================================================================
[2025-04-30T01:56:05.646+0000] {manager.py:879} INFO - 
================================================================================
DAG File Processing Stats

File Path                               PID    Runtime      # DAGs    # Errors  Last Runtime    Last Run
--------------------------------------  -----  ---------  --------  ----------  --------------  -------------------
/opt/airflow/dags/data_pipeline_dag.py                           1           0  1.04s           2025-04-30T01:55:57
================================================================================
[2025-04-30T01:56:35.855+0000] {manager.py:879} INFO - 
================================================================================
DAG File Processing Stats

File Path                               PID    Runtime      # DAGs    # Errors  Last Runtime    Last Run
--------------------------------------  -----  ---------  --------  ----------  --------------  -------------------
/opt/airflow/dags/data_pipeline_dag.py                           1           0  1.02s           2025-04-30T01:56:28
================================================================================
[2025-04-30T01:56:59.978+0000] {manager.py:738} INFO - Searching for files in /opt/airflow/dags
[2025-04-30T01:56:59.981+0000] {manager.py:741} INFO - There are 1 files in /opt/airflow/dags
[2025-04-30T01:57:06.039+0000] {manager.py:879} INFO - 
================================================================================
DAG File Processing Stats

File Path                               PID    Runtime      # DAGs    # Errors  Last Runtime    Last Run
--------------------------------------  -----  ---------  --------  ----------  --------------  -------------------
/opt/airflow/dags/data_pipeline_dag.py                           1           0  0.97s           2025-04-30T01:56:59
================================================================================
