[2025-04-30T01:14:31.099+0000] {processor.py:161} INFO - Started process (PID=809) to work on /opt/airflow/dags/data_pipeline_dag.py
[2025-04-30T01:14:31.101+0000] {processor.py:830} INFO - Processing file /opt/airflow/dags/data_pipeline_dag.py for tasks to queue
[2025-04-30T01:14:31.103+0000] {logging_mixin.py:188} INFO - [2025-04-30T01:14:31.103+0000] {dagbag.py:538} INFO - Filling up the DagBag from /opt/airflow/dags/data_pipeline_dag.py
[2025-04-30T01:14:31.918+0000] {processor.py:840} INFO - DAG(s) 'data_pipeline' retrieved from /opt/airflow/dags/data_pipeline_dag.py
[2025-04-30T01:14:32.458+0000] {logging_mixin.py:188} INFO - [2025-04-30T01:14:32.457+0000] {override.py:1769} INFO - Created Permission View: can edit on DAG:data_pipeline
[2025-04-30T01:14:32.482+0000] {logging_mixin.py:188} INFO - [2025-04-30T01:14:32.482+0000] {override.py:1769} INFO - Created Permission View: can read on DAG:data_pipeline
[2025-04-30T01:14:32.501+0000] {logging_mixin.py:188} INFO - [2025-04-30T01:14:32.500+0000] {override.py:1769} INFO - Created Permission View: can delete on DAG:data_pipeline
[2025-04-30T01:14:32.502+0000] {logging_mixin.py:188} INFO - [2025-04-30T01:14:32.501+0000] {dag.py:3036} INFO - Sync 1 DAGs
[2025-04-30T01:14:32.521+0000] {logging_mixin.py:188} INFO - [2025-04-30T01:14:32.520+0000] {dag.py:3058} INFO - Creating ORM DAG for data_pipeline
[2025-04-30T01:14:32.542+0000] {logging_mixin.py:188} INFO - [2025-04-30T01:14:32.542+0000] {dag.py:3823} INFO - Setting next_dagrun for data_pipeline to 2025-04-29 00:00:00+00:00, run_after=2025-04-30 00:00:00+00:00
[2025-04-30T01:14:32.577+0000] {processor.py:183} INFO - Processing /opt/airflow/dags/data_pipeline_dag.py took 1.485 seconds
[2025-04-30T01:15:02.896+0000] {processor.py:161} INFO - Started process (PID=815) to work on /opt/airflow/dags/data_pipeline_dag.py
[2025-04-30T01:15:02.899+0000] {processor.py:830} INFO - Processing file /opt/airflow/dags/data_pipeline_dag.py for tasks to queue
[2025-04-30T01:15:02.901+0000] {logging_mixin.py:188} INFO - [2025-04-30T01:15:02.900+0000] {dagbag.py:538} INFO - Filling up the DagBag from /opt/airflow/dags/data_pipeline_dag.py
[2025-04-30T01:15:03.660+0000] {processor.py:840} INFO - DAG(s) 'data_pipeline' retrieved from /opt/airflow/dags/data_pipeline_dag.py
[2025-04-30T01:15:03.713+0000] {logging_mixin.py:188} INFO - [2025-04-30T01:15:03.712+0000] {dag.py:3036} INFO - Sync 1 DAGs
[2025-04-30T01:15:03.750+0000] {logging_mixin.py:188} INFO - [2025-04-30T01:15:03.750+0000] {dag.py:3823} INFO - Setting next_dagrun for data_pipeline to 2025-04-29 00:00:00+00:00, run_after=2025-04-30 00:00:00+00:00
[2025-04-30T01:15:03.783+0000] {processor.py:183} INFO - Processing /opt/airflow/dags/data_pipeline_dag.py took 0.896 seconds
[2025-04-30T01:15:42.635+0000] {processor.py:161} INFO - Started process (PID=168) to work on /opt/airflow/dags/data_pipeline_dag.py
[2025-04-30T01:15:42.642+0000] {processor.py:830} INFO - Processing file /opt/airflow/dags/data_pipeline_dag.py for tasks to queue
[2025-04-30T01:15:42.643+0000] {logging_mixin.py:188} INFO - [2025-04-30T01:15:42.643+0000] {dagbag.py:538} INFO - Filling up the DagBag from /opt/airflow/dags/data_pipeline_dag.py
[2025-04-30T01:15:43.220+0000] {processor.py:840} INFO - DAG(s) 'data_pipeline' retrieved from /opt/airflow/dags/data_pipeline_dag.py
[2025-04-30T01:15:43.734+0000] {logging_mixin.py:188} INFO - [2025-04-30T01:15:43.733+0000] {dag.py:3036} INFO - Sync 1 DAGs
[2025-04-30T01:15:43.880+0000] {logging_mixin.py:188} INFO - [2025-04-30T01:15:43.879+0000] {dag.py:3823} INFO - Setting next_dagrun for data_pipeline to 2025-04-29 00:00:00+00:00, run_after=2025-04-30 00:00:00+00:00
[2025-04-30T01:15:44.002+0000] {processor.py:183} INFO - Processing /opt/airflow/dags/data_pipeline_dag.py took 1.377 seconds
[2025-04-30T01:16:14.459+0000] {processor.py:161} INFO - Started process (PID=181) to work on /opt/airflow/dags/data_pipeline_dag.py
[2025-04-30T01:16:14.464+0000] {processor.py:830} INFO - Processing file /opt/airflow/dags/data_pipeline_dag.py for tasks to queue
[2025-04-30T01:16:14.466+0000] {logging_mixin.py:188} INFO - [2025-04-30T01:16:14.466+0000] {dagbag.py:538} INFO - Filling up the DagBag from /opt/airflow/dags/data_pipeline_dag.py
[2025-04-30T01:16:15.285+0000] {processor.py:840} INFO - DAG(s) 'data_pipeline' retrieved from /opt/airflow/dags/data_pipeline_dag.py
[2025-04-30T01:16:15.333+0000] {logging_mixin.py:188} INFO - [2025-04-30T01:16:15.332+0000] {dag.py:3036} INFO - Sync 1 DAGs
[2025-04-30T01:16:15.378+0000] {logging_mixin.py:188} INFO - [2025-04-30T01:16:15.378+0000] {dag.py:3823} INFO - Setting next_dagrun for data_pipeline to 2025-04-30 00:00:00+00:00, run_after=2025-05-01 00:00:00+00:00
[2025-04-30T01:16:15.402+0000] {processor.py:183} INFO - Processing /opt/airflow/dags/data_pipeline_dag.py took 0.951 seconds
[2025-04-30T01:16:45.776+0000] {processor.py:161} INFO - Started process (PID=187) to work on /opt/airflow/dags/data_pipeline_dag.py
[2025-04-30T01:16:45.786+0000] {processor.py:830} INFO - Processing file /opt/airflow/dags/data_pipeline_dag.py for tasks to queue
[2025-04-30T01:16:45.792+0000] {logging_mixin.py:188} INFO - [2025-04-30T01:16:45.789+0000] {dagbag.py:538} INFO - Filling up the DagBag from /opt/airflow/dags/data_pipeline_dag.py
[2025-04-30T01:16:47.374+0000] {processor.py:840} INFO - DAG(s) 'data_pipeline' retrieved from /opt/airflow/dags/data_pipeline_dag.py
[2025-04-30T01:16:47.459+0000] {logging_mixin.py:188} INFO - [2025-04-30T01:16:47.458+0000] {dag.py:3036} INFO - Sync 1 DAGs
[2025-04-30T01:16:47.493+0000] {logging_mixin.py:188} INFO - [2025-04-30T01:16:47.493+0000] {dag.py:3823} INFO - Setting next_dagrun for data_pipeline to 2025-04-30 00:00:00+00:00, run_after=2025-05-01 00:00:00+00:00
[2025-04-30T01:16:47.525+0000] {processor.py:183} INFO - Processing /opt/airflow/dags/data_pipeline_dag.py took 1.768 seconds
[2025-04-30T01:17:17.963+0000] {processor.py:161} INFO - Started process (PID=193) to work on /opt/airflow/dags/data_pipeline_dag.py
[2025-04-30T01:17:17.967+0000] {processor.py:830} INFO - Processing file /opt/airflow/dags/data_pipeline_dag.py for tasks to queue
[2025-04-30T01:17:17.970+0000] {logging_mixin.py:188} INFO - [2025-04-30T01:17:17.968+0000] {dagbag.py:538} INFO - Filling up the DagBag from /opt/airflow/dags/data_pipeline_dag.py
[2025-04-30T01:17:19.538+0000] {processor.py:840} INFO - DAG(s) 'data_pipeline' retrieved from /opt/airflow/dags/data_pipeline_dag.py
[2025-04-30T01:17:19.586+0000] {logging_mixin.py:188} INFO - [2025-04-30T01:17:19.586+0000] {dag.py:3036} INFO - Sync 1 DAGs
[2025-04-30T01:17:19.624+0000] {logging_mixin.py:188} INFO - [2025-04-30T01:17:19.624+0000] {dag.py:3823} INFO - Setting next_dagrun for data_pipeline to 2025-04-30 00:00:00+00:00, run_after=2025-05-01 00:00:00+00:00
[2025-04-30T01:17:19.656+0000] {processor.py:183} INFO - Processing /opt/airflow/dags/data_pipeline_dag.py took 1.703 seconds
[2025-04-30T01:17:49.877+0000] {processor.py:161} INFO - Started process (PID=199) to work on /opt/airflow/dags/data_pipeline_dag.py
[2025-04-30T01:17:49.880+0000] {processor.py:830} INFO - Processing file /opt/airflow/dags/data_pipeline_dag.py for tasks to queue
[2025-04-30T01:17:49.881+0000] {logging_mixin.py:188} INFO - [2025-04-30T01:17:49.881+0000] {dagbag.py:538} INFO - Filling up the DagBag from /opt/airflow/dags/data_pipeline_dag.py
[2025-04-30T01:17:50.629+0000] {processor.py:840} INFO - DAG(s) 'data_pipeline' retrieved from /opt/airflow/dags/data_pipeline_dag.py
[2025-04-30T01:17:50.672+0000] {logging_mixin.py:188} INFO - [2025-04-30T01:17:50.671+0000] {dag.py:3036} INFO - Sync 1 DAGs
[2025-04-30T01:17:50.704+0000] {logging_mixin.py:188} INFO - [2025-04-30T01:17:50.704+0000] {dag.py:3823} INFO - Setting next_dagrun for data_pipeline to 2025-04-30 00:00:00+00:00, run_after=2025-05-01 00:00:00+00:00
[2025-04-30T01:17:50.729+0000] {processor.py:183} INFO - Processing /opt/airflow/dags/data_pipeline_dag.py took 0.863 seconds
[2025-04-30T01:18:21.034+0000] {processor.py:161} INFO - Started process (PID=205) to work on /opt/airflow/dags/data_pipeline_dag.py
[2025-04-30T01:18:21.037+0000] {processor.py:830} INFO - Processing file /opt/airflow/dags/data_pipeline_dag.py for tasks to queue
[2025-04-30T01:18:21.039+0000] {logging_mixin.py:188} INFO - [2025-04-30T01:18:21.038+0000] {dagbag.py:538} INFO - Filling up the DagBag from /opt/airflow/dags/data_pipeline_dag.py
[2025-04-30T01:18:21.805+0000] {processor.py:840} INFO - DAG(s) 'data_pipeline' retrieved from /opt/airflow/dags/data_pipeline_dag.py
[2025-04-30T01:18:21.856+0000] {logging_mixin.py:188} INFO - [2025-04-30T01:18:21.855+0000] {dag.py:3036} INFO - Sync 1 DAGs
[2025-04-30T01:18:21.891+0000] {logging_mixin.py:188} INFO - [2025-04-30T01:18:21.889+0000] {dag.py:3823} INFO - Setting next_dagrun for data_pipeline to 2025-04-30 00:00:00+00:00, run_after=2025-05-01 00:00:00+00:00
[2025-04-30T01:18:21.919+0000] {processor.py:183} INFO - Processing /opt/airflow/dags/data_pipeline_dag.py took 0.895 seconds
[2025-04-30T01:18:52.233+0000] {processor.py:161} INFO - Started process (PID=211) to work on /opt/airflow/dags/data_pipeline_dag.py
[2025-04-30T01:18:52.235+0000] {processor.py:830} INFO - Processing file /opt/airflow/dags/data_pipeline_dag.py for tasks to queue
[2025-04-30T01:18:52.237+0000] {logging_mixin.py:188} INFO - [2025-04-30T01:18:52.237+0000] {dagbag.py:538} INFO - Filling up the DagBag from /opt/airflow/dags/data_pipeline_dag.py
[2025-04-30T01:18:53.398+0000] {processor.py:840} INFO - DAG(s) 'data_pipeline' retrieved from /opt/airflow/dags/data_pipeline_dag.py
[2025-04-30T01:18:53.486+0000] {logging_mixin.py:188} INFO - [2025-04-30T01:18:53.486+0000] {dag.py:3036} INFO - Sync 1 DAGs
[2025-04-30T01:18:53.563+0000] {logging_mixin.py:188} INFO - [2025-04-30T01:18:53.562+0000] {dag.py:3823} INFO - Setting next_dagrun for data_pipeline to 2025-04-30 00:00:00+00:00, run_after=2025-05-01 00:00:00+00:00
[2025-04-30T01:18:53.623+0000] {processor.py:183} INFO - Processing /opt/airflow/dags/data_pipeline_dag.py took 1.408 seconds
[2025-04-30T01:19:23.948+0000] {processor.py:161} INFO - Started process (PID=217) to work on /opt/airflow/dags/data_pipeline_dag.py
[2025-04-30T01:19:23.951+0000] {processor.py:830} INFO - Processing file /opt/airflow/dags/data_pipeline_dag.py for tasks to queue
[2025-04-30T01:19:23.953+0000] {logging_mixin.py:188} INFO - [2025-04-30T01:19:23.952+0000] {dagbag.py:538} INFO - Filling up the DagBag from /opt/airflow/dags/data_pipeline_dag.py
[2025-04-30T01:19:24.793+0000] {processor.py:840} INFO - DAG(s) 'data_pipeline' retrieved from /opt/airflow/dags/data_pipeline_dag.py
[2025-04-30T01:19:24.852+0000] {logging_mixin.py:188} INFO - [2025-04-30T01:19:24.852+0000] {dag.py:3036} INFO - Sync 1 DAGs
[2025-04-30T01:19:24.895+0000] {logging_mixin.py:188} INFO - [2025-04-30T01:19:24.895+0000] {dag.py:3823} INFO - Setting next_dagrun for data_pipeline to 2025-04-30 00:00:00+00:00, run_after=2025-05-01 00:00:00+00:00
[2025-04-30T01:19:24.925+0000] {processor.py:183} INFO - Processing /opt/airflow/dags/data_pipeline_dag.py took 0.984 seconds
[2025-04-30T01:19:55.195+0000] {processor.py:161} INFO - Started process (PID=223) to work on /opt/airflow/dags/data_pipeline_dag.py
[2025-04-30T01:19:55.198+0000] {processor.py:830} INFO - Processing file /opt/airflow/dags/data_pipeline_dag.py for tasks to queue
[2025-04-30T01:19:55.199+0000] {logging_mixin.py:188} INFO - [2025-04-30T01:19:55.199+0000] {dagbag.py:538} INFO - Filling up the DagBag from /opt/airflow/dags/data_pipeline_dag.py
[2025-04-30T01:19:55.966+0000] {processor.py:840} INFO - DAG(s) 'data_pipeline' retrieved from /opt/airflow/dags/data_pipeline_dag.py
[2025-04-30T01:19:56.006+0000] {logging_mixin.py:188} INFO - [2025-04-30T01:19:56.006+0000] {dag.py:3036} INFO - Sync 1 DAGs
[2025-04-30T01:19:56.041+0000] {logging_mixin.py:188} INFO - [2025-04-30T01:19:56.040+0000] {dag.py:3823} INFO - Setting next_dagrun for data_pipeline to 2025-04-30 00:00:00+00:00, run_after=2025-05-01 00:00:00+00:00
[2025-04-30T01:19:56.072+0000] {processor.py:183} INFO - Processing /opt/airflow/dags/data_pipeline_dag.py took 0.886 seconds
[2025-04-30T01:20:26.356+0000] {processor.py:161} INFO - Started process (PID=229) to work on /opt/airflow/dags/data_pipeline_dag.py
[2025-04-30T01:20:26.361+0000] {processor.py:830} INFO - Processing file /opt/airflow/dags/data_pipeline_dag.py for tasks to queue
[2025-04-30T01:20:26.362+0000] {logging_mixin.py:188} INFO - [2025-04-30T01:20:26.362+0000] {dagbag.py:538} INFO - Filling up the DagBag from /opt/airflow/dags/data_pipeline_dag.py
[2025-04-30T01:20:27.136+0000] {processor.py:840} INFO - DAG(s) 'data_pipeline' retrieved from /opt/airflow/dags/data_pipeline_dag.py
[2025-04-30T01:20:27.208+0000] {logging_mixin.py:188} INFO - [2025-04-30T01:20:27.207+0000] {dag.py:3036} INFO - Sync 1 DAGs
[2025-04-30T01:20:27.256+0000] {logging_mixin.py:188} INFO - [2025-04-30T01:20:27.256+0000] {dag.py:3823} INFO - Setting next_dagrun for data_pipeline to 2025-04-30 00:00:00+00:00, run_after=2025-05-01 00:00:00+00:00
[2025-04-30T01:20:27.298+0000] {processor.py:183} INFO - Processing /opt/airflow/dags/data_pipeline_dag.py took 0.950 seconds
[2025-04-30T01:20:57.610+0000] {processor.py:161} INFO - Started process (PID=235) to work on /opt/airflow/dags/data_pipeline_dag.py
[2025-04-30T01:20:57.612+0000] {processor.py:830} INFO - Processing file /opt/airflow/dags/data_pipeline_dag.py for tasks to queue
[2025-04-30T01:20:57.614+0000] {logging_mixin.py:188} INFO - [2025-04-30T01:20:57.613+0000] {dagbag.py:538} INFO - Filling up the DagBag from /opt/airflow/dags/data_pipeline_dag.py
[2025-04-30T01:20:58.364+0000] {processor.py:840} INFO - DAG(s) 'data_pipeline' retrieved from /opt/airflow/dags/data_pipeline_dag.py
[2025-04-30T01:20:58.414+0000] {logging_mixin.py:188} INFO - [2025-04-30T01:20:58.413+0000] {dag.py:3036} INFO - Sync 1 DAGs
[2025-04-30T01:20:58.450+0000] {logging_mixin.py:188} INFO - [2025-04-30T01:20:58.449+0000] {dag.py:3823} INFO - Setting next_dagrun for data_pipeline to 2025-04-30 00:00:00+00:00, run_after=2025-05-01 00:00:00+00:00
[2025-04-30T01:20:58.475+0000] {processor.py:183} INFO - Processing /opt/airflow/dags/data_pipeline_dag.py took 0.873 seconds
[2025-04-30T01:21:28.766+0000] {processor.py:161} INFO - Started process (PID=247) to work on /opt/airflow/dags/data_pipeline_dag.py
[2025-04-30T01:21:28.772+0000] {processor.py:830} INFO - Processing file /opt/airflow/dags/data_pipeline_dag.py for tasks to queue
[2025-04-30T01:21:28.776+0000] {logging_mixin.py:188} INFO - [2025-04-30T01:21:28.774+0000] {dagbag.py:538} INFO - Filling up the DagBag from /opt/airflow/dags/data_pipeline_dag.py
[2025-04-30T01:21:29.556+0000] {processor.py:840} INFO - DAG(s) 'data_pipeline' retrieved from /opt/airflow/dags/data_pipeline_dag.py
[2025-04-30T01:21:29.597+0000] {logging_mixin.py:188} INFO - [2025-04-30T01:21:29.597+0000] {dag.py:3036} INFO - Sync 1 DAGs
[2025-04-30T01:21:29.629+0000] {logging_mixin.py:188} INFO - [2025-04-30T01:21:29.629+0000] {dag.py:3823} INFO - Setting next_dagrun for data_pipeline to 2025-04-30 00:00:00+00:00, run_after=2025-05-01 00:00:00+00:00
[2025-04-30T01:21:29.662+0000] {processor.py:183} INFO - Processing /opt/airflow/dags/data_pipeline_dag.py took 0.906 seconds
[2025-04-30T01:22:00.110+0000] {processor.py:161} INFO - Started process (PID=253) to work on /opt/airflow/dags/data_pipeline_dag.py
[2025-04-30T01:22:00.119+0000] {processor.py:830} INFO - Processing file /opt/airflow/dags/data_pipeline_dag.py for tasks to queue
[2025-04-30T01:22:00.121+0000] {logging_mixin.py:188} INFO - [2025-04-30T01:22:00.121+0000] {dagbag.py:538} INFO - Filling up the DagBag from /opt/airflow/dags/data_pipeline_dag.py
[2025-04-30T01:22:01.508+0000] {processor.py:840} INFO - DAG(s) 'data_pipeline' retrieved from /opt/airflow/dags/data_pipeline_dag.py
[2025-04-30T01:22:01.562+0000] {logging_mixin.py:188} INFO - [2025-04-30T01:22:01.562+0000] {dag.py:3036} INFO - Sync 1 DAGs
[2025-04-30T01:22:01.618+0000] {logging_mixin.py:188} INFO - [2025-04-30T01:22:01.617+0000] {dag.py:3823} INFO - Setting next_dagrun for data_pipeline to 2025-04-30 00:00:00+00:00, run_after=2025-05-01 00:00:00+00:00
[2025-04-30T01:22:01.654+0000] {processor.py:183} INFO - Processing /opt/airflow/dags/data_pipeline_dag.py took 1.557 seconds
[2025-04-30T01:22:32.018+0000] {processor.py:161} INFO - Started process (PID=259) to work on /opt/airflow/dags/data_pipeline_dag.py
[2025-04-30T01:22:32.021+0000] {processor.py:830} INFO - Processing file /opt/airflow/dags/data_pipeline_dag.py for tasks to queue
[2025-04-30T01:22:32.022+0000] {logging_mixin.py:188} INFO - [2025-04-30T01:22:32.022+0000] {dagbag.py:538} INFO - Filling up the DagBag from /opt/airflow/dags/data_pipeline_dag.py
[2025-04-30T01:22:32.963+0000] {processor.py:840} INFO - DAG(s) 'data_pipeline' retrieved from /opt/airflow/dags/data_pipeline_dag.py
[2025-04-30T01:22:33.039+0000] {logging_mixin.py:188} INFO - [2025-04-30T01:22:33.038+0000] {dag.py:3036} INFO - Sync 1 DAGs
[2025-04-30T01:22:33.107+0000] {logging_mixin.py:188} INFO - [2025-04-30T01:22:33.107+0000] {dag.py:3823} INFO - Setting next_dagrun for data_pipeline to 2025-04-30 00:00:00+00:00, run_after=2025-05-01 00:00:00+00:00
[2025-04-30T01:22:33.163+0000] {processor.py:183} INFO - Processing /opt/airflow/dags/data_pipeline_dag.py took 1.153 seconds
[2025-04-30T01:23:03.332+0000] {processor.py:161} INFO - Started process (PID=265) to work on /opt/airflow/dags/data_pipeline_dag.py
[2025-04-30T01:23:03.336+0000] {processor.py:830} INFO - Processing file /opt/airflow/dags/data_pipeline_dag.py for tasks to queue
[2025-04-30T01:23:03.338+0000] {logging_mixin.py:188} INFO - [2025-04-30T01:23:03.337+0000] {dagbag.py:538} INFO - Filling up the DagBag from /opt/airflow/dags/data_pipeline_dag.py
[2025-04-30T01:23:04.313+0000] {processor.py:840} INFO - DAG(s) 'data_pipeline' retrieved from /opt/airflow/dags/data_pipeline_dag.py
[2025-04-30T01:23:04.366+0000] {logging_mixin.py:188} INFO - [2025-04-30T01:23:04.365+0000] {dag.py:3036} INFO - Sync 1 DAGs
[2025-04-30T01:23:04.404+0000] {logging_mixin.py:188} INFO - [2025-04-30T01:23:04.404+0000] {dag.py:3823} INFO - Setting next_dagrun for data_pipeline to 2025-04-30 00:00:00+00:00, run_after=2025-05-01 00:00:00+00:00
[2025-04-30T01:23:04.447+0000] {processor.py:183} INFO - Processing /opt/airflow/dags/data_pipeline_dag.py took 1.130 seconds
[2025-04-30T01:23:34.835+0000] {processor.py:161} INFO - Started process (PID=271) to work on /opt/airflow/dags/data_pipeline_dag.py
[2025-04-30T01:23:34.838+0000] {processor.py:830} INFO - Processing file /opt/airflow/dags/data_pipeline_dag.py for tasks to queue
[2025-04-30T01:23:34.840+0000] {logging_mixin.py:188} INFO - [2025-04-30T01:23:34.839+0000] {dagbag.py:538} INFO - Filling up the DagBag from /opt/airflow/dags/data_pipeline_dag.py
[2025-04-30T01:23:35.754+0000] {processor.py:840} INFO - DAG(s) 'data_pipeline' retrieved from /opt/airflow/dags/data_pipeline_dag.py
[2025-04-30T01:23:35.808+0000] {logging_mixin.py:188} INFO - [2025-04-30T01:23:35.807+0000] {dag.py:3036} INFO - Sync 1 DAGs
[2025-04-30T01:23:35.848+0000] {logging_mixin.py:188} INFO - [2025-04-30T01:23:35.848+0000] {dag.py:3823} INFO - Setting next_dagrun for data_pipeline to 2025-04-30 00:00:00+00:00, run_after=2025-05-01 00:00:00+00:00
[2025-04-30T01:23:35.890+0000] {processor.py:183} INFO - Processing /opt/airflow/dags/data_pipeline_dag.py took 1.065 seconds
[2025-04-30T01:24:06.165+0000] {processor.py:161} INFO - Started process (PID=277) to work on /opt/airflow/dags/data_pipeline_dag.py
[2025-04-30T01:24:06.172+0000] {processor.py:830} INFO - Processing file /opt/airflow/dags/data_pipeline_dag.py for tasks to queue
[2025-04-30T01:24:06.177+0000] {logging_mixin.py:188} INFO - [2025-04-30T01:24:06.173+0000] {dagbag.py:538} INFO - Filling up the DagBag from /opt/airflow/dags/data_pipeline_dag.py
[2025-04-30T01:24:07.159+0000] {processor.py:840} INFO - DAG(s) 'data_pipeline' retrieved from /opt/airflow/dags/data_pipeline_dag.py
[2025-04-30T01:24:07.214+0000] {logging_mixin.py:188} INFO - [2025-04-30T01:24:07.213+0000] {dag.py:3036} INFO - Sync 1 DAGs
[2025-04-30T01:24:07.251+0000] {logging_mixin.py:188} INFO - [2025-04-30T01:24:07.251+0000] {dag.py:3823} INFO - Setting next_dagrun for data_pipeline to 2025-04-30 00:00:00+00:00, run_after=2025-05-01 00:00:00+00:00
[2025-04-30T01:24:07.285+0000] {processor.py:183} INFO - Processing /opt/airflow/dags/data_pipeline_dag.py took 1.138 seconds
[2025-04-30T01:25:18.142+0000] {processor.py:161} INFO - Started process (PID=169) to work on /opt/airflow/dags/data_pipeline_dag.py
[2025-04-30T01:25:18.147+0000] {processor.py:830} INFO - Processing file /opt/airflow/dags/data_pipeline_dag.py for tasks to queue
[2025-04-30T01:25:18.151+0000] {logging_mixin.py:188} INFO - [2025-04-30T01:25:18.150+0000] {dagbag.py:538} INFO - Filling up the DagBag from /opt/airflow/dags/data_pipeline_dag.py
[2025-04-30T01:25:19.696+0000] {processor.py:840} INFO - DAG(s) 'data_pipeline' retrieved from /opt/airflow/dags/data_pipeline_dag.py
[2025-04-30T01:25:20.398+0000] {logging_mixin.py:188} INFO - [2025-04-30T01:25:20.398+0000] {dag.py:3036} INFO - Sync 1 DAGs
[2025-04-30T01:25:20.477+0000] {logging_mixin.py:188} INFO - [2025-04-30T01:25:20.477+0000] {dag.py:3823} INFO - Setting next_dagrun for data_pipeline to 2025-04-30 00:00:00+00:00, run_after=2025-05-01 00:00:00+00:00
[2025-04-30T01:25:20.541+0000] {processor.py:183} INFO - Processing /opt/airflow/dags/data_pipeline_dag.py took 2.411 seconds
[2025-04-30T01:25:50.942+0000] {processor.py:161} INFO - Started process (PID=175) to work on /opt/airflow/dags/data_pipeline_dag.py
[2025-04-30T01:25:50.945+0000] {processor.py:830} INFO - Processing file /opt/airflow/dags/data_pipeline_dag.py for tasks to queue
[2025-04-30T01:25:50.947+0000] {logging_mixin.py:188} INFO - [2025-04-30T01:25:50.946+0000] {dagbag.py:538} INFO - Filling up the DagBag from /opt/airflow/dags/data_pipeline_dag.py
[2025-04-30T01:25:51.705+0000] {processor.py:840} INFO - DAG(s) 'data_pipeline' retrieved from /opt/airflow/dags/data_pipeline_dag.py
[2025-04-30T01:25:51.751+0000] {logging_mixin.py:188} INFO - [2025-04-30T01:25:51.750+0000] {dag.py:3036} INFO - Sync 1 DAGs
[2025-04-30T01:25:51.810+0000] {logging_mixin.py:188} INFO - [2025-04-30T01:25:51.810+0000] {dag.py:3823} INFO - Setting next_dagrun for data_pipeline to 2025-04-30 00:00:00+00:00, run_after=2025-05-01 00:00:00+00:00
[2025-04-30T01:25:51.842+0000] {processor.py:183} INFO - Processing /opt/airflow/dags/data_pipeline_dag.py took 0.914 seconds
[2025-04-30T01:26:22.262+0000] {processor.py:161} INFO - Started process (PID=187) to work on /opt/airflow/dags/data_pipeline_dag.py
[2025-04-30T01:26:22.265+0000] {processor.py:830} INFO - Processing file /opt/airflow/dags/data_pipeline_dag.py for tasks to queue
[2025-04-30T01:26:22.266+0000] {logging_mixin.py:188} INFO - [2025-04-30T01:26:22.266+0000] {dagbag.py:538} INFO - Filling up the DagBag from /opt/airflow/dags/data_pipeline_dag.py
[2025-04-30T01:26:23.028+0000] {processor.py:840} INFO - DAG(s) 'data_pipeline' retrieved from /opt/airflow/dags/data_pipeline_dag.py
[2025-04-30T01:26:23.069+0000] {logging_mixin.py:188} INFO - [2025-04-30T01:26:23.068+0000] {dag.py:3036} INFO - Sync 1 DAGs
[2025-04-30T01:26:23.102+0000] {logging_mixin.py:188} INFO - [2025-04-30T01:26:23.101+0000] {dag.py:3823} INFO - Setting next_dagrun for data_pipeline to 2025-04-30 00:00:00+00:00, run_after=2025-05-01 00:00:00+00:00
[2025-04-30T01:26:23.135+0000] {processor.py:183} INFO - Processing /opt/airflow/dags/data_pipeline_dag.py took 0.880 seconds
[2025-04-30T01:26:53.396+0000] {processor.py:161} INFO - Started process (PID=193) to work on /opt/airflow/dags/data_pipeline_dag.py
[2025-04-30T01:26:53.400+0000] {processor.py:830} INFO - Processing file /opt/airflow/dags/data_pipeline_dag.py for tasks to queue
[2025-04-30T01:26:53.401+0000] {logging_mixin.py:188} INFO - [2025-04-30T01:26:53.400+0000] {dagbag.py:538} INFO - Filling up the DagBag from /opt/airflow/dags/data_pipeline_dag.py
[2025-04-30T01:26:54.150+0000] {processor.py:840} INFO - DAG(s) 'data_pipeline' retrieved from /opt/airflow/dags/data_pipeline_dag.py
[2025-04-30T01:26:54.204+0000] {logging_mixin.py:188} INFO - [2025-04-30T01:26:54.203+0000] {dag.py:3036} INFO - Sync 1 DAGs
[2025-04-30T01:26:54.243+0000] {logging_mixin.py:188} INFO - [2025-04-30T01:26:54.242+0000] {dag.py:3823} INFO - Setting next_dagrun for data_pipeline to 2025-04-30 00:00:00+00:00, run_after=2025-05-01 00:00:00+00:00
[2025-04-30T01:26:54.274+0000] {processor.py:183} INFO - Processing /opt/airflow/dags/data_pipeline_dag.py took 0.885 seconds
[2025-04-30T01:27:24.541+0000] {processor.py:161} INFO - Started process (PID=199) to work on /opt/airflow/dags/data_pipeline_dag.py
[2025-04-30T01:27:24.544+0000] {processor.py:830} INFO - Processing file /opt/airflow/dags/data_pipeline_dag.py for tasks to queue
[2025-04-30T01:27:24.545+0000] {logging_mixin.py:188} INFO - [2025-04-30T01:27:24.545+0000] {dagbag.py:538} INFO - Filling up the DagBag from /opt/airflow/dags/data_pipeline_dag.py
[2025-04-30T01:27:25.294+0000] {processor.py:840} INFO - DAG(s) 'data_pipeline' retrieved from /opt/airflow/dags/data_pipeline_dag.py
[2025-04-30T01:27:25.351+0000] {logging_mixin.py:188} INFO - [2025-04-30T01:27:25.350+0000] {dag.py:3036} INFO - Sync 1 DAGs
[2025-04-30T01:27:25.392+0000] {logging_mixin.py:188} INFO - [2025-04-30T01:27:25.392+0000] {dag.py:3823} INFO - Setting next_dagrun for data_pipeline to 2025-04-30 00:00:00+00:00, run_after=2025-05-01 00:00:00+00:00
[2025-04-30T01:27:25.431+0000] {processor.py:183} INFO - Processing /opt/airflow/dags/data_pipeline_dag.py took 0.898 seconds
[2025-04-30T01:27:55.692+0000] {processor.py:161} INFO - Started process (PID=205) to work on /opt/airflow/dags/data_pipeline_dag.py
[2025-04-30T01:27:55.694+0000] {processor.py:830} INFO - Processing file /opt/airflow/dags/data_pipeline_dag.py for tasks to queue
[2025-04-30T01:27:55.696+0000] {logging_mixin.py:188} INFO - [2025-04-30T01:27:55.695+0000] {dagbag.py:538} INFO - Filling up the DagBag from /opt/airflow/dags/data_pipeline_dag.py
[2025-04-30T01:27:56.469+0000] {processor.py:840} INFO - DAG(s) 'data_pipeline' retrieved from /opt/airflow/dags/data_pipeline_dag.py
[2025-04-30T01:27:56.538+0000] {logging_mixin.py:188} INFO - [2025-04-30T01:27:56.538+0000] {dag.py:3036} INFO - Sync 1 DAGs
[2025-04-30T01:27:56.573+0000] {logging_mixin.py:188} INFO - [2025-04-30T01:27:56.573+0000] {dag.py:3823} INFO - Setting next_dagrun for data_pipeline to 2025-04-30 00:00:00+00:00, run_after=2025-05-01 00:00:00+00:00
[2025-04-30T01:27:56.612+0000] {processor.py:183} INFO - Processing /opt/airflow/dags/data_pipeline_dag.py took 0.928 seconds
[2025-04-30T01:28:26.719+0000] {processor.py:161} INFO - Started process (PID=211) to work on /opt/airflow/dags/data_pipeline_dag.py
[2025-04-30T01:28:26.722+0000] {processor.py:830} INFO - Processing file /opt/airflow/dags/data_pipeline_dag.py for tasks to queue
[2025-04-30T01:28:26.725+0000] {logging_mixin.py:188} INFO - [2025-04-30T01:28:26.723+0000] {dagbag.py:538} INFO - Filling up the DagBag from /opt/airflow/dags/data_pipeline_dag.py
[2025-04-30T01:28:27.505+0000] {processor.py:840} INFO - DAG(s) 'data_pipeline' retrieved from /opt/airflow/dags/data_pipeline_dag.py
[2025-04-30T01:28:27.556+0000] {logging_mixin.py:188} INFO - [2025-04-30T01:28:27.555+0000] {dag.py:3036} INFO - Sync 1 DAGs
[2025-04-30T01:28:27.592+0000] {logging_mixin.py:188} INFO - [2025-04-30T01:28:27.591+0000] {dag.py:3823} INFO - Setting next_dagrun for data_pipeline to 2025-04-30 00:00:00+00:00, run_after=2025-05-01 00:00:00+00:00
[2025-04-30T01:28:27.621+0000] {processor.py:183} INFO - Processing /opt/airflow/dags/data_pipeline_dag.py took 0.910 seconds
[2025-04-30T01:28:57.927+0000] {processor.py:161} INFO - Started process (PID=217) to work on /opt/airflow/dags/data_pipeline_dag.py
[2025-04-30T01:28:57.929+0000] {processor.py:830} INFO - Processing file /opt/airflow/dags/data_pipeline_dag.py for tasks to queue
[2025-04-30T01:28:57.931+0000] {logging_mixin.py:188} INFO - [2025-04-30T01:28:57.930+0000] {dagbag.py:538} INFO - Filling up the DagBag from /opt/airflow/dags/data_pipeline_dag.py
[2025-04-30T01:28:58.687+0000] {processor.py:840} INFO - DAG(s) 'data_pipeline' retrieved from /opt/airflow/dags/data_pipeline_dag.py
[2025-04-30T01:28:58.730+0000] {logging_mixin.py:188} INFO - [2025-04-30T01:28:58.730+0000] {dag.py:3036} INFO - Sync 1 DAGs
[2025-04-30T01:28:58.769+0000] {logging_mixin.py:188} INFO - [2025-04-30T01:28:58.769+0000] {dag.py:3823} INFO - Setting next_dagrun for data_pipeline to 2025-04-30 00:00:00+00:00, run_after=2025-05-01 00:00:00+00:00
[2025-04-30T01:28:58.809+0000] {processor.py:183} INFO - Processing /opt/airflow/dags/data_pipeline_dag.py took 0.889 seconds
[2025-04-30T01:29:29.119+0000] {processor.py:161} INFO - Started process (PID=223) to work on /opt/airflow/dags/data_pipeline_dag.py
[2025-04-30T01:29:29.121+0000] {processor.py:830} INFO - Processing file /opt/airflow/dags/data_pipeline_dag.py for tasks to queue
[2025-04-30T01:29:29.123+0000] {logging_mixin.py:188} INFO - [2025-04-30T01:29:29.122+0000] {dagbag.py:538} INFO - Filling up the DagBag from /opt/airflow/dags/data_pipeline_dag.py
[2025-04-30T01:29:29.851+0000] {processor.py:840} INFO - DAG(s) 'data_pipeline' retrieved from /opt/airflow/dags/data_pipeline_dag.py
[2025-04-30T01:29:29.890+0000] {logging_mixin.py:188} INFO - [2025-04-30T01:29:29.890+0000] {dag.py:3036} INFO - Sync 1 DAGs
[2025-04-30T01:29:29.930+0000] {logging_mixin.py:188} INFO - [2025-04-30T01:29:29.930+0000] {dag.py:3823} INFO - Setting next_dagrun for data_pipeline to 2025-04-30 00:00:00+00:00, run_after=2025-05-01 00:00:00+00:00
[2025-04-30T01:29:29.960+0000] {processor.py:183} INFO - Processing /opt/airflow/dags/data_pipeline_dag.py took 0.852 seconds
[2025-04-30T01:30:00.261+0000] {processor.py:161} INFO - Started process (PID=229) to work on /opt/airflow/dags/data_pipeline_dag.py
[2025-04-30T01:30:00.263+0000] {processor.py:830} INFO - Processing file /opt/airflow/dags/data_pipeline_dag.py for tasks to queue
[2025-04-30T01:30:00.264+0000] {logging_mixin.py:188} INFO - [2025-04-30T01:30:00.264+0000] {dagbag.py:538} INFO - Filling up the DagBag from /opt/airflow/dags/data_pipeline_dag.py
[2025-04-30T01:30:00.997+0000] {processor.py:840} INFO - DAG(s) 'data_pipeline' retrieved from /opt/airflow/dags/data_pipeline_dag.py
[2025-04-30T01:30:01.047+0000] {logging_mixin.py:188} INFO - [2025-04-30T01:30:01.046+0000] {dag.py:3036} INFO - Sync 1 DAGs
[2025-04-30T01:30:01.079+0000] {logging_mixin.py:188} INFO - [2025-04-30T01:30:01.079+0000] {dag.py:3823} INFO - Setting next_dagrun for data_pipeline to 2025-04-30 00:00:00+00:00, run_after=2025-05-01 00:00:00+00:00
[2025-04-30T01:30:01.103+0000] {processor.py:183} INFO - Processing /opt/airflow/dags/data_pipeline_dag.py took 0.851 seconds
[2025-04-30T01:30:31.409+0000] {processor.py:161} INFO - Started process (PID=235) to work on /opt/airflow/dags/data_pipeline_dag.py
[2025-04-30T01:30:31.411+0000] {processor.py:830} INFO - Processing file /opt/airflow/dags/data_pipeline_dag.py for tasks to queue
[2025-04-30T01:30:31.413+0000] {logging_mixin.py:188} INFO - [2025-04-30T01:30:31.412+0000] {dagbag.py:538} INFO - Filling up the DagBag from /opt/airflow/dags/data_pipeline_dag.py
[2025-04-30T01:30:32.258+0000] {processor.py:840} INFO - DAG(s) 'data_pipeline' retrieved from /opt/airflow/dags/data_pipeline_dag.py
[2025-04-30T01:30:32.332+0000] {logging_mixin.py:188} INFO - [2025-04-30T01:30:32.331+0000] {dag.py:3036} INFO - Sync 1 DAGs
[2025-04-30T01:30:32.381+0000] {logging_mixin.py:188} INFO - [2025-04-30T01:30:32.380+0000] {dag.py:3823} INFO - Setting next_dagrun for data_pipeline to 2025-04-30 00:00:00+00:00, run_after=2025-05-01 00:00:00+00:00
[2025-04-30T01:30:32.421+0000] {processor.py:183} INFO - Processing /opt/airflow/dags/data_pipeline_dag.py took 1.022 seconds
[2025-04-30T01:31:02.691+0000] {processor.py:161} INFO - Started process (PID=241) to work on /opt/airflow/dags/data_pipeline_dag.py
[2025-04-30T01:31:02.694+0000] {processor.py:830} INFO - Processing file /opt/airflow/dags/data_pipeline_dag.py for tasks to queue
[2025-04-30T01:31:02.695+0000] {logging_mixin.py:188} INFO - [2025-04-30T01:31:02.695+0000] {dagbag.py:538} INFO - Filling up the DagBag from /opt/airflow/dags/data_pipeline_dag.py
[2025-04-30T01:31:03.476+0000] {processor.py:840} INFO - DAG(s) 'data_pipeline' retrieved from /opt/airflow/dags/data_pipeline_dag.py
[2025-04-30T01:31:03.521+0000] {logging_mixin.py:188} INFO - [2025-04-30T01:31:03.520+0000] {dag.py:3036} INFO - Sync 1 DAGs
[2025-04-30T01:31:03.559+0000] {logging_mixin.py:188} INFO - [2025-04-30T01:31:03.558+0000] {dag.py:3823} INFO - Setting next_dagrun for data_pipeline to 2025-04-30 00:00:00+00:00, run_after=2025-05-01 00:00:00+00:00
[2025-04-30T01:31:03.588+0000] {processor.py:183} INFO - Processing /opt/airflow/dags/data_pipeline_dag.py took 0.904 seconds
[2025-04-30T01:31:33.880+0000] {processor.py:161} INFO - Started process (PID=250) to work on /opt/airflow/dags/data_pipeline_dag.py
[2025-04-30T01:31:33.883+0000] {processor.py:830} INFO - Processing file /opt/airflow/dags/data_pipeline_dag.py for tasks to queue
[2025-04-30T01:31:33.884+0000] {logging_mixin.py:188} INFO - [2025-04-30T01:31:33.884+0000] {dagbag.py:538} INFO - Filling up the DagBag from /opt/airflow/dags/data_pipeline_dag.py
[2025-04-30T01:31:34.619+0000] {processor.py:840} INFO - DAG(s) 'data_pipeline' retrieved from /opt/airflow/dags/data_pipeline_dag.py
[2025-04-30T01:31:34.659+0000] {logging_mixin.py:188} INFO - [2025-04-30T01:31:34.659+0000] {dag.py:3036} INFO - Sync 1 DAGs
[2025-04-30T01:31:34.701+0000] {logging_mixin.py:188} INFO - [2025-04-30T01:31:34.700+0000] {dag.py:3823} INFO - Setting next_dagrun for data_pipeline to 2025-04-30 00:00:00+00:00, run_after=2025-05-01 00:00:00+00:00
[2025-04-30T01:31:34.738+0000] {processor.py:183} INFO - Processing /opt/airflow/dags/data_pipeline_dag.py took 0.865 seconds
[2025-04-30T01:32:05.020+0000] {processor.py:161} INFO - Started process (PID=256) to work on /opt/airflow/dags/data_pipeline_dag.py
[2025-04-30T01:32:05.022+0000] {processor.py:830} INFO - Processing file /opt/airflow/dags/data_pipeline_dag.py for tasks to queue
[2025-04-30T01:32:05.023+0000] {logging_mixin.py:188} INFO - [2025-04-30T01:32:05.023+0000] {dagbag.py:538} INFO - Filling up the DagBag from /opt/airflow/dags/data_pipeline_dag.py
[2025-04-30T01:32:05.783+0000] {processor.py:840} INFO - DAG(s) 'data_pipeline' retrieved from /opt/airflow/dags/data_pipeline_dag.py
[2025-04-30T01:32:05.826+0000] {logging_mixin.py:188} INFO - [2025-04-30T01:32:05.825+0000] {dag.py:3036} INFO - Sync 1 DAGs
[2025-04-30T01:32:05.859+0000] {logging_mixin.py:188} INFO - [2025-04-30T01:32:05.859+0000] {dag.py:3823} INFO - Setting next_dagrun for data_pipeline to 2025-04-30 00:00:00+00:00, run_after=2025-05-01 00:00:00+00:00
[2025-04-30T01:32:05.884+0000] {processor.py:183} INFO - Processing /opt/airflow/dags/data_pipeline_dag.py took 0.873 seconds
[2025-04-30T01:32:36.234+0000] {processor.py:161} INFO - Started process (PID=262) to work on /opt/airflow/dags/data_pipeline_dag.py
[2025-04-30T01:32:36.237+0000] {processor.py:830} INFO - Processing file /opt/airflow/dags/data_pipeline_dag.py for tasks to queue
[2025-04-30T01:32:36.240+0000] {logging_mixin.py:188} INFO - [2025-04-30T01:32:36.240+0000] {dagbag.py:538} INFO - Filling up the DagBag from /opt/airflow/dags/data_pipeline_dag.py
[2025-04-30T01:32:37.325+0000] {processor.py:840} INFO - DAG(s) 'data_pipeline' retrieved from /opt/airflow/dags/data_pipeline_dag.py
[2025-04-30T01:32:37.380+0000] {logging_mixin.py:188} INFO - [2025-04-30T01:32:37.379+0000] {dag.py:3036} INFO - Sync 1 DAGs
[2025-04-30T01:32:37.420+0000] {logging_mixin.py:188} INFO - [2025-04-30T01:32:37.420+0000] {dag.py:3823} INFO - Setting next_dagrun for data_pipeline to 2025-04-30 00:00:00+00:00, run_after=2025-05-01 00:00:00+00:00
[2025-04-30T01:32:37.468+0000] {processor.py:183} INFO - Processing /opt/airflow/dags/data_pipeline_dag.py took 1.247 seconds
[2025-04-30T01:33:07.835+0000] {processor.py:161} INFO - Started process (PID=268) to work on /opt/airflow/dags/data_pipeline_dag.py
[2025-04-30T01:33:07.844+0000] {processor.py:830} INFO - Processing file /opt/airflow/dags/data_pipeline_dag.py for tasks to queue
[2025-04-30T01:33:07.850+0000] {logging_mixin.py:188} INFO - [2025-04-30T01:33:07.847+0000] {dagbag.py:538} INFO - Filling up the DagBag from /opt/airflow/dags/data_pipeline_dag.py
[2025-04-30T01:33:09.444+0000] {processor.py:840} INFO - DAG(s) 'data_pipeline' retrieved from /opt/airflow/dags/data_pipeline_dag.py
[2025-04-30T01:33:09.504+0000] {logging_mixin.py:188} INFO - [2025-04-30T01:33:09.504+0000] {dag.py:3036} INFO - Sync 1 DAGs
[2025-04-30T01:33:09.543+0000] {logging_mixin.py:188} INFO - [2025-04-30T01:33:09.543+0000] {dag.py:3823} INFO - Setting next_dagrun for data_pipeline to 2025-04-30 00:00:00+00:00, run_after=2025-05-01 00:00:00+00:00
[2025-04-30T01:33:09.581+0000] {processor.py:183} INFO - Processing /opt/airflow/dags/data_pipeline_dag.py took 1.769 seconds
[2025-04-30T01:33:39.873+0000] {processor.py:161} INFO - Started process (PID=274) to work on /opt/airflow/dags/data_pipeline_dag.py
[2025-04-30T01:33:39.877+0000] {processor.py:830} INFO - Processing file /opt/airflow/dags/data_pipeline_dag.py for tasks to queue
[2025-04-30T01:33:39.883+0000] {logging_mixin.py:188} INFO - [2025-04-30T01:33:39.880+0000] {dagbag.py:538} INFO - Filling up the DagBag from /opt/airflow/dags/data_pipeline_dag.py
[2025-04-30T01:33:40.866+0000] {processor.py:840} INFO - DAG(s) 'data_pipeline' retrieved from /opt/airflow/dags/data_pipeline_dag.py
[2025-04-30T01:33:40.956+0000] {logging_mixin.py:188} INFO - [2025-04-30T01:33:40.953+0000] {dag.py:3036} INFO - Sync 1 DAGs
[2025-04-30T01:33:41.051+0000] {logging_mixin.py:188} INFO - [2025-04-30T01:33:41.050+0000] {dag.py:3823} INFO - Setting next_dagrun for data_pipeline to 2025-04-30 00:00:00+00:00, run_after=2025-05-01 00:00:00+00:00
[2025-04-30T01:33:41.131+0000] {processor.py:183} INFO - Processing /opt/airflow/dags/data_pipeline_dag.py took 1.266 seconds
[2025-04-30T01:34:11.582+0000] {processor.py:161} INFO - Started process (PID=280) to work on /opt/airflow/dags/data_pipeline_dag.py
[2025-04-30T01:34:11.585+0000] {processor.py:830} INFO - Processing file /opt/airflow/dags/data_pipeline_dag.py for tasks to queue
[2025-04-30T01:34:11.588+0000] {logging_mixin.py:188} INFO - [2025-04-30T01:34:11.587+0000] {dagbag.py:538} INFO - Filling up the DagBag from /opt/airflow/dags/data_pipeline_dag.py
[2025-04-30T01:34:12.538+0000] {processor.py:840} INFO - DAG(s) 'data_pipeline' retrieved from /opt/airflow/dags/data_pipeline_dag.py
[2025-04-30T01:34:12.600+0000] {logging_mixin.py:188} INFO - [2025-04-30T01:34:12.599+0000] {dag.py:3036} INFO - Sync 1 DAGs
[2025-04-30T01:34:12.640+0000] {logging_mixin.py:188} INFO - [2025-04-30T01:34:12.640+0000] {dag.py:3823} INFO - Setting next_dagrun for data_pipeline to 2025-04-30 00:00:00+00:00, run_after=2025-05-01 00:00:00+00:00
[2025-04-30T01:34:12.674+0000] {processor.py:183} INFO - Processing /opt/airflow/dags/data_pipeline_dag.py took 1.102 seconds
[2025-04-30T01:34:42.808+0000] {processor.py:161} INFO - Started process (PID=286) to work on /opt/airflow/dags/data_pipeline_dag.py
[2025-04-30T01:34:42.811+0000] {processor.py:830} INFO - Processing file /opt/airflow/dags/data_pipeline_dag.py for tasks to queue
[2025-04-30T01:34:42.813+0000] {logging_mixin.py:188} INFO - [2025-04-30T01:34:42.812+0000] {dagbag.py:538} INFO - Filling up the DagBag from /opt/airflow/dags/data_pipeline_dag.py
[2025-04-30T01:34:44.074+0000] {processor.py:840} INFO - DAG(s) 'data_pipeline' retrieved from /opt/airflow/dags/data_pipeline_dag.py
[2025-04-30T01:34:44.138+0000] {logging_mixin.py:188} INFO - [2025-04-30T01:34:44.137+0000] {dag.py:3036} INFO - Sync 1 DAGs
[2025-04-30T01:34:44.200+0000] {logging_mixin.py:188} INFO - [2025-04-30T01:34:44.200+0000] {dag.py:3823} INFO - Setting next_dagrun for data_pipeline to 2025-04-30 00:00:00+00:00, run_after=2025-05-01 00:00:00+00:00
[2025-04-30T01:34:44.243+0000] {processor.py:183} INFO - Processing /opt/airflow/dags/data_pipeline_dag.py took 1.446 seconds
[2025-04-30T01:35:14.728+0000] {processor.py:161} INFO - Started process (PID=298) to work on /opt/airflow/dags/data_pipeline_dag.py
[2025-04-30T01:35:14.732+0000] {processor.py:830} INFO - Processing file /opt/airflow/dags/data_pipeline_dag.py for tasks to queue
[2025-04-30T01:35:14.736+0000] {logging_mixin.py:188} INFO - [2025-04-30T01:35:14.735+0000] {dagbag.py:538} INFO - Filling up the DagBag from /opt/airflow/dags/data_pipeline_dag.py
[2025-04-30T01:35:16.029+0000] {processor.py:840} INFO - DAG(s) 'data_pipeline' retrieved from /opt/airflow/dags/data_pipeline_dag.py
[2025-04-30T01:35:16.139+0000] {logging_mixin.py:188} INFO - [2025-04-30T01:35:16.138+0000] {dag.py:3036} INFO - Sync 1 DAGs
[2025-04-30T01:35:16.231+0000] {logging_mixin.py:188} INFO - [2025-04-30T01:35:16.230+0000] {dag.py:3823} INFO - Setting next_dagrun for data_pipeline to 2025-04-30 00:00:00+00:00, run_after=2025-05-01 00:00:00+00:00
[2025-04-30T01:35:16.313+0000] {processor.py:183} INFO - Processing /opt/airflow/dags/data_pipeline_dag.py took 1.603 seconds
[2025-04-30T01:36:09.514+0000] {processor.py:161} INFO - Started process (PID=169) to work on /opt/airflow/dags/data_pipeline_dag.py
[2025-04-30T01:36:09.520+0000] {processor.py:830} INFO - Processing file /opt/airflow/dags/data_pipeline_dag.py for tasks to queue
[2025-04-30T01:36:09.522+0000] {logging_mixin.py:188} INFO - [2025-04-30T01:36:09.521+0000] {dagbag.py:538} INFO - Filling up the DagBag from /opt/airflow/dags/data_pipeline_dag.py
[2025-04-30T01:36:10.400+0000] {processor.py:840} INFO - DAG(s) 'data_pipeline' retrieved from /opt/airflow/dags/data_pipeline_dag.py
[2025-04-30T01:36:11.103+0000] {logging_mixin.py:188} INFO - [2025-04-30T01:36:11.100+0000] {dag.py:3036} INFO - Sync 1 DAGs
[2025-04-30T01:36:11.181+0000] {logging_mixin.py:188} INFO - [2025-04-30T01:36:11.176+0000] {dag.py:3823} INFO - Setting next_dagrun for data_pipeline to 2025-04-30 00:00:00+00:00, run_after=2025-05-01 00:00:00+00:00
[2025-04-30T01:36:11.227+0000] {processor.py:183} INFO - Processing /opt/airflow/dags/data_pipeline_dag.py took 1.725 seconds
[2025-04-30T01:36:41.816+0000] {processor.py:161} INFO - Started process (PID=175) to work on /opt/airflow/dags/data_pipeline_dag.py
[2025-04-30T01:36:41.825+0000] {processor.py:830} INFO - Processing file /opt/airflow/dags/data_pipeline_dag.py for tasks to queue
[2025-04-30T01:36:41.839+0000] {logging_mixin.py:188} INFO - [2025-04-30T01:36:41.836+0000] {dagbag.py:538} INFO - Filling up the DagBag from /opt/airflow/dags/data_pipeline_dag.py
[2025-04-30T01:36:43.919+0000] {processor.py:840} INFO - DAG(s) 'data_pipeline' retrieved from /opt/airflow/dags/data_pipeline_dag.py
[2025-04-30T01:36:44.076+0000] {logging_mixin.py:188} INFO - [2025-04-30T01:36:44.073+0000] {dag.py:3036} INFO - Sync 1 DAGs
[2025-04-30T01:36:44.172+0000] {logging_mixin.py:188} INFO - [2025-04-30T01:36:44.172+0000] {dag.py:3823} INFO - Setting next_dagrun for data_pipeline to 2025-04-30 00:00:00+00:00, run_after=2025-05-01 00:00:00+00:00
[2025-04-30T01:36:44.235+0000] {processor.py:183} INFO - Processing /opt/airflow/dags/data_pipeline_dag.py took 2.464 seconds
[2025-04-30T01:37:14.650+0000] {processor.py:161} INFO - Started process (PID=187) to work on /opt/airflow/dags/data_pipeline_dag.py
[2025-04-30T01:37:14.657+0000] {processor.py:830} INFO - Processing file /opt/airflow/dags/data_pipeline_dag.py for tasks to queue
[2025-04-30T01:37:14.670+0000] {logging_mixin.py:188} INFO - [2025-04-30T01:37:14.661+0000] {dagbag.py:538} INFO - Filling up the DagBag from /opt/airflow/dags/data_pipeline_dag.py
[2025-04-30T01:37:16.168+0000] {processor.py:840} INFO - DAG(s) 'data_pipeline' retrieved from /opt/airflow/dags/data_pipeline_dag.py
[2025-04-30T01:37:16.247+0000] {logging_mixin.py:188} INFO - [2025-04-30T01:37:16.246+0000] {dag.py:3036} INFO - Sync 1 DAGs
[2025-04-30T01:37:16.320+0000] {logging_mixin.py:188} INFO - [2025-04-30T01:37:16.319+0000] {dag.py:3823} INFO - Setting next_dagrun for data_pipeline to 2025-04-30 00:00:00+00:00, run_after=2025-05-01 00:00:00+00:00
[2025-04-30T01:37:16.392+0000] {processor.py:183} INFO - Processing /opt/airflow/dags/data_pipeline_dag.py took 1.774 seconds
[2025-04-30T01:37:46.951+0000] {processor.py:161} INFO - Started process (PID=193) to work on /opt/airflow/dags/data_pipeline_dag.py
[2025-04-30T01:37:46.955+0000] {processor.py:830} INFO - Processing file /opt/airflow/dags/data_pipeline_dag.py for tasks to queue
[2025-04-30T01:37:46.961+0000] {logging_mixin.py:188} INFO - [2025-04-30T01:37:46.958+0000] {dagbag.py:538} INFO - Filling up the DagBag from /opt/airflow/dags/data_pipeline_dag.py
[2025-04-30T01:37:48.201+0000] {processor.py:840} INFO - DAG(s) 'data_pipeline' retrieved from /opt/airflow/dags/data_pipeline_dag.py
[2025-04-30T01:37:48.293+0000] {logging_mixin.py:188} INFO - [2025-04-30T01:37:48.293+0000] {dag.py:3036} INFO - Sync 1 DAGs
[2025-04-30T01:37:48.374+0000] {logging_mixin.py:188} INFO - [2025-04-30T01:37:48.373+0000] {dag.py:3823} INFO - Setting next_dagrun for data_pipeline to 2025-04-30 00:00:00+00:00, run_after=2025-05-01 00:00:00+00:00
[2025-04-30T01:37:48.418+0000] {processor.py:183} INFO - Processing /opt/airflow/dags/data_pipeline_dag.py took 1.485 seconds
[2025-04-30T01:38:18.886+0000] {processor.py:161} INFO - Started process (PID=199) to work on /opt/airflow/dags/data_pipeline_dag.py
[2025-04-30T01:38:18.892+0000] {processor.py:830} INFO - Processing file /opt/airflow/dags/data_pipeline_dag.py for tasks to queue
[2025-04-30T01:38:18.894+0000] {logging_mixin.py:188} INFO - [2025-04-30T01:38:18.894+0000] {dagbag.py:538} INFO - Filling up the DagBag from /opt/airflow/dags/data_pipeline_dag.py
[2025-04-30T01:38:20.463+0000] {processor.py:840} INFO - DAG(s) 'data_pipeline' retrieved from /opt/airflow/dags/data_pipeline_dag.py
[2025-04-30T01:38:20.522+0000] {logging_mixin.py:188} INFO - [2025-04-30T01:38:20.520+0000] {dag.py:3036} INFO - Sync 1 DAGs
[2025-04-30T01:38:20.575+0000] {logging_mixin.py:188} INFO - [2025-04-30T01:38:20.575+0000] {dag.py:3823} INFO - Setting next_dagrun for data_pipeline to 2025-04-30 00:00:00+00:00, run_after=2025-05-01 00:00:00+00:00
[2025-04-30T01:38:20.625+0000] {processor.py:183} INFO - Processing /opt/airflow/dags/data_pipeline_dag.py took 1.754 seconds
[2025-04-30T01:38:51.061+0000] {processor.py:161} INFO - Started process (PID=205) to work on /opt/airflow/dags/data_pipeline_dag.py
[2025-04-30T01:38:51.067+0000] {processor.py:830} INFO - Processing file /opt/airflow/dags/data_pipeline_dag.py for tasks to queue
[2025-04-30T01:38:51.072+0000] {logging_mixin.py:188} INFO - [2025-04-30T01:38:51.068+0000] {dagbag.py:538} INFO - Filling up the DagBag from /opt/airflow/dags/data_pipeline_dag.py
[2025-04-30T01:38:52.261+0000] {processor.py:840} INFO - DAG(s) 'data_pipeline' retrieved from /opt/airflow/dags/data_pipeline_dag.py
[2025-04-30T01:38:52.323+0000] {logging_mixin.py:188} INFO - [2025-04-30T01:38:52.322+0000] {dag.py:3036} INFO - Sync 1 DAGs
[2025-04-30T01:38:52.367+0000] {logging_mixin.py:188} INFO - [2025-04-30T01:38:52.366+0000] {dag.py:3823} INFO - Setting next_dagrun for data_pipeline to 2025-04-30 00:00:00+00:00, run_after=2025-05-01 00:00:00+00:00
[2025-04-30T01:38:52.419+0000] {processor.py:183} INFO - Processing /opt/airflow/dags/data_pipeline_dag.py took 1.375 seconds
[2025-04-30T01:39:22.621+0000] {processor.py:161} INFO - Started process (PID=211) to work on /opt/airflow/dags/data_pipeline_dag.py
[2025-04-30T01:39:22.628+0000] {processor.py:830} INFO - Processing file /opt/airflow/dags/data_pipeline_dag.py for tasks to queue
[2025-04-30T01:39:22.630+0000] {logging_mixin.py:188} INFO - [2025-04-30T01:39:22.629+0000] {dagbag.py:538} INFO - Filling up the DagBag from /opt/airflow/dags/data_pipeline_dag.py
[2025-04-30T01:39:23.729+0000] {processor.py:840} INFO - DAG(s) 'data_pipeline' retrieved from /opt/airflow/dags/data_pipeline_dag.py
[2025-04-30T01:39:23.782+0000] {logging_mixin.py:188} INFO - [2025-04-30T01:39:23.781+0000] {dag.py:3036} INFO - Sync 1 DAGs
[2025-04-30T01:39:23.827+0000] {logging_mixin.py:188} INFO - [2025-04-30T01:39:23.826+0000] {dag.py:3823} INFO - Setting next_dagrun for data_pipeline to 2025-04-30 00:00:00+00:00, run_after=2025-05-01 00:00:00+00:00
[2025-04-30T01:39:23.858+0000] {processor.py:183} INFO - Processing /opt/airflow/dags/data_pipeline_dag.py took 1.248 seconds
[2025-04-30T01:39:54.064+0000] {processor.py:161} INFO - Started process (PID=217) to work on /opt/airflow/dags/data_pipeline_dag.py
[2025-04-30T01:39:54.071+0000] {processor.py:830} INFO - Processing file /opt/airflow/dags/data_pipeline_dag.py for tasks to queue
[2025-04-30T01:39:54.073+0000] {logging_mixin.py:188} INFO - [2025-04-30T01:39:54.072+0000] {dagbag.py:538} INFO - Filling up the DagBag from /opt/airflow/dags/data_pipeline_dag.py
[2025-04-30T01:39:55.123+0000] {processor.py:840} INFO - DAG(s) 'data_pipeline' retrieved from /opt/airflow/dags/data_pipeline_dag.py
[2025-04-30T01:39:55.196+0000] {logging_mixin.py:188} INFO - [2025-04-30T01:39:55.195+0000] {dag.py:3036} INFO - Sync 1 DAGs
[2025-04-30T01:39:55.254+0000] {logging_mixin.py:188} INFO - [2025-04-30T01:39:55.254+0000] {dag.py:3823} INFO - Setting next_dagrun for data_pipeline to 2025-04-30 00:00:00+00:00, run_after=2025-05-01 00:00:00+00:00
[2025-04-30T01:39:55.313+0000] {processor.py:183} INFO - Processing /opt/airflow/dags/data_pipeline_dag.py took 1.267 seconds
[2025-04-30T01:40:25.836+0000] {processor.py:161} INFO - Started process (PID=223) to work on /opt/airflow/dags/data_pipeline_dag.py
[2025-04-30T01:40:25.843+0000] {processor.py:830} INFO - Processing file /opt/airflow/dags/data_pipeline_dag.py for tasks to queue
[2025-04-30T01:40:25.849+0000] {logging_mixin.py:188} INFO - [2025-04-30T01:40:25.847+0000] {dagbag.py:538} INFO - Filling up the DagBag from /opt/airflow/dags/data_pipeline_dag.py
[2025-04-30T01:40:26.788+0000] {processor.py:840} INFO - DAG(s) 'data_pipeline' retrieved from /opt/airflow/dags/data_pipeline_dag.py
[2025-04-30T01:40:26.838+0000] {logging_mixin.py:188} INFO - [2025-04-30T01:40:26.838+0000] {dag.py:3036} INFO - Sync 1 DAGs
[2025-04-30T01:40:26.888+0000] {logging_mixin.py:188} INFO - [2025-04-30T01:40:26.888+0000] {dag.py:3823} INFO - Setting next_dagrun for data_pipeline to 2025-04-30 00:00:00+00:00, run_after=2025-05-01 00:00:00+00:00
[2025-04-30T01:40:26.939+0000] {processor.py:183} INFO - Processing /opt/airflow/dags/data_pipeline_dag.py took 1.120 seconds
[2025-04-30T01:40:57.273+0000] {processor.py:161} INFO - Started process (PID=229) to work on /opt/airflow/dags/data_pipeline_dag.py
[2025-04-30T01:40:57.276+0000] {processor.py:830} INFO - Processing file /opt/airflow/dags/data_pipeline_dag.py for tasks to queue
[2025-04-30T01:40:57.277+0000] {logging_mixin.py:188} INFO - [2025-04-30T01:40:57.276+0000] {dagbag.py:538} INFO - Filling up the DagBag from /opt/airflow/dags/data_pipeline_dag.py
[2025-04-30T01:40:58.120+0000] {processor.py:840} INFO - DAG(s) 'data_pipeline' retrieved from /opt/airflow/dags/data_pipeline_dag.py
[2025-04-30T01:40:58.169+0000] {logging_mixin.py:188} INFO - [2025-04-30T01:40:58.168+0000] {dag.py:3036} INFO - Sync 1 DAGs
[2025-04-30T01:40:58.206+0000] {logging_mixin.py:188} INFO - [2025-04-30T01:40:58.206+0000] {dag.py:3823} INFO - Setting next_dagrun for data_pipeline to 2025-04-30 00:00:00+00:00, run_after=2025-05-01 00:00:00+00:00
[2025-04-30T01:40:58.237+0000] {processor.py:183} INFO - Processing /opt/airflow/dags/data_pipeline_dag.py took 0.973 seconds
[2025-04-30T01:41:28.593+0000] {processor.py:161} INFO - Started process (PID=235) to work on /opt/airflow/dags/data_pipeline_dag.py
[2025-04-30T01:41:28.596+0000] {processor.py:830} INFO - Processing file /opt/airflow/dags/data_pipeline_dag.py for tasks to queue
[2025-04-30T01:41:28.602+0000] {logging_mixin.py:188} INFO - [2025-04-30T01:41:28.601+0000] {dagbag.py:538} INFO - Filling up the DagBag from /opt/airflow/dags/data_pipeline_dag.py
[2025-04-30T01:41:29.572+0000] {processor.py:840} INFO - DAG(s) 'data_pipeline' retrieved from /opt/airflow/dags/data_pipeline_dag.py
[2025-04-30T01:41:29.665+0000] {logging_mixin.py:188} INFO - [2025-04-30T01:41:29.665+0000] {dag.py:3036} INFO - Sync 1 DAGs
[2025-04-30T01:41:29.727+0000] {logging_mixin.py:188} INFO - [2025-04-30T01:41:29.726+0000] {dag.py:3823} INFO - Setting next_dagrun for data_pipeline to 2025-04-30 00:00:00+00:00, run_after=2025-05-01 00:00:00+00:00
[2025-04-30T01:41:29.772+0000] {processor.py:183} INFO - Processing /opt/airflow/dags/data_pipeline_dag.py took 1.192 seconds
[2025-04-30T01:42:00.206+0000] {processor.py:161} INFO - Started process (PID=244) to work on /opt/airflow/dags/data_pipeline_dag.py
[2025-04-30T01:42:00.215+0000] {processor.py:830} INFO - Processing file /opt/airflow/dags/data_pipeline_dag.py for tasks to queue
[2025-04-30T01:42:00.217+0000] {logging_mixin.py:188} INFO - [2025-04-30T01:42:00.216+0000] {dagbag.py:538} INFO - Filling up the DagBag from /opt/airflow/dags/data_pipeline_dag.py
[2025-04-30T01:42:02.785+0000] {processor.py:840} INFO - DAG(s) 'data_pipeline' retrieved from /opt/airflow/dags/data_pipeline_dag.py
[2025-04-30T01:42:02.850+0000] {logging_mixin.py:188} INFO - [2025-04-30T01:42:02.849+0000] {dag.py:3036} INFO - Sync 1 DAGs
[2025-04-30T01:42:02.890+0000] {logging_mixin.py:188} INFO - [2025-04-30T01:42:02.890+0000] {dag.py:3823} INFO - Setting next_dagrun for data_pipeline to 2025-04-30 00:00:00+00:00, run_after=2025-05-01 00:00:00+00:00
[2025-04-30T01:42:02.916+0000] {processor.py:183} INFO - Processing /opt/airflow/dags/data_pipeline_dag.py took 2.734 seconds
[2025-04-30T01:42:33.286+0000] {processor.py:161} INFO - Started process (PID=250) to work on /opt/airflow/dags/data_pipeline_dag.py
[2025-04-30T01:42:33.289+0000] {processor.py:830} INFO - Processing file /opt/airflow/dags/data_pipeline_dag.py for tasks to queue
[2025-04-30T01:42:33.297+0000] {logging_mixin.py:188} INFO - [2025-04-30T01:42:33.293+0000] {dagbag.py:538} INFO - Filling up the DagBag from /opt/airflow/dags/data_pipeline_dag.py
[2025-04-30T01:42:35.466+0000] {processor.py:840} INFO - DAG(s) 'data_pipeline' retrieved from /opt/airflow/dags/data_pipeline_dag.py
[2025-04-30T01:42:35.581+0000] {logging_mixin.py:188} INFO - [2025-04-30T01:42:35.581+0000] {dag.py:3036} INFO - Sync 1 DAGs
[2025-04-30T01:42:35.646+0000] {logging_mixin.py:188} INFO - [2025-04-30T01:42:35.643+0000] {dag.py:3823} INFO - Setting next_dagrun for data_pipeline to 2025-04-30 00:00:00+00:00, run_after=2025-05-01 00:00:00+00:00
[2025-04-30T01:42:35.679+0000] {processor.py:183} INFO - Processing /opt/airflow/dags/data_pipeline_dag.py took 2.413 seconds
[2025-04-30T01:43:06.029+0000] {processor.py:161} INFO - Started process (PID=256) to work on /opt/airflow/dags/data_pipeline_dag.py
[2025-04-30T01:43:06.032+0000] {processor.py:830} INFO - Processing file /opt/airflow/dags/data_pipeline_dag.py for tasks to queue
[2025-04-30T01:43:06.035+0000] {logging_mixin.py:188} INFO - [2025-04-30T01:43:06.035+0000] {dagbag.py:538} INFO - Filling up the DagBag from /opt/airflow/dags/data_pipeline_dag.py
[2025-04-30T01:43:06.896+0000] {processor.py:840} INFO - DAG(s) 'data_pipeline' retrieved from /opt/airflow/dags/data_pipeline_dag.py
[2025-04-30T01:43:06.956+0000] {logging_mixin.py:188} INFO - [2025-04-30T01:43:06.955+0000] {dag.py:3036} INFO - Sync 1 DAGs
[2025-04-30T01:43:07.009+0000] {logging_mixin.py:188} INFO - [2025-04-30T01:43:07.009+0000] {dag.py:3823} INFO - Setting next_dagrun for data_pipeline to 2025-04-30 00:00:00+00:00, run_after=2025-05-01 00:00:00+00:00
[2025-04-30T01:43:07.048+0000] {processor.py:183} INFO - Processing /opt/airflow/dags/data_pipeline_dag.py took 1.030 seconds
[2025-04-30T01:43:37.266+0000] {processor.py:161} INFO - Started process (PID=262) to work on /opt/airflow/dags/data_pipeline_dag.py
[2025-04-30T01:43:37.270+0000] {processor.py:830} INFO - Processing file /opt/airflow/dags/data_pipeline_dag.py for tasks to queue
[2025-04-30T01:43:37.273+0000] {logging_mixin.py:188} INFO - [2025-04-30T01:43:37.272+0000] {dagbag.py:538} INFO - Filling up the DagBag from /opt/airflow/dags/data_pipeline_dag.py
[2025-04-30T01:43:38.053+0000] {processor.py:840} INFO - DAG(s) 'data_pipeline' retrieved from /opt/airflow/dags/data_pipeline_dag.py
[2025-04-30T01:43:38.105+0000] {logging_mixin.py:188} INFO - [2025-04-30T01:43:38.104+0000] {dag.py:3036} INFO - Sync 1 DAGs
[2025-04-30T01:43:38.138+0000] {logging_mixin.py:188} INFO - [2025-04-30T01:43:38.138+0000] {dag.py:3823} INFO - Setting next_dagrun for data_pipeline to 2025-04-30 00:00:00+00:00, run_after=2025-05-01 00:00:00+00:00
[2025-04-30T01:43:38.166+0000] {processor.py:183} INFO - Processing /opt/airflow/dags/data_pipeline_dag.py took 0.909 seconds
[2025-04-30T01:44:08.482+0000] {processor.py:161} INFO - Started process (PID=268) to work on /opt/airflow/dags/data_pipeline_dag.py
[2025-04-30T01:44:08.485+0000] {processor.py:830} INFO - Processing file /opt/airflow/dags/data_pipeline_dag.py for tasks to queue
[2025-04-30T01:44:08.487+0000] {logging_mixin.py:188} INFO - [2025-04-30T01:44:08.486+0000] {dagbag.py:538} INFO - Filling up the DagBag from /opt/airflow/dags/data_pipeline_dag.py
[2025-04-30T01:44:09.388+0000] {processor.py:840} INFO - DAG(s) 'data_pipeline' retrieved from /opt/airflow/dags/data_pipeline_dag.py
[2025-04-30T01:44:09.428+0000] {logging_mixin.py:188} INFO - [2025-04-30T01:44:09.428+0000] {dag.py:3036} INFO - Sync 1 DAGs
[2025-04-30T01:44:09.463+0000] {logging_mixin.py:188} INFO - [2025-04-30T01:44:09.463+0000] {dag.py:3823} INFO - Setting next_dagrun for data_pipeline to 2025-04-30 00:00:00+00:00, run_after=2025-05-01 00:00:00+00:00
[2025-04-30T01:44:09.492+0000] {processor.py:183} INFO - Processing /opt/airflow/dags/data_pipeline_dag.py took 1.019 seconds
[2025-04-30T01:44:39.717+0000] {processor.py:161} INFO - Started process (PID=274) to work on /opt/airflow/dags/data_pipeline_dag.py
[2025-04-30T01:44:39.720+0000] {processor.py:830} INFO - Processing file /opt/airflow/dags/data_pipeline_dag.py for tasks to queue
[2025-04-30T01:44:39.722+0000] {logging_mixin.py:188} INFO - [2025-04-30T01:44:39.721+0000] {dagbag.py:538} INFO - Filling up the DagBag from /opt/airflow/dags/data_pipeline_dag.py
[2025-04-30T01:44:40.488+0000] {processor.py:840} INFO - DAG(s) 'data_pipeline' retrieved from /opt/airflow/dags/data_pipeline_dag.py
[2025-04-30T01:44:40.534+0000] {logging_mixin.py:188} INFO - [2025-04-30T01:44:40.533+0000] {dag.py:3036} INFO - Sync 1 DAGs
[2025-04-30T01:44:40.573+0000] {logging_mixin.py:188} INFO - [2025-04-30T01:44:40.573+0000] {dag.py:3823} INFO - Setting next_dagrun for data_pipeline to 2025-04-30 00:00:00+00:00, run_after=2025-05-01 00:00:00+00:00
[2025-04-30T01:44:40.619+0000] {processor.py:183} INFO - Processing /opt/airflow/dags/data_pipeline_dag.py took 0.910 seconds
[2025-04-30T01:45:10.950+0000] {processor.py:161} INFO - Started process (PID=280) to work on /opt/airflow/dags/data_pipeline_dag.py
[2025-04-30T01:45:10.953+0000] {processor.py:830} INFO - Processing file /opt/airflow/dags/data_pipeline_dag.py for tasks to queue
[2025-04-30T01:45:10.956+0000] {logging_mixin.py:188} INFO - [2025-04-30T01:45:10.955+0000] {dagbag.py:538} INFO - Filling up the DagBag from /opt/airflow/dags/data_pipeline_dag.py
[2025-04-30T01:45:11.757+0000] {processor.py:840} INFO - DAG(s) 'data_pipeline' retrieved from /opt/airflow/dags/data_pipeline_dag.py
[2025-04-30T01:45:11.799+0000] {logging_mixin.py:188} INFO - [2025-04-30T01:45:11.798+0000] {dag.py:3036} INFO - Sync 1 DAGs
[2025-04-30T01:45:11.836+0000] {logging_mixin.py:188} INFO - [2025-04-30T01:45:11.835+0000] {dag.py:3823} INFO - Setting next_dagrun for data_pipeline to 2025-04-30 00:00:00+00:00, run_after=2025-05-01 00:00:00+00:00
[2025-04-30T01:45:11.861+0000] {processor.py:183} INFO - Processing /opt/airflow/dags/data_pipeline_dag.py took 0.921 seconds
[2025-04-30T01:45:42.173+0000] {processor.py:161} INFO - Started process (PID=286) to work on /opt/airflow/dags/data_pipeline_dag.py
[2025-04-30T01:45:42.176+0000] {processor.py:830} INFO - Processing file /opt/airflow/dags/data_pipeline_dag.py for tasks to queue
[2025-04-30T01:45:42.177+0000] {logging_mixin.py:188} INFO - [2025-04-30T01:45:42.177+0000] {dagbag.py:538} INFO - Filling up the DagBag from /opt/airflow/dags/data_pipeline_dag.py
[2025-04-30T01:45:42.971+0000] {processor.py:840} INFO - DAG(s) 'data_pipeline' retrieved from /opt/airflow/dags/data_pipeline_dag.py
[2025-04-30T01:45:43.010+0000] {logging_mixin.py:188} INFO - [2025-04-30T01:45:43.010+0000] {dag.py:3036} INFO - Sync 1 DAGs
[2025-04-30T01:45:43.044+0000] {logging_mixin.py:188} INFO - [2025-04-30T01:45:43.044+0000] {dag.py:3823} INFO - Setting next_dagrun for data_pipeline to 2025-04-30 00:00:00+00:00, run_after=2025-05-01 00:00:00+00:00
[2025-04-30T01:45:43.071+0000] {processor.py:183} INFO - Processing /opt/airflow/dags/data_pipeline_dag.py took 0.908 seconds
[2025-04-30T01:47:00.074+0000] {processor.py:161} INFO - Started process (PID=170) to work on /opt/airflow/dags/data_pipeline_dag.py
[2025-04-30T01:47:00.083+0000] {processor.py:830} INFO - Processing file /opt/airflow/dags/data_pipeline_dag.py for tasks to queue
[2025-04-30T01:47:00.104+0000] {logging_mixin.py:188} INFO - [2025-04-30T01:47:00.095+0000] {dagbag.py:538} INFO - Filling up the DagBag from /opt/airflow/dags/data_pipeline_dag.py
[2025-04-30T01:47:04.022+0000] {processor.py:840} INFO - DAG(s) 'data_pipeline' retrieved from /opt/airflow/dags/data_pipeline_dag.py
[2025-04-30T01:47:04.157+0000] {logging_mixin.py:188} INFO - [2025-04-30T01:47:04.156+0000] {dag.py:3036} INFO - Sync 1 DAGs
[2025-04-30T01:47:04.195+0000] {logging_mixin.py:188} INFO - [2025-04-30T01:47:04.195+0000] {dag.py:3823} INFO - Setting next_dagrun for data_pipeline to 2025-04-30 00:00:00+00:00, run_after=2025-05-01 00:00:00+00:00
[2025-04-30T01:47:04.231+0000] {processor.py:183} INFO - Processing /opt/airflow/dags/data_pipeline_dag.py took 4.180 seconds
[2025-04-30T01:47:34.543+0000] {processor.py:161} INFO - Started process (PID=176) to work on /opt/airflow/dags/data_pipeline_dag.py
[2025-04-30T01:47:34.545+0000] {processor.py:830} INFO - Processing file /opt/airflow/dags/data_pipeline_dag.py for tasks to queue
[2025-04-30T01:47:34.548+0000] {logging_mixin.py:188} INFO - [2025-04-30T01:47:34.546+0000] {dagbag.py:538} INFO - Filling up the DagBag from /opt/airflow/dags/data_pipeline_dag.py
[2025-04-30T01:47:35.504+0000] {processor.py:840} INFO - DAG(s) 'data_pipeline' retrieved from /opt/airflow/dags/data_pipeline_dag.py
[2025-04-30T01:47:35.554+0000] {logging_mixin.py:188} INFO - [2025-04-30T01:47:35.553+0000] {dag.py:3036} INFO - Sync 1 DAGs
[2025-04-30T01:47:35.596+0000] {logging_mixin.py:188} INFO - [2025-04-30T01:47:35.596+0000] {dag.py:3823} INFO - Setting next_dagrun for data_pipeline to 2025-04-30 00:00:00+00:00, run_after=2025-05-01 00:00:00+00:00
[2025-04-30T01:47:35.631+0000] {processor.py:183} INFO - Processing /opt/airflow/dags/data_pipeline_dag.py took 1.098 seconds
[2025-04-30T01:48:06.012+0000] {processor.py:161} INFO - Started process (PID=182) to work on /opt/airflow/dags/data_pipeline_dag.py
[2025-04-30T01:48:06.017+0000] {processor.py:830} INFO - Processing file /opt/airflow/dags/data_pipeline_dag.py for tasks to queue
[2025-04-30T01:48:06.020+0000] {logging_mixin.py:188} INFO - [2025-04-30T01:48:06.019+0000] {dagbag.py:538} INFO - Filling up the DagBag from /opt/airflow/dags/data_pipeline_dag.py
[2025-04-30T01:48:07.012+0000] {processor.py:840} INFO - DAG(s) 'data_pipeline' retrieved from /opt/airflow/dags/data_pipeline_dag.py
[2025-04-30T01:48:07.077+0000] {logging_mixin.py:188} INFO - [2025-04-30T01:48:07.076+0000] {dag.py:3036} INFO - Sync 1 DAGs
[2025-04-30T01:48:07.143+0000] {logging_mixin.py:188} INFO - [2025-04-30T01:48:07.142+0000] {dag.py:3823} INFO - Setting next_dagrun for data_pipeline to 2025-04-30 00:00:00+00:00, run_after=2025-05-01 00:00:00+00:00
[2025-04-30T01:48:07.176+0000] {processor.py:183} INFO - Processing /opt/airflow/dags/data_pipeline_dag.py took 1.179 seconds
[2025-04-30T01:48:37.416+0000] {processor.py:161} INFO - Started process (PID=194) to work on /opt/airflow/dags/data_pipeline_dag.py
[2025-04-30T01:48:37.419+0000] {processor.py:830} INFO - Processing file /opt/airflow/dags/data_pipeline_dag.py for tasks to queue
[2025-04-30T01:48:37.421+0000] {logging_mixin.py:188} INFO - [2025-04-30T01:48:37.420+0000] {dagbag.py:538} INFO - Filling up the DagBag from /opt/airflow/dags/data_pipeline_dag.py
[2025-04-30T01:48:38.519+0000] {processor.py:840} INFO - DAG(s) 'data_pipeline' retrieved from /opt/airflow/dags/data_pipeline_dag.py
[2025-04-30T01:48:38.604+0000] {logging_mixin.py:188} INFO - [2025-04-30T01:48:38.603+0000] {dag.py:3036} INFO - Sync 1 DAGs
[2025-04-30T01:48:38.653+0000] {logging_mixin.py:188} INFO - [2025-04-30T01:48:38.653+0000] {dag.py:3823} INFO - Setting next_dagrun for data_pipeline to 2025-04-30 00:00:00+00:00, run_after=2025-05-01 00:00:00+00:00
[2025-04-30T01:48:38.692+0000] {processor.py:183} INFO - Processing /opt/airflow/dags/data_pipeline_dag.py took 1.285 seconds
[2025-04-30T01:49:08.911+0000] {processor.py:161} INFO - Started process (PID=203) to work on /opt/airflow/dags/data_pipeline_dag.py
[2025-04-30T01:49:08.914+0000] {processor.py:830} INFO - Processing file /opt/airflow/dags/data_pipeline_dag.py for tasks to queue
[2025-04-30T01:49:08.916+0000] {logging_mixin.py:188} INFO - [2025-04-30T01:49:08.915+0000] {dagbag.py:538} INFO - Filling up the DagBag from /opt/airflow/dags/data_pipeline_dag.py
[2025-04-30T01:49:11.061+0000] {processor.py:840} INFO - DAG(s) 'data_pipeline' retrieved from /opt/airflow/dags/data_pipeline_dag.py
[2025-04-30T01:49:11.178+0000] {logging_mixin.py:188} INFO - [2025-04-30T01:49:11.177+0000] {dag.py:3036} INFO - Sync 1 DAGs
[2025-04-30T01:49:11.287+0000] {logging_mixin.py:188} INFO - [2025-04-30T01:49:11.287+0000] {dag.py:3823} INFO - Setting next_dagrun for data_pipeline to 2025-04-30 00:00:00+00:00, run_after=2025-05-01 00:00:00+00:00
[2025-04-30T01:49:11.418+0000] {processor.py:183} INFO - Processing /opt/airflow/dags/data_pipeline_dag.py took 2.516 seconds
[2025-04-30T01:49:41.807+0000] {processor.py:161} INFO - Started process (PID=209) to work on /opt/airflow/dags/data_pipeline_dag.py
[2025-04-30T01:49:41.811+0000] {processor.py:830} INFO - Processing file /opt/airflow/dags/data_pipeline_dag.py for tasks to queue
[2025-04-30T01:49:41.813+0000] {logging_mixin.py:188} INFO - [2025-04-30T01:49:41.812+0000] {dagbag.py:538} INFO - Filling up the DagBag from /opt/airflow/dags/data_pipeline_dag.py
[2025-04-30T01:49:42.742+0000] {processor.py:840} INFO - DAG(s) 'data_pipeline' retrieved from /opt/airflow/dags/data_pipeline_dag.py
[2025-04-30T01:49:42.793+0000] {logging_mixin.py:188} INFO - [2025-04-30T01:49:42.792+0000] {dag.py:3036} INFO - Sync 1 DAGs
[2025-04-30T01:49:42.836+0000] {logging_mixin.py:188} INFO - [2025-04-30T01:49:42.835+0000] {dag.py:3823} INFO - Setting next_dagrun for data_pipeline to 2025-04-30 00:00:00+00:00, run_after=2025-05-01 00:00:00+00:00
[2025-04-30T01:49:42.882+0000] {processor.py:183} INFO - Processing /opt/airflow/dags/data_pipeline_dag.py took 1.089 seconds
[2025-04-30T01:50:13.064+0000] {processor.py:161} INFO - Started process (PID=215) to work on /opt/airflow/dags/data_pipeline_dag.py
[2025-04-30T01:50:13.068+0000] {processor.py:830} INFO - Processing file /opt/airflow/dags/data_pipeline_dag.py for tasks to queue
[2025-04-30T01:50:13.069+0000] {logging_mixin.py:188} INFO - [2025-04-30T01:50:13.069+0000] {dagbag.py:538} INFO - Filling up the DagBag from /opt/airflow/dags/data_pipeline_dag.py
[2025-04-30T01:50:13.956+0000] {processor.py:840} INFO - DAG(s) 'data_pipeline' retrieved from /opt/airflow/dags/data_pipeline_dag.py
[2025-04-30T01:50:14.016+0000] {logging_mixin.py:188} INFO - [2025-04-30T01:50:14.015+0000] {dag.py:3036} INFO - Sync 1 DAGs
[2025-04-30T01:50:14.058+0000] {logging_mixin.py:188} INFO - [2025-04-30T01:50:14.057+0000] {dag.py:3823} INFO - Setting next_dagrun for data_pipeline to 2025-04-30 00:00:00+00:00, run_after=2025-05-01 00:00:00+00:00
[2025-04-30T01:50:14.100+0000] {processor.py:183} INFO - Processing /opt/airflow/dags/data_pipeline_dag.py took 1.044 seconds
[2025-04-30T01:50:44.298+0000] {processor.py:161} INFO - Started process (PID=221) to work on /opt/airflow/dags/data_pipeline_dag.py
[2025-04-30T01:50:44.301+0000] {processor.py:830} INFO - Processing file /opt/airflow/dags/data_pipeline_dag.py for tasks to queue
[2025-04-30T01:50:44.302+0000] {logging_mixin.py:188} INFO - [2025-04-30T01:50:44.302+0000] {dagbag.py:538} INFO - Filling up the DagBag from /opt/airflow/dags/data_pipeline_dag.py
[2025-04-30T01:50:45.200+0000] {processor.py:840} INFO - DAG(s) 'data_pipeline' retrieved from /opt/airflow/dags/data_pipeline_dag.py
[2025-04-30T01:50:45.260+0000] {logging_mixin.py:188} INFO - [2025-04-30T01:50:45.258+0000] {dag.py:3036} INFO - Sync 1 DAGs
[2025-04-30T01:50:45.304+0000] {logging_mixin.py:188} INFO - [2025-04-30T01:50:45.303+0000] {dag.py:3823} INFO - Setting next_dagrun for data_pipeline to 2025-04-30 00:00:00+00:00, run_after=2025-05-01 00:00:00+00:00
[2025-04-30T01:50:45.345+0000] {processor.py:183} INFO - Processing /opt/airflow/dags/data_pipeline_dag.py took 1.056 seconds
[2025-04-30T01:51:15.619+0000] {processor.py:161} INFO - Started process (PID=227) to work on /opt/airflow/dags/data_pipeline_dag.py
[2025-04-30T01:51:15.621+0000] {processor.py:830} INFO - Processing file /opt/airflow/dags/data_pipeline_dag.py for tasks to queue
[2025-04-30T01:51:15.623+0000] {logging_mixin.py:188} INFO - [2025-04-30T01:51:15.622+0000] {dagbag.py:538} INFO - Filling up the DagBag from /opt/airflow/dags/data_pipeline_dag.py
[2025-04-30T01:51:16.479+0000] {processor.py:840} INFO - DAG(s) 'data_pipeline' retrieved from /opt/airflow/dags/data_pipeline_dag.py
[2025-04-30T01:51:16.529+0000] {logging_mixin.py:188} INFO - [2025-04-30T01:51:16.529+0000] {dag.py:3036} INFO - Sync 1 DAGs
[2025-04-30T01:51:16.568+0000] {logging_mixin.py:188} INFO - [2025-04-30T01:51:16.567+0000] {dag.py:3823} INFO - Setting next_dagrun for data_pipeline to 2025-04-30 00:00:00+00:00, run_after=2025-05-01 00:00:00+00:00
[2025-04-30T01:51:16.603+0000] {processor.py:183} INFO - Processing /opt/airflow/dags/data_pipeline_dag.py took 0.992 seconds
[2025-04-30T01:51:46.870+0000] {processor.py:161} INFO - Started process (PID=233) to work on /opt/airflow/dags/data_pipeline_dag.py
[2025-04-30T01:51:46.873+0000] {processor.py:830} INFO - Processing file /opt/airflow/dags/data_pipeline_dag.py for tasks to queue
[2025-04-30T01:51:46.874+0000] {logging_mixin.py:188} INFO - [2025-04-30T01:51:46.874+0000] {dagbag.py:538} INFO - Filling up the DagBag from /opt/airflow/dags/data_pipeline_dag.py
[2025-04-30T01:51:47.751+0000] {processor.py:840} INFO - DAG(s) 'data_pipeline' retrieved from /opt/airflow/dags/data_pipeline_dag.py
[2025-04-30T01:51:47.822+0000] {logging_mixin.py:188} INFO - [2025-04-30T01:51:47.821+0000] {dag.py:3036} INFO - Sync 1 DAGs
[2025-04-30T01:51:47.869+0000] {logging_mixin.py:188} INFO - [2025-04-30T01:51:47.868+0000] {dag.py:3823} INFO - Setting next_dagrun for data_pipeline to 2025-04-30 00:00:00+00:00, run_after=2025-05-01 00:00:00+00:00
[2025-04-30T01:51:47.913+0000] {processor.py:183} INFO - Processing /opt/airflow/dags/data_pipeline_dag.py took 1.051 seconds
[2025-04-30T01:52:18.116+0000] {processor.py:161} INFO - Started process (PID=239) to work on /opt/airflow/dags/data_pipeline_dag.py
[2025-04-30T01:52:18.118+0000] {processor.py:830} INFO - Processing file /opt/airflow/dags/data_pipeline_dag.py for tasks to queue
[2025-04-30T01:52:18.120+0000] {logging_mixin.py:188} INFO - [2025-04-30T01:52:18.119+0000] {dagbag.py:538} INFO - Filling up the DagBag from /opt/airflow/dags/data_pipeline_dag.py
[2025-04-30T01:52:18.990+0000] {processor.py:840} INFO - DAG(s) 'data_pipeline' retrieved from /opt/airflow/dags/data_pipeline_dag.py
[2025-04-30T01:52:19.035+0000] {logging_mixin.py:188} INFO - [2025-04-30T01:52:19.034+0000] {dag.py:3036} INFO - Sync 1 DAGs
[2025-04-30T01:52:19.075+0000] {logging_mixin.py:188} INFO - [2025-04-30T01:52:19.074+0000] {dag.py:3823} INFO - Setting next_dagrun for data_pipeline to 2025-04-30 00:00:00+00:00, run_after=2025-05-01 00:00:00+00:00
[2025-04-30T01:52:19.113+0000] {processor.py:183} INFO - Processing /opt/airflow/dags/data_pipeline_dag.py took 1.005 seconds
[2025-04-30T01:52:49.423+0000] {processor.py:161} INFO - Started process (PID=245) to work on /opt/airflow/dags/data_pipeline_dag.py
[2025-04-30T01:52:49.426+0000] {processor.py:830} INFO - Processing file /opt/airflow/dags/data_pipeline_dag.py for tasks to queue
[2025-04-30T01:52:49.429+0000] {logging_mixin.py:188} INFO - [2025-04-30T01:52:49.428+0000] {dagbag.py:538} INFO - Filling up the DagBag from /opt/airflow/dags/data_pipeline_dag.py
[2025-04-30T01:52:50.194+0000] {processor.py:840} INFO - DAG(s) 'data_pipeline' retrieved from /opt/airflow/dags/data_pipeline_dag.py
[2025-04-30T01:52:50.234+0000] {logging_mixin.py:188} INFO - [2025-04-30T01:52:50.233+0000] {dag.py:3036} INFO - Sync 1 DAGs
[2025-04-30T01:52:50.269+0000] {logging_mixin.py:188} INFO - [2025-04-30T01:52:50.268+0000] {dag.py:3823} INFO - Setting next_dagrun for data_pipeline to 2025-04-30 00:00:00+00:00, run_after=2025-05-01 00:00:00+00:00
[2025-04-30T01:52:50.302+0000] {processor.py:183} INFO - Processing /opt/airflow/dags/data_pipeline_dag.py took 0.887 seconds
[2025-04-30T01:53:20.580+0000] {processor.py:161} INFO - Started process (PID=251) to work on /opt/airflow/dags/data_pipeline_dag.py
[2025-04-30T01:53:20.582+0000] {processor.py:830} INFO - Processing file /opt/airflow/dags/data_pipeline_dag.py for tasks to queue
[2025-04-30T01:53:20.584+0000] {logging_mixin.py:188} INFO - [2025-04-30T01:53:20.584+0000] {dagbag.py:538} INFO - Filling up the DagBag from /opt/airflow/dags/data_pipeline_dag.py
[2025-04-30T01:53:21.354+0000] {processor.py:840} INFO - DAG(s) 'data_pipeline' retrieved from /opt/airflow/dags/data_pipeline_dag.py
[2025-04-30T01:53:21.399+0000] {logging_mixin.py:188} INFO - [2025-04-30T01:53:21.399+0000] {dag.py:3036} INFO - Sync 1 DAGs
[2025-04-30T01:53:21.433+0000] {logging_mixin.py:188} INFO - [2025-04-30T01:53:21.433+0000] {dag.py:3823} INFO - Setting next_dagrun for data_pipeline to 2025-04-30 00:00:00+00:00, run_after=2025-05-01 00:00:00+00:00
[2025-04-30T01:53:21.460+0000] {processor.py:183} INFO - Processing /opt/airflow/dags/data_pipeline_dag.py took 0.889 seconds
[2025-04-30T01:53:51.772+0000] {processor.py:161} INFO - Started process (PID=257) to work on /opt/airflow/dags/data_pipeline_dag.py
[2025-04-30T01:53:51.775+0000] {processor.py:830} INFO - Processing file /opt/airflow/dags/data_pipeline_dag.py for tasks to queue
[2025-04-30T01:53:51.777+0000] {logging_mixin.py:188} INFO - [2025-04-30T01:53:51.776+0000] {dagbag.py:538} INFO - Filling up the DagBag from /opt/airflow/dags/data_pipeline_dag.py
[2025-04-30T01:53:52.567+0000] {processor.py:840} INFO - DAG(s) 'data_pipeline' retrieved from /opt/airflow/dags/data_pipeline_dag.py
[2025-04-30T01:53:52.616+0000] {logging_mixin.py:188} INFO - [2025-04-30T01:53:52.616+0000] {dag.py:3036} INFO - Sync 1 DAGs
[2025-04-30T01:53:52.654+0000] {logging_mixin.py:188} INFO - [2025-04-30T01:53:52.653+0000] {dag.py:3823} INFO - Setting next_dagrun for data_pipeline to 2025-04-30 00:00:00+00:00, run_after=2025-05-01 00:00:00+00:00
[2025-04-30T01:53:52.681+0000] {processor.py:183} INFO - Processing /opt/airflow/dags/data_pipeline_dag.py took 0.917 seconds
[2025-04-30T01:54:22.944+0000] {processor.py:161} INFO - Started process (PID=263) to work on /opt/airflow/dags/data_pipeline_dag.py
[2025-04-30T01:54:22.946+0000] {processor.py:830} INFO - Processing file /opt/airflow/dags/data_pipeline_dag.py for tasks to queue
[2025-04-30T01:54:22.948+0000] {logging_mixin.py:188} INFO - [2025-04-30T01:54:22.947+0000] {dagbag.py:538} INFO - Filling up the DagBag from /opt/airflow/dags/data_pipeline_dag.py
[2025-04-30T01:54:23.711+0000] {processor.py:840} INFO - DAG(s) 'data_pipeline' retrieved from /opt/airflow/dags/data_pipeline_dag.py
[2025-04-30T01:54:23.751+0000] {logging_mixin.py:188} INFO - [2025-04-30T01:54:23.750+0000] {dag.py:3036} INFO - Sync 1 DAGs
[2025-04-30T01:54:23.784+0000] {logging_mixin.py:188} INFO - [2025-04-30T01:54:23.783+0000] {dag.py:3823} INFO - Setting next_dagrun for data_pipeline to 2025-04-30 00:00:00+00:00, run_after=2025-05-01 00:00:00+00:00
[2025-04-30T01:54:23.809+0000] {processor.py:183} INFO - Processing /opt/airflow/dags/data_pipeline_dag.py took 0.873 seconds
[2025-04-30T01:54:54.129+0000] {processor.py:161} INFO - Started process (PID=269) to work on /opt/airflow/dags/data_pipeline_dag.py
[2025-04-30T01:54:54.132+0000] {processor.py:830} INFO - Processing file /opt/airflow/dags/data_pipeline_dag.py for tasks to queue
[2025-04-30T01:54:54.133+0000] {logging_mixin.py:188} INFO - [2025-04-30T01:54:54.133+0000] {dagbag.py:538} INFO - Filling up the DagBag from /opt/airflow/dags/data_pipeline_dag.py
[2025-04-30T01:54:54.965+0000] {processor.py:840} INFO - DAG(s) 'data_pipeline' retrieved from /opt/airflow/dags/data_pipeline_dag.py
[2025-04-30T01:54:55.003+0000] {logging_mixin.py:188} INFO - [2025-04-30T01:54:55.002+0000] {dag.py:3036} INFO - Sync 1 DAGs
[2025-04-30T01:54:55.035+0000] {logging_mixin.py:188} INFO - [2025-04-30T01:54:55.035+0000] {dag.py:3823} INFO - Setting next_dagrun for data_pipeline to 2025-04-30 00:00:00+00:00, run_after=2025-05-01 00:00:00+00:00
[2025-04-30T01:54:55.059+0000] {processor.py:183} INFO - Processing /opt/airflow/dags/data_pipeline_dag.py took 0.941 seconds
[2025-04-30T01:55:25.361+0000] {processor.py:161} INFO - Started process (PID=275) to work on /opt/airflow/dags/data_pipeline_dag.py
[2025-04-30T01:55:25.363+0000] {processor.py:830} INFO - Processing file /opt/airflow/dags/data_pipeline_dag.py for tasks to queue
[2025-04-30T01:55:25.365+0000] {logging_mixin.py:188} INFO - [2025-04-30T01:55:25.364+0000] {dagbag.py:538} INFO - Filling up the DagBag from /opt/airflow/dags/data_pipeline_dag.py
[2025-04-30T01:55:26.179+0000] {processor.py:840} INFO - DAG(s) 'data_pipeline' retrieved from /opt/airflow/dags/data_pipeline_dag.py
[2025-04-30T01:55:26.224+0000] {logging_mixin.py:188} INFO - [2025-04-30T01:55:26.223+0000] {dag.py:3036} INFO - Sync 1 DAGs
[2025-04-30T01:55:26.258+0000] {logging_mixin.py:188} INFO - [2025-04-30T01:55:26.257+0000] {dag.py:3823} INFO - Setting next_dagrun for data_pipeline to 2025-04-30 00:00:00+00:00, run_after=2025-05-01 00:00:00+00:00
[2025-04-30T01:55:26.285+0000] {processor.py:183} INFO - Processing /opt/airflow/dags/data_pipeline_dag.py took 0.932 seconds
[2025-04-30T01:55:56.599+0000] {processor.py:161} INFO - Started process (PID=281) to work on /opt/airflow/dags/data_pipeline_dag.py
[2025-04-30T01:55:56.602+0000] {processor.py:830} INFO - Processing file /opt/airflow/dags/data_pipeline_dag.py for tasks to queue
[2025-04-30T01:55:56.604+0000] {logging_mixin.py:188} INFO - [2025-04-30T01:55:56.603+0000] {dagbag.py:538} INFO - Filling up the DagBag from /opt/airflow/dags/data_pipeline_dag.py
[2025-04-30T01:55:57.410+0000] {processor.py:840} INFO - DAG(s) 'data_pipeline' retrieved from /opt/airflow/dags/data_pipeline_dag.py
[2025-04-30T01:55:57.472+0000] {logging_mixin.py:188} INFO - [2025-04-30T01:55:57.472+0000] {dag.py:3036} INFO - Sync 1 DAGs
[2025-04-30T01:55:57.511+0000] {logging_mixin.py:188} INFO - [2025-04-30T01:55:57.510+0000] {dag.py:3823} INFO - Setting next_dagrun for data_pipeline to 2025-04-30 00:00:00+00:00, run_after=2025-05-01 00:00:00+00:00
[2025-04-30T01:55:57.543+0000] {processor.py:183} INFO - Processing /opt/airflow/dags/data_pipeline_dag.py took 0.953 seconds
[2025-04-30T01:56:27.826+0000] {processor.py:161} INFO - Started process (PID=287) to work on /opt/airflow/dags/data_pipeline_dag.py
[2025-04-30T01:56:27.828+0000] {processor.py:830} INFO - Processing file /opt/airflow/dags/data_pipeline_dag.py for tasks to queue
[2025-04-30T01:56:27.830+0000] {logging_mixin.py:188} INFO - [2025-04-30T01:56:27.829+0000] {dagbag.py:538} INFO - Filling up the DagBag from /opt/airflow/dags/data_pipeline_dag.py
[2025-04-30T01:56:28.617+0000] {processor.py:840} INFO - DAG(s) 'data_pipeline' retrieved from /opt/airflow/dags/data_pipeline_dag.py
[2025-04-30T01:56:28.674+0000] {logging_mixin.py:188} INFO - [2025-04-30T01:56:28.673+0000] {dag.py:3036} INFO - Sync 1 DAGs
[2025-04-30T01:56:28.727+0000] {logging_mixin.py:188} INFO - [2025-04-30T01:56:28.727+0000] {dag.py:3823} INFO - Setting next_dagrun for data_pipeline to 2025-04-30 00:00:00+00:00, run_after=2025-05-01 00:00:00+00:00
[2025-04-30T01:56:28.761+0000] {processor.py:183} INFO - Processing /opt/airflow/dags/data_pipeline_dag.py took 0.942 seconds
[2025-04-30T01:56:59.032+0000] {processor.py:161} INFO - Started process (PID=293) to work on /opt/airflow/dags/data_pipeline_dag.py
[2025-04-30T01:56:59.034+0000] {processor.py:830} INFO - Processing file /opt/airflow/dags/data_pipeline_dag.py for tasks to queue
[2025-04-30T01:56:59.035+0000] {logging_mixin.py:188} INFO - [2025-04-30T01:56:59.035+0000] {dagbag.py:538} INFO - Filling up the DagBag from /opt/airflow/dags/data_pipeline_dag.py
[2025-04-30T01:56:59.813+0000] {processor.py:840} INFO - DAG(s) 'data_pipeline' retrieved from /opt/airflow/dags/data_pipeline_dag.py
[2025-04-30T01:56:59.858+0000] {logging_mixin.py:188} INFO - [2025-04-30T01:56:59.857+0000] {dag.py:3036} INFO - Sync 1 DAGs
[2025-04-30T01:56:59.890+0000] {logging_mixin.py:188} INFO - [2025-04-30T01:56:59.890+0000] {dag.py:3823} INFO - Setting next_dagrun for data_pipeline to 2025-04-30 00:00:00+00:00, run_after=2025-05-01 00:00:00+00:00
[2025-04-30T01:56:59.924+0000] {processor.py:183} INFO - Processing /opt/airflow/dags/data_pipeline_dag.py took 0.898 seconds
