[2025-05-01T15:08:52.935+0000] {taskinstance.py:1956} INFO - Dependencies all met for dep_context=non-requeueable deps ti=<TaskInstance: training_and_selection.train_random_forest manual__2025-05-01T15:08:47.358195+00:00 [queued]>
[2025-05-01T15:08:52.973+0000] {taskinstance.py:1956} INFO - Dependencies all met for dep_context=requeueable deps ti=<TaskInstance: training_and_selection.train_random_forest manual__2025-05-01T15:08:47.358195+00:00 [queued]>
[2025-05-01T15:08:52.976+0000] {taskinstance.py:2170} INFO - Starting attempt 1 of 2
[2025-05-01T15:08:53.560+0000] {taskinstance.py:2191} INFO - Executing <Task(PythonOperator): train_random_forest> on 2025-05-01 15:08:47.358195+00:00
[2025-05-01T15:08:53.634+0000] {standard_task_runner.py:60} INFO - Started process 214 to run task
[2025-05-01T15:08:53.677+0000] {standard_task_runner.py:87} INFO - Running: ['***', 'tasks', 'run', 'training_and_selection', 'train_random_forest', 'manual__2025-05-01T15:08:47.358195+00:00', '--job-id', '64', '--raw', '--subdir', 'DAGS_FOLDER/training_pipeline_dag.py', '--cfg-path', '/tmp/tmpkq9z985k']
[2025-05-01T15:08:53.682+0000] {standard_task_runner.py:88} INFO - Job 64: Subtask train_random_forest
[2025-05-01T15:08:53.785+0000] {logging_mixin.py:188} WARNING - /home/***/.local/lib/python3.8/site-packages/***/settings.py:194 DeprecationWarning: The sql_alchemy_conn option in [core] has been moved to the sql_alchemy_conn option in [database] - the old setting has been used, but please update your config.
[2025-05-01T15:08:54.027+0000] {task_command.py:423} INFO - Running <TaskInstance: training_and_selection.train_random_forest manual__2025-05-01T15:08:47.358195+00:00 [running]> on host 849bde449502
[2025-05-01T15:08:54.393+0000] {taskinstance.py:2480} INFO - Exporting env vars: AIRFLOW_CTX_DAG_OWNER='***' AIRFLOW_CTX_DAG_ID='training_and_selection' AIRFLOW_CTX_TASK_ID='train_random_forest' AIRFLOW_CTX_EXECUTION_DATE='2025-05-01T15:08:47.358195+00:00' AIRFLOW_CTX_TRY_NUMBER='1' AIRFLOW_CTX_DAG_RUN_ID='manual__2025-05-01T15:08:47.358195+00:00'
[2025-05-01T15:08:54.410+0000] {crypto.py:82} WARNING - empty cryptography key - values will not be stored encrypted.
[2025-05-01T15:08:54.411+0000] {base.py:83} INFO - Using connection ID 'postgres_default' for task execution.
[2025-05-01T15:08:57.662+0000] {logging_mixin.py:188} WARNING - 2025/05/01 15:08:57 WARNING mlflow.utils.git_utils: Failed to import Git (the Git executable is probably not on your PATH), so Git SHA is not available. Error: Failed to initialize: Bad git executable.
The git executable must be specified in one of the following ways:
    - be included in your $PATH
    - be set via $GIT_PYTHON_GIT_EXECUTABLE
    - explicitly set via git.refresh(<full-path-to-git-executable>)

All git commands will error until this is rectified.

This initial message can be silenced or aggravated in the future by setting the
$GIT_PYTHON_REFRESH environment variable. Use one of the following values:
    - quiet|q|silence|s|silent|none|n|0: for no message or exception
    - warn|w|warning|log|l|1: for a warning message (logging level CRITICAL, displayed by default)
    - error|e|exception|raise|r|2: for a raised exception

Example:
    export GIT_PYTHON_REFRESH=quiet
[2025-05-01T15:09:43.647+0000] {logging_mixin.py:188} WARNING - 2025/05/01 15:09:43 WARNING mlflow.models.model: Model logged without a signature and input example. Please set `input_example` parameter when logging the model to auto infer the model signature.
[2025-05-01T15:09:44.605+0000] {credentials.py:1147} INFO - Found credentials in environment variables.
[2025-05-01T15:09:56.584+0000] {logging_mixin.py:188} WARNING - Successfully registered model 'diabetes_model'.
[2025-05-01T15:09:56.638+0000] {logging_mixin.py:188} WARNING - 2025/05/01 15:09:56 INFO mlflow.store.model_registry.abstract_store: Waiting up to 300 seconds for model version to finish creation. Model name: diabetes_model, version 1
[2025-05-01T15:09:56.638+0000] {logging_mixin.py:188} WARNING - Created version '1' of model 'diabetes_model'.
[2025-05-01T15:09:56.840+0000] {logging_mixin.py:188} WARNING - 2025/05/01 15:09:56 INFO mlflow.tracking._tracking_service.client: 🏃 View run RandomForest at: http://mlflow:5000/#/experiments/225220923780667378/runs/a6c20e9381ed4619bbc0bf0f868a286b.
[2025-05-01T15:09:56.841+0000] {logging_mixin.py:188} WARNING - 2025/05/01 15:09:56 INFO mlflow.tracking._tracking_service.client: 🧪 View experiment at: http://mlflow:5000/#/experiments/225220923780667378.
[2025-05-01T15:09:56.864+0000] {python.py:201} INFO - Done. Returned value was: None
[2025-05-01T15:09:56.887+0000] {taskinstance.py:1138} INFO - Marking task as SUCCESS. dag_id=training_and_selection, task_id=train_random_forest, execution_date=20250501T150847, start_date=20250501T150852, end_date=20250501T150956
[2025-05-01T15:09:57.105+0000] {local_task_job_runner.py:234} INFO - Task exited with return code 0
[2025-05-01T15:09:57.187+0000] {taskinstance.py:3280} INFO - 1 downstream tasks scheduled from follow-on schedule check
