[2025-05-01T14:32:13.155+0000] {taskinstance.py:1956} INFO - Dependencies all met for dep_context=non-requeueable deps ti=<TaskInstance: training_and_selection.select_and_promote manual__2025-05-01T14:30:53.167941+00:00 [queued]>
[2025-05-01T14:32:13.178+0000] {taskinstance.py:1956} INFO - Dependencies all met for dep_context=requeueable deps ti=<TaskInstance: training_and_selection.select_and_promote manual__2025-05-01T14:30:53.167941+00:00 [queued]>
[2025-05-01T14:32:13.179+0000] {taskinstance.py:2170} INFO - Starting attempt 1 of 2
[2025-05-01T14:32:13.200+0000] {taskinstance.py:2191} INFO - Executing <Task(PythonOperator): select_and_promote> on 2025-05-01 14:30:53.167941+00:00
[2025-05-01T14:32:13.243+0000] {standard_task_runner.py:60} INFO - Started process 310 to run task
[2025-05-01T14:32:13.272+0000] {standard_task_runner.py:87} INFO - Running: ['***', 'tasks', 'run', 'training_and_selection', 'select_and_promote', 'manual__2025-05-01T14:30:53.167941+00:00', '--job-id', '56', '--raw', '--subdir', 'DAGS_FOLDER/training_pipeline_dag.py', '--cfg-path', '/tmp/tmp12tyjqtc']
[2025-05-01T14:32:13.289+0000] {standard_task_runner.py:88} INFO - Job 56: Subtask select_and_promote
[2025-05-01T14:32:13.366+0000] {logging_mixin.py:188} WARNING - /home/***/.local/lib/python3.8/site-packages/***/settings.py:194 DeprecationWarning: The sql_alchemy_conn option in [core] has been moved to the sql_alchemy_conn option in [database] - the old setting has been used, but please update your config.
[2025-05-01T14:32:13.932+0000] {task_command.py:423} INFO - Running <TaskInstance: training_and_selection.select_and_promote manual__2025-05-01T14:30:53.167941+00:00 [running]> on host f4e64b717c7c
[2025-05-01T14:32:14.142+0000] {taskinstance.py:2480} INFO - Exporting env vars: AIRFLOW_CTX_DAG_OWNER='***' AIRFLOW_CTX_DAG_ID='training_and_selection' AIRFLOW_CTX_TASK_ID='select_and_promote' AIRFLOW_CTX_EXECUTION_DATE='2025-05-01T14:30:53.167941+00:00' AIRFLOW_CTX_TRY_NUMBER='1' AIRFLOW_CTX_DAG_RUN_ID='manual__2025-05-01T14:30:53.167941+00:00'
[2025-05-01T14:32:14.195+0000] {logging_mixin.py:188} WARNING - /opt/***/dags/training_pipeline_dag.py:82 FutureWarning: ``mlflow.tracking.client.MlflowClient.get_latest_versions`` is deprecated since 2.9.0. Model registry stages will be removed in a future major release. To learn more about the deprecation of model registry stages, see our migration guide here: https://mlflow.org/docs/latest/model-registry.html#migrating-from-stages
[2025-05-01T14:32:14.238+0000] {taskinstance.py:2698} ERROR - Task failed with exception
Traceback (most recent call last):
  File "/home/airflow/.local/lib/python3.8/site-packages/airflow/models/taskinstance.py", line 433, in _execute_task
    result = execute_callable(context=context, **execute_callable_kwargs)
  File "/home/airflow/.local/lib/python3.8/site-packages/airflow/operators/python.py", line 199, in execute
    return_value = self.execute_callable()
  File "/home/airflow/.local/lib/python3.8/site-packages/airflow/operators/python.py", line 216, in execute_callable
    return self.python_callable(*self.op_args, **self.op_kwargs)
  File "/opt/airflow/dags/training_pipeline_dag.py", line 92, in select_and_promote
    raise ValueError(f"No se encontró versión registrada para el run {best_run_id}")
ValueError: No se encontró versión registrada para el run fde2775d8c5945f2993ce32bff211d66
[2025-05-01T14:32:14.285+0000] {taskinstance.py:1138} INFO - Marking task as UP_FOR_RETRY. dag_id=training_and_selection, task_id=select_and_promote, execution_date=20250501T143053, start_date=20250501T143213, end_date=20250501T143214
[2025-05-01T14:32:14.307+0000] {standard_task_runner.py:107} ERROR - Failed to execute job 56 for task select_and_promote (No se encontró versión registrada para el run fde2775d8c5945f2993ce32bff211d66; 310)
[2025-05-01T14:32:14.384+0000] {local_task_job_runner.py:234} INFO - Task exited with return code 1
[2025-05-01T14:32:14.419+0000] {taskinstance.py:3280} INFO - 0 downstream tasks scheduled from follow-on schedule check
