[2025-05-01T14:19:32.314+0000] {taskinstance.py:1956} INFO - Dependencies all met for dep_context=non-requeueable deps ti=<TaskInstance: training_and_selection.select_and_promote manual__2025-05-01T14:17:58.221362+00:00 [queued]>
[2025-05-01T14:19:32.370+0000] {taskinstance.py:1956} INFO - Dependencies all met for dep_context=requeueable deps ti=<TaskInstance: training_and_selection.select_and_promote manual__2025-05-01T14:17:58.221362+00:00 [queued]>
[2025-05-01T14:19:32.371+0000] {taskinstance.py:2170} INFO - Starting attempt 1 of 2
[2025-05-01T14:19:32.420+0000] {taskinstance.py:2191} INFO - Executing <Task(PythonOperator): select_and_promote> on 2025-05-01 14:17:58.221362+00:00
[2025-05-01T14:19:32.470+0000] {standard_task_runner.py:60} INFO - Started process 323 to run task
[2025-05-01T14:19:32.490+0000] {standard_task_runner.py:87} INFO - Running: ['***', 'tasks', 'run', 'training_and_selection', 'select_and_promote', 'manual__2025-05-01T14:17:58.221362+00:00', '--job-id', '48', '--raw', '--subdir', 'DAGS_FOLDER/training_pipeline_dag.py', '--cfg-path', '/tmp/tmp_3kpbpta']
[2025-05-01T14:19:32.496+0000] {standard_task_runner.py:88} INFO - Job 48: Subtask select_and_promote
[2025-05-01T14:19:32.565+0000] {logging_mixin.py:188} WARNING - /home/***/.local/lib/python3.8/site-packages/***/settings.py:194 DeprecationWarning: The sql_alchemy_conn option in [core] has been moved to the sql_alchemy_conn option in [database] - the old setting has been used, but please update your config.
[2025-05-01T14:19:33.569+0000] {task_command.py:423} INFO - Running <TaskInstance: training_and_selection.select_and_promote manual__2025-05-01T14:17:58.221362+00:00 [running]> on host f4e64b717c7c
[2025-05-01T14:19:33.810+0000] {taskinstance.py:2480} INFO - Exporting env vars: AIRFLOW_CTX_DAG_OWNER='***' AIRFLOW_CTX_DAG_ID='training_and_selection' AIRFLOW_CTX_TASK_ID='select_and_promote' AIRFLOW_CTX_EXECUTION_DATE='2025-05-01T14:17:58.221362+00:00' AIRFLOW_CTX_TRY_NUMBER='1' AIRFLOW_CTX_DAG_RUN_ID='manual__2025-05-01T14:17:58.221362+00:00'
[2025-05-01T14:19:33.874+0000] {logging_mixin.py:188} WARNING - /opt/***/dags/training_pipeline_dag.py:74 FutureWarning: ``mlflow.tracking.client.MlflowClient.get_latest_versions`` is deprecated since 2.9.0. Model registry stages will be removed in a future major release. To learn more about the deprecation of model registry stages, see our migration guide here: https://mlflow.org/docs/latest/model-registry.html#migrating-from-stages
[2025-05-01T14:19:33.924+0000] {taskinstance.py:2698} ERROR - Task failed with exception
Traceback (most recent call last):
  File "/home/airflow/.local/lib/python3.8/site-packages/airflow/models/taskinstance.py", line 433, in _execute_task
    result = execute_callable(context=context, **execute_callable_kwargs)
  File "/home/airflow/.local/lib/python3.8/site-packages/airflow/operators/python.py", line 199, in execute
    return_value = self.execute_callable()
  File "/home/airflow/.local/lib/python3.8/site-packages/airflow/operators/python.py", line 216, in execute_callable
    return self.python_callable(*self.op_args, **self.op_kwargs)
  File "/opt/airflow/dags/training_pipeline_dag.py", line 89, in select_and_promote
    version=best_version,
UnboundLocalError: local variable 'best_version' referenced before assignment
[2025-05-01T14:19:33.961+0000] {taskinstance.py:1138} INFO - Marking task as UP_FOR_RETRY. dag_id=training_and_selection, task_id=select_and_promote, execution_date=20250501T141758, start_date=20250501T141932, end_date=20250501T141933
[2025-05-01T14:19:34.007+0000] {standard_task_runner.py:107} ERROR - Failed to execute job 48 for task select_and_promote (local variable 'best_version' referenced before assignment; 323)
[2025-05-01T14:19:34.084+0000] {local_task_job_runner.py:234} INFO - Task exited with return code 1
[2025-05-01T14:19:34.144+0000] {taskinstance.py:3280} INFO - 0 downstream tasks scheduled from follow-on schedule check
